20:35:18.479 Info: 连接: COM1-115200-8-Parity.None-StopsBits.One
20:35:18.621 Info: **W=>: C9 CC 05 00 65 
20:35:27.640 Info: 断开连接*****************
20:35:38.269 Info: 连接: COM1-115200-8-Parity.None-StopsBits.One
20:35:38.381 Info: **W=>: C2 CC 80 0B 00 00 E6 
20:35:38.597 Info: **R=>: C2 CC 80 0E 42 41 54 35 32 30 43 20 4C 6F 61 64 20 42 6F 61 72 64 20 56 65 72 20 45 30 33 
20:35:38.598 Info: **W=>: CF CC 08 70 FE 00 00 EE 
20:35:38.812 Info: **R=>: CF CC 08 70 FE 00 00 EE 
20:35:38.814 Info: --------编程电压开始校准----------
20:35:38.823 Info: **W=>: C0 CC B0 14 01 00 AE 
20:35:39.029 Info: **R=>: C0 CC B0 14 01 00 AE 
20:35:39.029 Info: **W=>: C0 CC 78 00 01 00 FA 
20:35:39.231 Info: **R=>: C0 CC 78 00 01 00 FA 
20:35:39.231 Info: **W=>: C9 CC 56 01 00 00 13 
20:35:39.433 Info: **R=>: C9 CC 56 01 00 00 13 
20:35:39.433 Info: **W=>: C9 CC 60 07 01 00 02 
20:35:39.635 Info: **R=>: C9 CC 60 07 01 00 02 
20:35:39.635 Info: **W=>: C9 CC 60 08 01 00 01 
20:35:39.837 Info: **R=>: C9 CC 60 08 01 00 01 
20:35:39.947 Info: **W=>: CF CC 08 70 10 01 00 DB 
20:35:40.162 Info: **R=>: CF CC 08 70 10 01 00 DB 
20:35:40.273 Info: **W=>: C9 CC 70 03 00 00 F7 
20:35:40.488 Info: **R=>: C9 CC 70 03 00 00 F7 
20:35:40.488 Info: **W=>: C9 CC 60 05 26 00 DF 
20:35:40.691 Info: **R=>: C9 CC 60 05 26 00 DF 
20:35:41.357 Info: **W=>: C9 CC 60 05 00 00 05 
20:35:41.562 Info: **R=>: C9 CC 60 05 00 00 05 
20:35:41.562 Info: **W=>: C0 CC B0 14 00 00 AF 
20:35:41.764 Info: **R=>: C0 CC B0 14 00 00 AF 
20:35:41.764 Info: **W=>: CF CC 08 70 FE 00 00 EE 
20:35:41.966 Info: **R=>: CF CC 08 70 FE 00 00 EE 
20:35:41.968 Info: 编程电压校准结果：编程电压校准失败_500mV校准NG
20:35:41.968 Info: --------编程电压结束校准----------
20:35:42.013 Info: 断开连接*****************
20:35:49.993 Info: 连接: COM1-115200-8-Parity.None-StopsBits.One
20:35:50.102 Info: **W=>: C2 CC 80 0B 00 00 E6 
20:35:50.305 Info: **R=>: C2 CC 80 0E 42 41 54 35 32 30 43 20 4C 6F 61 64 20 42 6F 61 72 64 20 56 65 72 20 45 30 33 
20:35:50.305 Info: **W=>: CF CC 08 70 FE 00 00 EE 
20:35:50.508 Info: **R=>: CF CC 08 70 FE 00 00 EE 
20:35:50.508 Info: --------编程电压开始校准----------
20:35:50.509 Info: **W=>: C0 CC B0 14 01 00 AE 
20:35:50.710 Info: **R=>: C0 CC B0 14 01 00 AE 
20:35:50.710 Info: **W=>: C0 CC 78 00 01 00 FA 
20:35:50.911 Info: **R=>: C0 CC 78 00 01 00 FA 
20:35:50.911 Info: **W=>: C9 CC 56 01 00 00 13 
20:35:51.114 Info: **R=>: C9 CC 56 01 00 00 13 
20:35:51.114 Info: **W=>: C9 CC 60 07 01 00 02 
20:35:51.316 Info: **R=>: C9 CC 60 07 01 00 02 
20:35:51.316 Info: **W=>: C9 CC 60 08 01 00 01 
20:35:51.518 Info: **R=>: C9 CC 60 08 01 00 01 
20:35:51.627 Info: **W=>: CF CC 08 70 10 01 00 DB 
20:35:51.829 Info: **R=>: CF CC 08 70 10 01 00 DB 
20:35:51.938 Info: **W=>: C9 CC 70 03 00 00 F7 
20:35:52.140 Info: **R=>: C9 CC 70 03 00 00 F7 
20:35:52.140 Info: **W=>: C9 CC 60 05 26 00 DF 
20:35:52.343 Info: **R=>: C9 CC 60 05 26 00 DF 
20:35:52.977 Info: **W=>: C9 CC 60 05 25 00 E0 
20:35:53.184 Info: **R=>: C9 CC 60 05 25 00 E0 
20:35:53.798 Info: **W=>: C9 CC 53 04 25 00 EE 
20:35:54.011 Info: **R=>: C9 CC 53 04 25 00 EE 
20:35:54.121 Info: **W=>: C9 CC 60 06 00 00 04 
20:35:54.337 Info: **R=>: C9 CC 60 06 13 00 00 F1 
20:35:54.446 Info: **W=>: C9 CC 53 2C 13 00 D8 
20:35:54.648 Info: **R=>: C9 CC 53 2C 13 00 D8 
20:35:54.675 Info: **W=>: C9 CC 60 05 4A 00 BB 
20:35:54.881 Info: **R=>: C9 CC 60 05 4A 00 BB 
20:35:55.494 Info: **W=>: C9 CC 53 06 4A 00 C7 
20:35:55.709 Info: **R=>: C9 CC 53 06 4A 00 C7 
20:35:55.818 Info: **W=>: C9 CC 60 06 00 00 04 
20:35:56.019 Info: **R=>: C9 CC 60 06 38 00 00 CC 
20:35:56.129 Info: **W=>: C9 CC 53 2E 38 00 B1 
20:35:56.332 Info: **R=>: C9 CC 53 2E 38 00 B1 
20:35:56.337 Info: **W=>: C9 CC 60 05 94 00 71 
20:35:56.549 Info: **R=>: C9 CC 60 05 94 00 71 
20:35:57.171 Info: **W=>: C9 CC 53 08 94 00 7B 
20:35:57.387 Info: **R=>: C9 CC 53 08 94 00 7B 
20:35:57.496 Info: **W=>: C9 CC 60 06 00 00 04 
20:35:57.698 Info: **R=>: C9 CC 60 06 7F 00 00 85 
20:35:57.807 Info: **W=>: C9 CC 53 30 7F 00 68 
20:35:58.009 Info: **R=>: C9 CC 53 30 7F 00 68 
20:35:58.013 Info: **W=>: C9 CC 60 05 DE 00 27 
20:35:58.227 Info: **R=>: C9 CC 60 05 DE 00 27 
20:35:58.865 Info: **W=>: C9 CC 53 0A DE 00 2F 
20:35:59.067 Info: **R=>: C9 CC 53 0A DE 00 2F 
20:35:59.176 Info: **W=>: C9 CC 60 06 00 00 04 
20:35:59.377 Info: **R=>: C9 CC 60 06 C9 00 00 3B 
20:35:59.487 Info: **W=>: C9 CC 53 32 C9 00 1C 
20:35:59.688 Info: **R=>: C9 CC 53 32 C9 00 1C 
20:35:59.693 Info: **W=>: C9 CC 60 05 74 01 90 
20:35:59.904 Info: **R=>: C9 CC 60 05 74 01 90 
20:36:00.578 Info: **W=>: C9 CC 60 05 73 01 91 
20:36:00.788 Info: **R=>: C9 CC 60 05 73 01 91 
20:36:01.414 Info: **W=>: C9 CC 53 0C 73 01 97 
20:36:01.626 Info: **R=>: C9 CC 53 0C 73 01 97 
20:36:01.735 Info: **W=>: C9 CC 60 06 00 00 04 
20:36:01.937 Info: **R=>: C9 CC 60 06 5A 01 00 A9 
20:36:02.046 Info: **W=>: C9 CC 53 34 5A 01 88 
20:36:02.248 Info: **R=>: C9 CC 53 34 5A 01 88 
20:36:02.251 Info: **W=>: C9 CC 60 05 07 02 FC 
20:36:02.467 Info: **R=>: C9 CC 60 05 07 02 FC 
20:36:03.093 Info: **W=>: C9 CC 53 0E 07 02 00 
20:36:03.304 Info: **R=>: C9 CC 53 0E 07 02 00 
20:36:03.413 Info: **W=>: C9 CC 60 06 00 00 04 
20:36:03.616 Info: **R=>: C9 CC 60 06 EC 01 00 17 
20:36:03.725 Info: **W=>: C9 CC 53 36 EC 01 F4 
20:36:03.927 Info: **R=>: C9 CC 53 36 EC 01 F4 
20:36:03.930 Info: **W=>: C9 CC 60 05 9D 02 66 
20:36:04.145 Info: **R=>: C9 CC 60 05 9D 02 66 
20:36:04.774 Info: **W=>: C9 CC 60 05 9C 02 67 
20:36:04.987 Info: **R=>: C9 CC 60 05 9C 02 67 
20:36:05.600 Info: **W=>: C9 CC 53 10 9C 02 69 
20:36:05.813 Info: **R=>: C9 CC 53 10 9C 02 69 
20:36:05.923 Info: **W=>: C9 CC 60 06 00 00 04 
20:36:06.125 Info: **R=>: C9 CC 60 06 7E 02 00 84 
20:36:06.234 Info: **W=>: C9 CC 53 38 7E 02 5F 
20:36:06.436 Info: **R=>: C9 CC 53 38 7E 02 5F 
20:36:06.440 Info: **W=>: C9 CC 60 05 7C 03 86 
20:36:06.653 Info: **R=>: C9 CC 60 05 7C 03 86 
20:36:07.300 Info: **W=>: C9 CC 60 05 7B 03 87 
20:36:07.511 Info: **R=>: C9 CC 60 05 7B 03 87 
20:36:08.146 Info: **W=>: C9 CC 53 12 7B 03 87 
20:36:08.352 Info: **R=>: C9 CC 53 12 7B 03 87 
20:36:08.461 Info: **W=>: C9 CC 60 06 00 00 04 
20:36:08.664 Info: **R=>: C9 CC 60 06 58 03 00 A9 
20:36:08.772 Info: **W=>: C9 CC 53 3A 58 03 82 
20:36:08.976 Info: **R=>: C9 CC 53 3A 58 03 82 
20:36:08.980 Info: **W=>: C9 CC 60 05 00 00 05 
20:36:09.193 Info: **R=>: C9 CC 60 05 00 00 05 
20:36:09.193 Info: **W=>: C9 CC 70 03 01 00 F6 
20:36:09.396 Info: **R=>: C9 CC 70 03 01 00 F6 
20:36:09.396 Info: **W=>: C9 CC 60 05 E9 01 1B 
20:36:09.598 Info: **R=>: C9 CC 60 05 E9 01 1B 
20:36:10.212 Info: **W=>: C9 CC 53 14 E9 01 19 
20:36:10.419 Info: **R=>: C9 CC 53 14 E9 01 19 
20:36:10.528 Info: **W=>: C9 CC 60 06 00 00 04 
20:36:10.730 Info: **R=>: C9 CC 60 06 CF 01 00 34 
20:36:10.840 Info: **W=>: C9 CC 53 3C CF 01 0B 
20:36:11.041 Info: **R=>: C9 CC 53 3C CF 01 0B 
20:36:11.044 Info: **W=>: C9 CC 60 05 3C 02 C7 
20:36:11.256 Info: **R=>: C9 CC 60 05 3C 02 C7 
20:36:11.885 Info: **W=>: C9 CC 60 05 39 02 CA 
20:36:12.096 Info: **R=>: C9 CC 60 05 39 02 CA 
20:36:12.709 Info: **W=>: C9 CC 53 16 39 02 C6 
20:36:12.921 Info: **R=>: C9 CC 53 16 39 02 C6 
20:36:13.030 Info: **W=>: C9 CC 60 06 00 00 04 
20:36:13.233 Info: **R=>: C9 CC 60 06 1D 02 00 E5 
20:36:13.341 Info: **W=>: C9 CC 53 3E 1D 02 BA 
20:36:13.543 Info: **R=>: C9 CC 53 3E 1D 02 BA 
20:36:13.545 Info: **W=>: C9 CC 60 05 8B 02 78 
20:36:13.747 Info: **R=>: C9 CC 60 05 8B 02 78 
20:36:14.360 Info: **W=>: C9 CC 53 18 8B 02 72 
20:36:14.570 Info: **R=>: C9 CC 53 18 8B 02 72 
20:36:14.679 Info: **W=>: C9 CC 60 06 00 00 04 
20:36:14.882 Info: **R=>: C9 CC 60 06 6D 02 00 95 
20:36:14.991 Info: **W=>: C9 CC 53 40 6D 02 68 
20:36:15.194 Info: **R=>: C9 CC 53 40 6D 02 68 
20:36:15.212 Info: **W=>: C9 CC 60 05 E3 02 20 
20:36:15.427 Info: **R=>: C9 CC 60 05 E3 02 20 
20:36:16.040 Info: **W=>: C9 CC 60 05 DC 02 27 
20:36:16.251 Info: **R=>: C9 CC 60 05 DC 02 27 
20:36:16.891 Info: **W=>: C9 CC 53 1A DC 02 1F 
20:36:17.105 Info: **R=>: C9 CC 53 1A DC 02 1F 
20:36:17.215 Info: **W=>: C9 CC 60 06 00 00 04 
20:36:17.418 Info: **R=>: C9 CC 60 06 BC 02 00 46 
20:36:17.527 Info: **W=>: C9 CC 53 42 BC 02 17 
20:36:17.730 Info: **R=>: C9 CC 53 42 BC 02 17 
20:36:17.734 Info: **W=>: C9 CC 60 05 2D 03 D5 
20:36:17.947 Info: **R=>: C9 CC 60 05 2D 03 D5 
20:36:18.559 Info: **W=>: C9 CC 53 1C 2D 03 CB 
20:36:18.773 Info: **R=>: C9 CC 53 1C 2D 03 CB 
20:36:18.880 Info: **W=>: C9 CC 60 06 00 00 04 
20:36:19.081 Info: **R=>: C9 CC 60 06 0B 03 00 F6 
20:36:19.192 Info: **W=>: C9 CC 53 44 0B 03 C5 
20:36:19.394 Info: **R=>: C9 CC 53 44 0B 03 C5 
20:36:19.398 Info: **W=>: C9 CC 60 05 80 03 82 
20:36:19.611 Info: **R=>: C9 CC 60 05 80 03 82 
20:36:20.222 Info: **W=>: C9 CC 53 1E 80 03 76 
20:36:20.430 Info: **R=>: C9 CC 53 1E 80 03 76 
20:36:20.540 Info: **W=>: C9 CC 60 06 00 00 04 
20:36:20.745 Info: **R=>: C9 CC 60 06 5D 03 00 A4 
20:36:20.851 Info: **W=>: C9 CC 53 46 5D 03 71 
20:36:21.053 Info: **R=>: C9 CC 53 46 5D 03 71 
20:36:21.058 Info: **W=>: C9 CC 60 05 DC 03 26 
20:36:21.271 Info: **R=>: C9 CC 60 05 DC 03 26 
20:36:21.885 Info: **W=>: C9 CC 60 05 D6 03 2C 
20:36:22.097 Info: **R=>: C9 CC 60 05 D6 03 2C 
20:36:22.714 Info: **W=>: C9 CC 53 20 D6 03 1E 
20:36:22.922 Info: **R=>: C9 CC 53 20 D6 03 1E 
20:36:23.031 Info: **W=>: C9 CC 60 06 00 00 04 
20:36:23.233 Info: **R=>: C9 CC 60 06 AC 03 00 55 
20:36:23.343 Info: **W=>: C9 CC 53 48 AC 03 20 
20:36:23.546 Info: **R=>: C9 CC 53 48 AC 03 20 
20:36:23.549 Info: **W=>: C9 CC 80 03 00 00 E7 
20:36:23.763 Info: **R=>: C9 CC 80 0E 42 41 54 36 31 33 20 50 6F 77 65 72 20 42 6F 61 72 64 20 56 20 45 30 30 20 20 
20:36:23.763 Info: **W=>: C9 CC 60 05 00 00 05 
20:36:23.965 Info: **R=>: C9 CC 60 05 00 00 05 
20:36:23.965 Info: **W=>: C0 CC B0 14 00 00 AF 
20:36:24.168 Info: **R=>: C0 CC B0 14 00 00 AF 
20:36:24.168 Info: **W=>: CF CC 08 70 FE 00 00 EE 
20:36:24.371 Info: **R=>: CF CC 08 70 FE 00 00 EE 
20:36:24.371 Info: 编程电压校准结果：编程电压校准失败_24000mV校准NG
20:36:24.371 Info: --------编程电压结束校准----------
20:36:24.418 Info: 断开连接*****************
