08:41:41.519 Info: *Software Version:PCM设备自动校准  Ver1.0 [20240702]
08:41:41.530 Info: *Host Name:DESKTOP-NMLHP53
08:41:41.682 Info: *OS Name:Microsoft Windows 10 专业版
08:41:41.682 Info: *Is64BitOS:True
08:41:42.964 Info: *Cpu Name:Intel(R) Core(TM) i5-10500 CPU @ 3.10GHz
08:41:42.978 Info: *Memory:7.75GB
08:41:42.979 Info: *Drives:C:\,D:\,E:\,F:\,G:\
08:41:42.979 Info: ************************************
08:42:05.764 Info: 连接: COM56-115200-8-Parity.None-StopsBits.One
08:42:05.917 Info: **W=>: C9 CC 05 00 65 
08:42:05.947 Info: **R<=: C9 CC 06 00 00 64 
08:42:05.950 Info: **W=>: CF CC 08 70 FE 00 00 EE 
08:42:06.001 Info: **R=>: CF CC 08 70 FE 00 00 EE 
08:43:05.881 Info: **W=>: CF CC 08 70 FE 00 00 EE 
08:43:05.934 Info: **R=>: CF CC 08 70 FE 00 00 EE 
08:43:06.108 Info: 断开连接*****************
08:43:20.824 Info: 连接: COM56-115200-8-Parity.None-StopsBits.One
08:43:20.839 Info: **W=>: C9 CC 05 00 65 
08:43:20.866 Info: **R<=: C9 CC 06 00 00 64 
08:43:20.866 Info: **W=>: CF CC 08 70 FE 00 00 EE 
08:43:20.917 Info: **R=>: CF CC 08 70 FE 00 00 EE 
08:43:39.531 Info: **W=>: CF CC 08 70 FE 00 00 EE 
08:43:39.584 Info: **R=>: CF CC 08 70 FE 00 00 EE 
08:43:40.581 Info: 断开连接*****************
09:55:44.711 Info: *Software Version:PCM设备自动校准  Ver1.0 [20240702]
09:55:44.722 Info: *Host Name:DESKTOP-NMLHP53
09:55:44.873 Info: *OS Name:Microsoft Windows 10 专业版
09:55:44.873 Info: *Is64BitOS:True
09:55:46.096 Info: *Cpu Name:Intel(R) Core(TM) i5-10500 CPU @ 3.10GHz
09:55:46.110 Info: *Memory:7.75GB
09:55:46.111 Info: *Drives:C:\,D:\,E:\,F:\,G:\
09:55:46.111 Info: ************************************
09:55:58.833 Info: 连接: COM56-115200-8-Parity.None-StopsBits.One
09:55:58.985 Info: **W=>: C9 CC 05 00 65 
09:55:59.004 Info: **R<=: C9 CC 06 00 00 64 
09:55:59.008 Info: **W=>: CF CC 08 70 FE 00 00 EE 
09:55:59.060 Info: **R=>: CF CC 08 70 FE 00 00 EE 
09:56:16.326 Info: **W=>: CF CC 08 70 FE 00 00 EE 
09:56:16.379 Info: **R=>: CF CC 08 70 FE 00 00 EE 
09:56:16.381 Info: 断开连接*****************
14:53:38.276 Info: *Software Version:PCM设备自动校准  Ver1.0 [20240702]
14:53:38.288 Info: *Host Name:DESKTOP-NMLHP53
14:53:38.505 Info: *OS Name:Microsoft Windows 10 专业版
14:53:38.505 Info: *Is64BitOS:True
14:53:39.737 Info: *Cpu Name:Intel(R) Core(TM) i5-10500 CPU @ 3.10GHz
14:53:39.753 Info: *Memory:7.75GB
14:53:39.754 Info: *Drives:C:\,D:\,E:\,F:\,G:\
14:53:39.754 Info: ************************************
14:54:09.381 Info: 连接: COM55-115200-8-Parity.None-StopsBits.One
14:54:09.541 Info: --------充电电压开始校准----------
14:54:09.554 Info: **W=>: C8 CC 71 03 00 00 00 F7 
14:54:09.606 Info: **R=>: C8 CC 71 03 00 00 00 F7 
14:54:09.606 Info: **W=>: C8 CC 61 05 00 00 05 
14:54:09.658 Info: **R=>: C8 CC 61 05 00 00 05 
14:54:09.658 Info: **W=>: C8 CC 61 03 00 00 07 
14:54:09.709 Info: **R=>: C8 CC 61 03 00 00 07 
14:54:09.709 Info: **W=>: C8 CC 71 05 00 00 00 F5 
14:54:09.759 Info: **R=>: C8 CC 71 05 00 00 00 F5 
14:54:09.759 Info: **W=>: C8 CC 71 1B 01 00 00 DE 
14:54:09.810 Info: **R=>: C8 CC 71 1B 01 00 00 DE 
14:54:09.810 Info: **W=>: C8 CC 71 04 01 00 00 F5 
14:54:09.860 Info: **R=>: C8 CC 71 04 01 00 00 F5 
14:54:09.860 Info: **W=>: C8 CC 71 02 00 00 00 F8 
14:54:09.911 Info: **R=>: C8 CC 71 02 00 00 00 F8 
14:54:09.911 Info: **W=>: C8 CC 71 01 01 00 00 F8 
14:54:09.962 Info: **R=>: C8 CC 71 01 01 00 00 F8 
14:54:09.962 Info: **W=>: C8 CC 71 2C 01 00 00 CD 
14:54:10.013 Info: **R=>: C8 CC 71 2C 01 00 00 CD 
14:54:10.013 Info: **W=>: C8 CC 71 2F 00 00 00 CB 
14:54:10.064 Info: **R=>: C8 CC 71 2F 00 00 00 CB 
14:54:10.064 Info: **W=>: C8 CC 71 2E 01 00 00 CB 
14:54:10.115 Info: **R=>: C8 CC 71 2E 01 00 00 CB 
14:54:10.115 Info: **W=>: C8 CC 71 2B 00 00 00 CF 
14:54:10.166 Info: **R=>: C8 CC 71 2B 00 00 00 CF 
14:54:10.166 Info: **W=>: C8 CC 71 03 01 00 00 F6 
14:54:10.217 Info: **R=>: C8 CC 71 03 01 00 00 F6 
14:54:10.217 Info: **W=>: C8 CC 60 11 00 00 FA 
14:54:10.268 Info: **R=>: C8 CC 60 11 00 00 FA 
14:54:10.268 Info: **W=>: C8 CC 60 12 00 00 F9 
14:54:10.318 Info: **R=>: C8 CC 60 12 00 00 F9 
14:54:10.339 Info: **W=>: C8 CC 61 01 00 00 09 
14:54:10.390 Info: **R=>: C8 CC 61 01 00 00 09 
14:54:10.390 Info: **W=>: C8 CC 71 03 00 00 00 F7 
14:54:10.442 Info: **R=>: C8 CC 71 03 00 00 00 F7 
14:54:10.442 Info: **W=>: CF CC 08 70 FE 00 00 EE 
14:54:10.492 Info: **R=>: CF CC 08 70 FE 00 00 EE 
14:54:10.492 Info: 充电电压校准结果：充电电压校准失败_未设初始值
14:54:10.492 Info: --------充电电压结束校准----------
14:54:10.496 Info: 断开连接*****************
14:54:42.220 Info: *Software Version:PCM设备自动校准  Ver1.0 [20240702]
14:54:42.228 Info: *Host Name:DESKTOP-NMLHP53
14:54:42.343 Info: *OS Name:Microsoft Windows 10 专业版
14:54:42.343 Info: *Is64BitOS:True
14:54:43.365 Info: *Cpu Name:Intel(R) Core(TM) i5-10500 CPU @ 3.10GHz
14:54:43.376 Info: *Memory:7.75GB
14:54:43.376 Info: *Drives:C:\,D:\,E:\,F:\,G:\
14:54:43.377 Info: ************************************
14:54:57.288 Info: 连接: COM55-115200-8-Parity.None-StopsBits.One
14:54:57.477 Info: --------充电电压开始校准----------
14:54:57.484 Info: **W=>: C2 CC 70 05 00 00 FC 
14:55:04.938 Info: **W=>: C2 CC 60 06 00 00 0B 
14:55:12.413 Info: **W=>: C2 CC 70 05 00 00 FC 
14:55:19.954 Info: **W=>: CF CC 08 70 FE 00 00 EE 
14:55:27.432 Info: 充电电压校准结果：充电电压校准失败_未设初始值
14:55:27.432 Info: --------充电电压结束校准----------
14:55:27.437 Info: 断开连接*****************
14:55:41.979 Info: 连接: COM55-115200-8-Parity.None-StopsBits.One
14:55:42.098 Info: --------充电电压开始校准----------
14:55:42.099 Info: **W=>: C8 CC 71 03 00 00 00 F7 
14:55:42.150 Info: **R=>: C8 CC 71 03 00 00 00 F7 
14:55:42.150 Info: **W=>: C8 CC 61 05 00 00 05 
14:55:42.201 Info: **R=>: C8 CC 61 05 00 00 05 
14:55:42.201 Info: **W=>: C8 CC 61 03 00 00 07 
14:55:42.252 Info: **R=>: C8 CC 61 03 00 00 07 
14:55:42.252 Info: **W=>: C8 CC 71 05 00 00 00 F5 
14:55:42.303 Info: **R=>: C8 CC 71 05 00 00 00 F5 
14:55:42.303 Info: **W=>: C8 CC 71 1B 01 00 00 DE 
14:55:42.354 Info: **R=>: C8 CC 71 1B 01 00 00 DE 
14:55:42.354 Info: **W=>: C8 CC 71 04 01 00 00 F5 
14:55:42.405 Info: **R=>: C8 CC 71 04 01 00 00 F5 
14:55:42.405 Info: **W=>: C8 CC 71 02 00 00 00 F8 
14:55:42.455 Info: **R=>: C8 CC 71 02 00 00 00 F8 
14:55:42.455 Info: **W=>: C8 CC 71 01 01 00 00 F8 
14:55:42.506 Info: **R=>: C8 CC 71 01 01 00 00 F8 
14:55:42.506 Info: **W=>: C8 CC 71 2C 01 00 00 CD 
14:55:42.557 Info: **R=>: C8 CC 71 2C 01 00 00 CD 
14:55:42.557 Info: **W=>: C8 CC 71 2F 00 00 00 CB 
14:55:42.608 Info: **R=>: C8 CC 71 2F 00 00 00 CB 
14:55:42.608 Info: **W=>: C8 CC 71 2E 01 00 00 CB 
14:55:42.659 Info: **R=>: C8 CC 71 2E 01 00 00 CB 
14:55:42.659 Info: **W=>: C8 CC 71 2B 00 00 00 CF 
14:55:42.709 Info: **R=>: C8 CC 71 2B 00 00 00 CF 
14:55:42.709 Info: **W=>: C8 CC 71 03 01 00 00 F6 
14:55:42.761 Info: **R=>: C8 CC 71 03 01 00 00 F6 
14:55:42.761 Info: **W=>: C8 CC 60 11 00 00 FA 
14:55:42.811 Info: **R=>: C8 CC 60 11 00 00 FA 
14:55:42.811 Info: **W=>: C8 CC 60 12 00 00 F9 
14:55:42.862 Info: **R=>: C8 CC 60 12 00 00 F9 
14:55:42.878 Info: **W=>: C8 CC 61 01 00 00 09 
14:55:42.930 Info: **R=>: C8 CC 61 01 00 00 09 
14:55:42.930 Info: **W=>: C8 CC 71 03 00 00 00 F7 
14:55:42.981 Info: **R=>: C8 CC 71 03 00 00 00 F7 
14:55:42.981 Info: **W=>: CF CC 08 70 FE 00 00 EE 
14:55:43.032 Info: **R=>: CF CC 08 70 FE 00 00 EE 
14:55:43.032 Info: 充电电压校准结果：充电电压校准失败_未设初始值
14:55:43.032 Info: --------充电电压结束校准----------
14:55:43.034 Info: 断开连接*****************
14:59:59.376 Info: 连接: COM55-115200-8-Parity.None-StopsBits.One
14:59:59.383 Info: --------静态电流_200uA开始校准----------
14:59:59.387 Info: **W=>: C1 CC 08 70 03 00 00 F7 
14:59:59.438 Info: **R=>: C1 CC 08 70 03 00 00 F7 
14:59:59.438 Info: **W=>: C1 CC 08 50 07 00 00 13 
14:59:59.489 Info: **R=>: C1 CC 08 50 07 00 00 13 
14:59:59.489 Info: **W=>: C1 CC 08 50 08 00 00 12 
14:59:59.540 Info: **R=>: C1 CC 08 50 08 00 00 12 
14:59:59.540 Info: **W=>: C1 CC 08 61 03 00 00 06 
14:59:59.591 Info: **R=>: C1 CC 08 61 03 00 00 06 
14:59:59.591 Info: **W=>: C1 CC 08 70 03 01 00 F6 
14:59:59.642 Info: **R=>: C1 CC 08 70 03 01 00 F6 
14:59:59.642 Info: **W=>: C8 CC 71 18 01 00 00 E1 
14:59:59.693 Info: **R=>: C8 CC 71 18 01 00 00 E1 
14:59:59.693 Info: **W=>: C8 CC 71 19 01 00 00 E0 
14:59:59.744 Info: **R=>: C8 CC 71 19 01 00 00 E0 
14:59:59.744 Info: **W=>: CF CC 08 70 12 01 00 D9 
14:59:59.795 Info: **R=>: CF CC 08 70 12 01 00 D9 
14:59:59.795 Info: **W=>: CF CC 08 70 15 01 00 D6 
14:59:59.846 Info: **R=>: CF CC 08 70 15 01 00 D6 
14:59:59.946 Info: **W=>: C8 CC 71 1A 02 00 00 DE 
14:59:59.998 Info: **R=>: C8 CC 71 1A 02 00 00 DE 
14:59:59.998 Info: **W=>: C1 CC 08 70 01 00 00 F9 
15:00:00.049 Info: **R=>: C1 CC 08 70 01 00 00 F9 
15:00:00.049 Info: **W=>: C1 CC 08 61 05 00 00 04 
15:00:00.100 Info: **R=>: C1 CC 08 61 05 00 00 04 
15:00:00.205 Info: **W=>: C1 CC 08 70 02 02 00 F6 
15:00:00.256 Info: **R=>: C1 CC 08 70 02 02 00 F6 
15:00:00.256 Info: **W=>: C1 CC 08 60 03 00 00 07 
15:00:00.307 Info: **R=>: C1 CC 08 60 03 00 00 07 
15:00:00.307 Info: **W=>: C1 CC 08 70 02 02 00 F6 
15:00:00.358 Info: **R=>: C1 CC 08 70 02 02 00 F6 
15:00:00.358 Info: **W=>: C1 CC 08 60 03 00 00 07 
15:00:00.409 Info: **R=>: C1 CC 08 60 03 00 00 07 
15:00:00.409 Info: **W=>: C1 CC 09 50 04 8F 00 00 86 
15:00:00.460 Info: **R=>: C1 CC 09 50 04 8F 00 00 86 
15:00:00.467 Info: **W=>: C8 CC 71 1A 02 00 00 DE 
15:00:00.518 Info: **R=>: C8 CC 71 1A 02 00 00 DE 
15:00:00.518 Info: **W=>: C1 CC 08 70 01 00 00 F9 
15:00:00.569 Info: **R=>: C1 CC 08 70 01 00 00 F9 
15:00:00.569 Info: **W=>: C1 CC 08 61 05 4B 00 B9 
15:00:00.620 Info: **R=>: C1 CC 08 61 05 4B 00 B9 
15:00:00.721 Info: **W=>: C1 CC 08 70 02 02 00 F6 
15:00:00.771 Info: **R=>: C1 CC 08 70 02 02 00 F6 
15:00:00.771 Info: **W=>: C1 CC 08 60 03 00 00 07 
15:00:00.822 Info: **R=>: C1 CC 08 60 03 00 00 07 
15:00:00.822 Info: **W=>: C1 CC 08 70 02 02 00 F6 
15:00:00.872 Info: **R=>: C1 CC 08 70 02 02 00 F6 
15:00:00.872 Info: **W=>: C1 CC 08 60 03 00 00 07 
15:00:00.923 Info: **R=>: C1 CC 08 60 03 00 00 07 
15:00:00.923 Info: **W=>: C1 CC 09 50 04 91 00 00 84 
15:00:00.974 Info: **R=>: C1 CC 09 50 04 91 00 00 84 
15:00:00.974 Info: **W=>: C1 CC 08 70 03 00 00 F7 
15:00:01.026 Info: **R=>: C1 CC 08 70 03 00 00 F7 
15:00:01.026 Info: **W=>: C1 CC 08 61 05 00 00 04 
15:00:01.077 Info: **R=>: C1 CC 08 61 05 00 00 04 
15:00:01.077 Info: **W=>: C8 CC 71 18 00 00 00 E2 
15:00:01.127 Info: **R=>: C8 CC 71 18 00 00 00 E2 
15:00:01.127 Info: **W=>: C8 CC 71 19 00 00 00 E1 
15:00:01.178 Info: **R=>: C8 CC 71 19 00 00 00 E1 
15:00:01.178 Info: **W=>: CF CC 08 70 FE 00 00 EE 
15:00:01.229 Info: **R=>: CF CC 08 70 FE 00 00 EE 
15:00:01.229 Info: 静态电流_200uA校准结果：静态电流_200uA校准失败_3uA校准NG
15:00:01.229 Info: --------静态电流_200uA结束校准----------
15:00:01.231 Info: 断开连接*****************
15:00:11.559 Info: 连接: COM55-115200-8-Parity.None-StopsBits.One
15:00:11.565 Info: --------静态电流_2000uA开始校准----------
15:00:11.572 Info: **W=>: C1 CC 08 70 03 00 00 F7 
15:00:11.624 Info: **R=>: C1 CC 08 70 03 00 00 F7 
15:00:11.624 Info: **W=>: C1 CC 08 50 07 00 00 13 
15:00:11.675 Info: **R=>: C1 CC 08 50 07 00 00 13 
15:00:11.675 Info: **W=>: C1 CC 08 50 08 00 00 12 
15:00:11.725 Info: **R=>: C1 CC 08 50 08 00 00 12 
15:00:11.725 Info: **W=>: C1 CC 08 61 03 00 00 06 
15:00:11.776 Info: **R=>: C1 CC 08 61 03 00 00 06 
15:00:11.776 Info: **W=>: C1 CC 08 70 03 01 00 F6 
15:00:11.827 Info: **R=>: C1 CC 08 70 03 01 00 F6 
15:00:11.827 Info: **W=>: C8 CC 71 18 01 00 00 E1 
15:00:11.877 Info: **R=>: C8 CC 71 18 01 00 00 E1 
15:00:11.877 Info: **W=>: C8 CC 71 19 01 00 00 E0 
15:00:11.928 Info: **R=>: C8 CC 71 19 01 00 00 E0 
15:00:11.928 Info: **W=>: CF CC 08 70 12 01 00 D9 
15:00:11.979 Info: **R=>: CF CC 08 70 12 01 00 D9 
15:00:11.979 Info: **W=>: CF CC 08 70 15 01 00 D6 
15:00:12.030 Info: **R=>: CF CC 08 70 15 01 00 D6 
15:00:12.131 Info: **W=>: C8 CC 71 1A 01 00 00 DF 
15:00:12.181 Info: **R=>: C8 CC 71 1A 01 00 00 DF 
15:00:12.181 Info: **W=>: C1 CC 08 70 01 00 00 F9 
15:00:12.232 Info: **R=>: C1 CC 08 70 01 00 00 F9 
15:00:12.232 Info: **W=>: C1 CC 08 61 05 00 00 04 
15:00:12.283 Info: **R=>: C1 CC 08 61 05 00 00 04 
15:00:12.384 Info: **W=>: C1 CC 08 70 02 02 00 F6 
15:00:12.434 Info: **R=>: C1 CC 08 70 02 02 00 F6 
15:00:12.434 Info: **W=>: C1 CC 08 60 03 00 00 07 
15:00:12.485 Info: **R=>: C1 CC 08 60 03 00 00 07 
15:00:12.485 Info: **W=>: C1 CC 08 70 02 02 00 F6 
15:00:12.536 Info: **R=>: C1 CC 08 70 02 02 00 F6 
15:00:12.536 Info: **W=>: C1 CC 08 60 03 00 00 07 
15:00:12.587 Info: **R=>: C1 CC 08 60 03 00 00 07 
15:00:12.587 Info: **W=>: C1 CC 09 50 04 AF 00 00 66 
15:00:12.638 Info: **R=>: C1 CC 09 50 04 AF 00 00 66 
15:00:12.638 Info: **W=>: C8 CC 71 1A 01 00 00 DF 
15:00:12.689 Info: **R=>: C8 CC 71 1A 01 00 00 DF 
15:00:12.689 Info: **W=>: C1 CC 08 70 01 00 00 F9 
15:00:12.740 Info: **R=>: C1 CC 08 70 01 00 00 F9 
15:00:12.740 Info: **W=>: C1 CC 08 61 05 67 02 9B 
15:00:12.790 Info: **R=>: C1 CC 08 61 05 67 02 9B 
15:00:12.891 Info: **W=>: C1 CC 08 70 02 02 00 F6 
15:00:12.941 Info: **R=>: C1 CC 08 70 02 02 00 F6 
15:00:12.941 Info: **W=>: C1 CC 08 60 03 00 00 07 
15:00:12.992 Info: **R=>: C1 CC 08 60 03 00 00 07 
15:00:12.992 Info: **W=>: C1 CC 08 70 02 02 00 F6 
15:00:13.042 Info: **R=>: C1 CC 08 70 02 02 00 F6 
15:00:13.042 Info: **W=>: C1 CC 08 60 03 00 00 07 
15:00:13.094 Info: **R=>: C1 CC 08 60 03 00 00 07 
15:00:13.094 Info: **W=>: C1 CC 09 50 04 B1 00 00 64 
15:00:13.144 Info: **R=>: C1 CC 09 50 04 B1 00 00 64 
15:00:13.144 Info: **W=>: C1 CC 08 70 03 00 00 F7 
15:00:13.195 Info: **R=>: C1 CC 08 70 03 00 00 F7 
15:00:13.195 Info: **W=>: C1 CC 08 61 05 00 00 04 
15:00:13.246 Info: **R=>: C1 CC 08 61 05 00 00 04 
15:00:13.246 Info: **W=>: C8 CC 71 18 00 00 00 E2 
15:00:13.296 Info: **R=>: C8 CC 71 18 00 00 00 E2 
15:00:13.296 Info: **W=>: C8 CC 71 19 00 00 00 E1 
15:00:13.347 Info: **R=>: C8 CC 71 19 00 00 00 E1 
15:00:13.347 Info: **W=>: CF CC 08 70 FE 00 00 EE 
15:00:13.398 Info: **R=>: CF CC 08 70 FE 00 00 EE 
15:00:13.398 Info: 静态电流_2000uA校准结果：静态电流_2000uA校准失败_30uA校准NG
15:00:13.398 Info: --------静态电流_2000uA结束校准----------
15:00:13.400 Info: 断开连接*****************
15:00:39.613 Info: 连接: COM55-115200-8-Parity.None-StopsBits.One
15:00:39.620 Info: --------充电电压粗调开始写入----------
15:00:39.625 Info: **W=>: C8 CC 60 11 00 00 FA 
15:00:39.678 Info: **R=>: C8 CC 60 11 00 00 FA 
15:00:39.678 Info: **W=>: C8 CC 60 12 00 00 F9 
15:00:39.729 Info: **R=>: C8 CC 60 12 00 00 F9 
15:00:39.729 Info: **W=>: C8 CC 53 07 0F 00 02 
15:00:39.780 Info: **R=>: C8 CC 53 07 0F 00 02 
15:00:39.780 Info: **W=>: C8 CC 53 09 76 03 96 
15:00:39.831 Info: **R=>: C8 CC 53 09 76 03 96 
15:00:39.831 Info: **W=>: C8 CC 53 0B 65 07 A1 
15:00:39.882 Info: **R=>: C8 CC 53 0B 65 07 A1 
15:00:39.882 Info: **W=>: C8 CC 53 0D 00 00 0B 
15:00:39.932 Info: **R=>: C8 CC 53 0D 00 00 0B 
15:00:39.932 Info: **W=>: C8 CC 53 0F 48 4C 75 
15:00:39.983 Info: **R=>: C8 CC 53 0F 48 4C 75 
15:00:39.983 Info: **W=>: C8 CC 53 11 E7 64 BC 
15:00:40.034 Info: **R=>: C8 CC 53 11 E7 64 BC 
15:00:40.034 Info: **W=>: C8 CC 53 13 82 7D 06 
15:00:40.084 Info: **R=>: C8 CC 53 13 82 7D 06 
15:00:40.084 Info: **W=>: C8 CC 53 15 00 00 03 
15:00:40.135 Info: **R=>: C8 CC 53 15 00 00 03 
15:00:40.135 Info: **W=>: C8 CC 53 17 BC AE 97 
15:00:40.186 Info: **R=>: C8 CC 53 17 BC AE 97 
15:00:40.186 Info: **W=>: C8 CC 53 19 53 C7 E5 
15:00:40.236 Info: **R=>: C8 CC 53 19 53 C7 E5 
15:00:40.236 Info: **W=>: C8 CC 53 1B ED DF 31 
15:00:40.287 Info: **R=>: C8 CC 53 1B ED DF 31 
15:00:40.287 Info: **W=>: C8 CC 53 1D 89 F8 7A 
15:00:40.338 Info: **R=>: C8 CC 53 1D 89 F8 7A 
15:00:40.338 Info: **W=>: C8 CC 53 51 88 02 3D 
15:00:40.389 Info: **R=>: C8 CC 53 51 88 02 3D 
15:00:40.389 Info: **W=>: C8 CC 53 53 83 03 3F 
15:00:40.441 Info: **R=>: C8 CC 53 53 83 03 3F 
15:00:40.441 Info: **W=>: C8 CC 53 55 73 07 49 
15:00:40.492 Info: **R=>: C8 CC 53 55 73 07 49 
15:00:40.492 Info: **W=>: C8 CC 53 57 9F 02 20 
15:00:40.542 Info: **R=>: C8 CC 53 57 9F 02 20 
15:00:40.542 Info: **W=>: C8 CC 53 59 56 4C 1D 
15:00:40.593 Info: **R=>: C8 CC 53 59 56 4C 1D 
15:00:40.593 Info: **W=>: C8 CC 53 5B F0 64 69 
15:00:40.643 Info: **R=>: C8 CC 53 5B F0 64 69 
15:00:40.643 Info: **W=>: C8 CC 53 5D 8B 7D B3 
15:00:40.694 Info: **R=>: C8 CC 53 5D 8B 7D B3 
15:00:40.694 Info: **W=>: C8 CC 53 5F 91 02 26 
15:00:40.744 Info: **R=>: C8 CC 53 5F 91 02 26 
15:00:40.744 Info: **W=>: C8 CC 53 61 C0 AE 49 
15:00:40.795 Info: **R=>: C8 CC 53 61 C0 AE 49 
15:00:40.795 Info: **W=>: C8 CC 53 63 5A C7 94 
15:00:40.846 Info: **R=>: C8 CC 53 63 5A C7 94 
15:00:40.846 Info: **W=>: C8 CC 53 65 F4 DF E0 
15:00:40.896 Info: **R=>: C8 CC 53 65 F4 DF E0 
15:00:40.896 Info: **W=>: C8 CC 53 67 8E F8 2B 
15:00:40.947 Info: **R=>: C8 CC 53 67 8E F8 2B 
15:00:40.947 Info: **W=>: C8 CC 80 05 00 00 E6 
15:00:40.998 Info: **R=>: C8 CC 80 05 00 00 E6 
15:00:40.998 Info: **W=>: C8 CC 80 06 00 00 E5 
15:00:41.049 Info: **R=>: C8 CC 80 06 00 00 E5 
15:00:41.066 Info: --------充电电压粗调写入成功----------
15:00:41.068 Info: 断开连接*****************
15:04:07.513 Info: *Software Version:PCM设备自动校准  Ver1.0 [20240702]
15:04:07.522 Info: *Host Name:DESKTOP-NMLHP53
15:04:07.721 Info: *OS Name:Microsoft Windows 10 专业版
15:04:07.721 Info: *Is64BitOS:True
15:04:08.923 Info: *Cpu Name:Intel(R) Core(TM) i5-10500 CPU @ 3.10GHz
15:04:08.941 Info: *Memory:7.75GB
15:04:08.941 Info: *Drives:C:\,D:\,E:\,F:\,G:\
15:04:08.941 Info: ************************************
15:04:23.082 Info: *Software Version:PCM设备自动校准  Ver1.0 [20240702]
15:04:23.091 Info: *Host Name:DESKTOP-NMLHP53
15:04:23.195 Info: *OS Name:Microsoft Windows 10 专业版
15:04:23.195 Info: *Is64BitOS:True
15:04:24.213 Info: *Cpu Name:Intel(R) Core(TM) i5-10500 CPU @ 3.10GHz
15:04:24.224 Info: *Memory:7.75GB
15:04:24.224 Info: *Drives:C:\,D:\,E:\,F:\,G:\
15:04:24.224 Info: ************************************
15:04:48.002 Info: **R=>: C8 CC 60 11 00 00 FA 
15:04:48.062 Info: **R=>: C8 CC 60 12 00 00 F9 
15:04:48.114 Info: **R=>: C8 CC 53 07 0F 00 02 
15:04:48.165 Info: **R=>: C8 CC 53 09 76 03 96 
15:04:48.217 Info: **R=>: C8 CC 53 0B 65 07 A1 
15:04:48.268 Info: **R=>: C8 CC 53 0D 00 00 0B 
15:04:48.319 Info: **R=>: C8 CC 53 0F 48 4C 75 
15:04:48.370 Info: **R=>: C8 CC 53 11 E7 64 BC 
15:04:48.421 Info: **R=>: C8 CC 53 13 82 7D 06 
15:04:48.472 Info: **R=>: C8 CC 53 15 00 00 03 
15:04:48.522 Info: **R=>: C8 CC 53 17 BC AE 97 
15:04:48.572 Info: **R=>: C8 CC 53 19 53 C7 E5 
15:04:48.623 Info: **R=>: C8 CC 53 1B ED DF 31 
15:04:48.674 Info: **R=>: C8 CC 53 1D 89 F8 7A 
15:04:48.725 Info: **R=>: C8 CC 53 51 88 02 3D 
15:04:48.776 Info: **R=>: C8 CC 53 53 83 03 3F 
15:04:48.827 Info: **R=>: C8 CC 53 55 73 07 49 
15:04:48.878 Info: **R=>: C8 CC 53 57 9F 02 20 
15:04:48.929 Info: **R=>: C8 CC 53 59 56 4C 1D 
15:04:48.979 Info: **R=>: C8 CC 53 5B F0 64 69 
15:04:49.030 Info: **R=>: C8 CC 53 5D 8B 7D B3 
15:04:49.081 Info: **R=>: C8 CC 53 5F 91 02 26 
15:04:49.132 Info: **R=>: C8 CC 53 61 C0 AE 49 
15:04:49.182 Info: **R=>: C8 CC 53 63 5A C7 94 
15:04:49.233 Info: **R=>: C8 CC 53 65 F4 DF E0 
15:04:49.284 Info: **R=>: C8 CC 53 67 8E F8 2B 
15:04:49.335 Info: **R=>: C8 CC 80 05 00 00 E6 
15:04:49.386 Info: **R=>: C8 CC 80 06 00 00 E5 
15:04:49.451 Info: **R=>: C8 CC 60 11 00 00 FA 
15:04:49.502 Info: **R=>: C8 CC 60 12 00 00 F9 
15:04:49.552 Info: **R=>: C8 CC 53 25 00 00 F3 
15:04:49.603 Info: **R=>: C8 CC 53 27 52 03 9C 
15:04:49.654 Info: **R=>: C8 CC 53 29 C1 08 26 
15:04:49.704 Info: **R=>: C8 CC 53 2B F4 26 D3 
15:04:49.756 Info: **R=>: C8 CC 53 2D 00 00 EB 
15:04:49.807 Info: **R=>: C8 CC 53 2F 00 00 E9 
15:04:49.858 Info: **R=>: C8 CC 53 31 B7 99 97 
15:04:49.908 Info: **R=>: C8 CC 53 33 ED B7 41 
15:04:49.959 Info: **R=>: C8 CC 53 6F 6E 02 39 
15:04:50.010 Info: **R=>: C8 CC 53 71 09 03 9B 
15:04:50.061 Info: **R=>: C8 CC 53 73 77 08 26 
15:04:50.112 Info: **R=>: C8 CC 53 75 A2 26 DB 
15:04:50.162 Info: **R=>: C8 CC 53 77 6E 02 31 
15:04:50.213 Info: **R=>: C8 CC 53 79 6E 02 2F 
15:04:50.264 Info: **R=>: C8 CC 53 7B 53 99 B1 
15:04:50.315 Info: **R=>: C8 CC 53 7D 82 B7 62 
15:04:50.365 Info: **R=>: C8 CC 80 05 00 00 E6 
15:04:50.416 Info: **R=>: C8 CC 80 06 00 00 E5 
15:04:50.479 Info: **R=>: C8 CC 60 11 00 00 FA 
15:04:50.529 Info: **R=>: C8 CC 60 12 00 00 F9 
15:04:50.580 Info: **R=>: C8 CC 53 3B CE 14 FB 
15:04:50.631 Info: **R=>: C8 CC 53 3D DF 20 DC 
15:04:50.682 Info: **R=>: C8 CC 53 3F 07 3F 93 
15:04:50.733 Info: **R=>: C8 CC 53 41 00 00 D7 
15:04:50.783 Info: **R=>: C8 CC 53 43 53 7B 07 
15:04:50.834 Info: **R=>: C8 CC 53 45 76 99 C4 
15:04:50.885 Info: **R=>: C8 CC 53 47 9C B7 7E 
15:04:50.937 Info: **R=>: C8 CC 53 85 81 14 FE 
15:04:50.988 Info: **R=>: C8 CC 53 87 8E 20 E3 
15:04:51.039 Info: **R=>: C8 CC 53 89 B0 3E A1 
15:04:51.090 Info: **R=>: C8 CC 53 8B 6E 02 1D 
15:04:51.141 Info: **R=>: C8 CC 53 8D F1 7A 20 
15:04:51.191 Info: **R=>: C8 CC 53 8F 10 99 E0 
15:04:51.243 Info: **R=>: C8 CC 53 91 2F B7 A1 
15:04:51.294 Info: **R=>: C8 CC 80 05 00 00 E6 
15:04:51.344 Info: **R=>: C8 CC 80 06 00 00 E5 
15:04:51.408 Info: **R=>: C5 CC 08 50 07 00 00 0F 
15:04:51.459 Info: **R=>: C5 CC 08 50 08 00 00 0E 
15:04:51.510 Info: **R=>: C5 CC 09 50 04 4B 00 00 C6 
15:04:51.561 Info: **R=>: C5 CC 09 50 04 4D E7 04 D9 
15:04:51.612 Info: **R=>: C5 CC 09 50 04 4F 96 18 14 
15:04:51.663 Info: **R=>: C5 CC 09 50 04 51 00 00 C0 
15:04:51.714 Info: **R=>: C5 CC 09 50 04 53 65 62 F7 
15:04:51.764 Info: **R=>: C5 CC 09 50 04 55 00 00 BC 
15:04:51.815 Info: **R=>: C5 CC 09 50 04 57 CD C4 29 
15:04:51.865 Info: **R=>: C5 CC 09 50 04 59 01 F6 C1 
15:04:51.916 Info: **R=>: C5 CC 08 50 09 00 00 0D 
15:04:51.967 Info: **R=>: C5 CC 08 50 0A 00 00 0C 
15:04:52.032 Info: **R=>: C4 CC 08 50 07 00 00 10 
15:04:52.082 Info: **R=>: C4 CC 08 50 08 00 00 0F 
15:04:52.133 Info: **R=>: C4 CC 09 50 04 05 BB 04 4E 
15:04:52.184 Info: **R=>: C4 CC 09 50 04 07 F9 0B 07 
15:04:52.234 Info: **R=>: C4 CC 09 50 04 09 00 00 09 
15:04:52.285 Info: **R=>: C4 CC 09 50 04 0B AA 48 15 
15:04:52.336 Info: **R=>: C4 CC 09 50 04 0D C2 79 CA 
15:04:52.386 Info: **R=>: C4 CC 09 50 04 0F CB AB 8D 
15:04:52.437 Info: **R=>: C4 CC 09 50 04 11 00 00 01 
15:04:52.488 Info: **R=>: C4 CC 09 50 04 13 8C F9 7A 
15:04:52.539 Info: **R=>: C4 CC 09 50 04 2C 4D 00 99 
15:04:52.590 Info: **R=>: C4 CC 09 50 04 2E C5 00 1F 
15:04:52.640 Info: **R=>: C4 CC 09 50 04 30 8D 01 54 
15:04:52.691 Info: **R=>: C4 CC 09 50 04 32 AD 04 2F 
15:04:52.741 Info: **R=>: C4 CC 09 50 04 34 CE 07 09 
15:04:52.792 Info: **R=>: C4 CC 09 50 04 36 EE 0A E4 
15:04:52.843 Info: **R=>: C4 CC 09 50 04 38 8E 01 4B 
15:04:52.893 Info: **R=>: C4 CC 09 50 04 3A 9E 0F 2B 
15:04:52.945 Info: **R=>: C4 CC 08 50 09 00 00 0E 
15:04:52.996 Info: **R=>: C4 CC 08 50 0A 00 00 0D 
15:04:53.062 Info: **R=>: C1 CC 08 50 07 00 00 13 
15:04:53.113 Info: **R=>: C1 CC 08 50 08 00 00 12 
15:04:53.164 Info: **R=>: C1 CC 09 50 04 05 FF 00 11 
15:04:53.215 Info: **R=>: C1 CC 09 50 04 07 6B 03 A0 
15:04:53.265 Info: **R=>: C1 CC 09 50 04 09 5A 07 AB 
15:04:53.315 Info: **R=>: C1 CC 09 50 04 0B 00 00 0A 
15:04:53.366 Info: **R=>: C1 CC 09 50 04 0D A5 33 30 
15:04:53.417 Info: **R=>: C1 CC 09 50 04 0F D7 64 CB 
15:04:53.468 Info: **R=>: C1 CC 09 50 04 11 08 96 66 
15:04:53.518 Info: **R=>: C1 CC 09 50 04 13 00 00 02 
15:04:53.569 Info: **R=>: C1 CC 09 50 04 15 71 F8 97 
15:04:53.619 Info: **R=>: C1 CC 09 50 04 2C 00 00 E9 
15:04:53.670 Info: **R=>: C1 CC 09 50 04 2E DF 00 08 
15:04:53.721 Info: **R=>: C1 CC 09 50 04 30 D0 04 11 
15:04:53.771 Info: **R=>: C1 CC 09 50 04 32 76 7D F0 
15:04:53.821 Info: **R=>: C1 CC 09 50 04 34 18 31 98 
15:04:53.872 Info: **R=>: C1 CC 09 50 04 36 4C 62 31 
15:04:53.923 Info: **R=>: C1 CC 09 50 04 38 81 93 C9 
15:04:53.974 Info: **R=>: C1 CC 09 50 04 3A 76 7D E8 
15:04:54.025 Info: **R=>: C1 CC 09 50 04 3C E8 F5 FC 
15:04:54.076 Info: **R=>: C1 CC 08 50 09 00 00 11 
15:04:54.127 Info: **R=>: C1 CC 08 50 0A 00 00 10 
15:04:54.199 Info: **R=>: C1 CC 08 50 07 00 00 13 
15:04:54.250 Info: **R=>: C1 CC 08 50 08 00 00 12 
15:04:54.301 Info: **R=>: C1 CC 09 50 04 1F 00 00 F6 
15:04:54.352 Info: **R=>: C1 CC 09 50 04 21 00 00 F4 
15:04:54.402 Info: **R=>: C1 CC 09 50 04 23 EA 61 A7 
15:04:54.453 Info: **R=>: C1 CC 09 50 04 25 00 00 F0 
15:04:54.504 Info: **R=>: C1 CC 09 50 04 27 23 F1 DA 
15:04:54.555 Info: **R=>: C1 CC 09 50 04 3E 00 00 D7 
15:04:54.605 Info: **R=>: C1 CC 09 50 04 40 53 00 82 
15:04:54.656 Info: **R=>: C1 CC 09 50 04 42 52 5F 22 
15:04:54.706 Info: **R=>: C1 CC 09 50 04 44 53 00 7E 
15:04:54.757 Info: **R=>: C1 CC 09 50 04 46 8C EE 55 
15:04:54.808 Info: **R=>: C1 CC 08 50 09 00 00 11 
15:04:54.859 Info: **R=>: C1 CC 08 50 0A 00 00 10 
15:04:54.933 Info: **R=>: C5 CC 08 50 07 00 00 0F 
15:04:54.983 Info: **R=>: C5 CC 08 50 08 00 00 0E 
15:04:55.034 Info: **R=>: C5 CC 09 50 04 05 7F 00 8D 
15:04:55.085 Info: **R=>: C5 CC 09 50 04 07 A2 07 61 
15:04:55.136 Info: **R=>: C5 CC 09 50 04 09 00 00 08 
15:04:55.187 Info: **R=>: C5 CC 09 50 04 0B EE 33 E5 
15:04:55.238 Info: **R=>: C5 CC 09 50 04 0D 00 00 04 
15:04:55.288 Info: **R=>: C5 CC 09 50 04 0F 54 96 18 
15:04:55.339 Info: **R=>: C5 CC 09 50 04 11 8C C7 AD 
15:04:55.390 Info: **R=>: C5 CC 09 50 04 13 C3 F8 43 
15:04:55.440 Info: **R=>: C5 CC 09 50 04 2C 00 00 E5 
15:04:55.491 Info: **R=>: C5 CC 09 50 04 2E E8 04 F7 
15:04:55.542 Info: **R=>: C5 CC 09 50 04 30 E0 27 DA 
15:04:55.593 Info: **R=>: C5 CC 09 50 04 32 2E 31 80 
15:04:55.644 Info: **R=>: C5 CC 09 50 04 34 54 28 61 
15:04:55.695 Info: **R=>: C5 CC 09 50 04 36 8E 93 BA 
15:04:55.745 Info: **R=>: C5 CC 09 50 04 38 BE C4 57 
15:04:55.796 Info: **R=>: C5 CC 09 50 04 3A EE F5 F4 
15:04:55.847 Info: **R=>: C5 CC 08 50 09 00 00 0D 
15:04:55.898 Info: **R=>: C5 CC 08 50 0A 00 00 0C 
15:04:55.970 Info: **R=>: C5 CC 08 50 07 00 00 0F 
15:04:56.020 Info: **R=>: C5 CC 08 50 08 00 00 0E 
15:04:56.071 Info: **R=>: C5 CC 09 50 04 1F 00 00 F2 
15:04:56.122 Info: **R=>: C5 CC 09 50 04 21 00 00 F0 
15:04:56.173 Info: **R=>: C5 CC 09 50 04 23 57 62 35 
15:04:56.223 Info: **R=>: C5 CC 09 50 04 25 00 00 EC 
15:04:56.274 Info: **R=>: C5 CC 09 50 04 27 97 F1 62 
15:04:56.325 Info: **R=>: C5 CC 09 50 04 3E 03 00 D0 
15:04:56.376 Info: **R=>: C5 CC 09 50 04 40 00 00 D1 
15:04:56.427 Info: **R=>: C5 CC 09 50 04 42 79 5F F7 
15:04:56.478 Info: **R=>: C5 CC 09 50 04 44 00 00 CD 
15:04:56.528 Info: **R=>: C5 CC 09 50 04 46 B6 EE 27 
15:04:56.578 Info: **R=>: C5 CC 08 50 09 00 00 0D 
15:04:56.629 Info: **R=>: C5 CC 08 50 0A 00 00 0C 
15:04:56.706 Info: **R=>: C5 CC 08 50 07 00 00 0F 
15:04:56.757 Info: **R=>: C5 CC 08 50 08 00 00 0E 
15:04:56.808 Info: **R=>: C5 CC 09 50 04 5E D3 04 DC 
15:04:56.858 Info: **R=>: C5 CC 09 50 04 A9 00 00 68 
15:04:56.909 Info: **R=>: C5 CC 09 50 04 AB 00 00 66 
15:04:56.959 Info: **R=>: C5 CC 09 50 04 60 60 5B F6 
15:04:57.010 Info: **R=>: C5 CC 09 50 04 AD B2 A0 12 
15:04:57.060 Info: **R=>: C5 CC 09 50 04 AF B2 A0 10 
15:04:57.111 Info: **R=>: C5 CC 09 50 04 62 F1 BF FF 
15:04:57.162 Info: **R=>: C5 CC 09 50 04 B1 35 0F 1C 
15:04:57.213 Info: **R=>: C5 CC 09 50 04 B3 35 0F 1A 
15:04:57.264 Info: **R=>: C5 CC 09 50 04 64 13 EF AB 
15:04:57.315 Info: **R=>: C5 CC 09 50 04 B5 7E DC 02 
15:04:57.365 Info: **R=>: C5 CC 09 50 04 B7 7E DC 00 
15:04:57.416 Info: **R=>: C5 CC 09 50 04 66 D0 EC EF 
15:04:57.466 Info: **R=>: C5 CC 09 50 04 B9 8D D6 F5 
15:04:57.516 Info: **R=>: C5 CC 09 50 04 BB 8D D6 F3 
15:04:57.567 Info: **R=>: C5 CC 09 50 04 68 FB F3 BB 
15:04:57.617 Info: **R=>: C5 CC 09 50 04 BD 8A CD FD 
15:04:57.668 Info: **R=>: C5 CC 09 50 04 BF 8A CD FB 
15:04:57.718 Info: **R=>: C5 CC 08 50 09 00 00 0D 
15:04:57.769 Info: **R=>: C5 CC 08 50 0A 00 00 0C 
15:04:57.845 Info: **R=>: C5 CC 08 50 07 00 00 0F 
15:04:57.896 Info: **R=>: C5 CC 08 50 08 00 00 0E 
15:04:57.947 Info: **R=>: C5 CC 09 50 04 6E C6 80 5D 
15:04:57.997 Info: **R=>: C5 CC 09 50 04 C2 0C 75 CE 
15:04:58.048 Info: **R=>: C5 CC 09 50 04 C4 0C 75 CC 
15:04:58.099 Info: **R=>: C5 CC 09 50 04 70 DA B7 10 
15:04:58.149 Info: **R=>: C5 CC 09 50 04 C6 11 5E DC 
15:04:58.200 Info: **R=>: C5 CC 09 50 04 C8 11 5E DA 
15:04:58.251 Info: **R=>: C5 CC 09 50 04 72 80 D6 49 
15:04:58.302 Info: **R=>: C5 CC 09 50 04 CA 14 C3 70 
15:04:58.353 Info: **R=>: C5 CC 09 50 04 CC 14 C3 6E 
15:04:58.404 Info: **R=>: C5 CC 09 50 04 74 FF FF 9F 
15:04:58.454 Info: **R=>: C5 CC 09 50 04 CE AB EC AC 
15:04:58.505 Info: **R=>: C5 CC 09 50 04 D0 AB EC AA 
15:04:58.556 Info: **R=>: C5 CC 09 50 04 76 08 EA A9 
15:04:58.607 Info: **R=>: C5 CC 09 50 04 D2 8A BD F8 
15:04:58.657 Info: **R=>: C5 CC 09 50 04 D4 8A BD F6 
15:04:58.708 Info: **R=>: C5 CC 08 50 09 00 00 0D 
15:04:58.760 Info: **R=>: C5 CC 08 50 0A 00 00 0C 
15:04:58.837 Info: **R=>: C5 CC 08 50 07 00 00 0F 
15:04:58.887 Info: **R=>: C5 CC 08 50 08 00 00 0E 
15:04:58.938 Info: **R=>: C5 CC 09 50 04 7E BD E6 F0 
15:04:58.988 Info: **R=>: C5 CC 09 50 04 D6 30 A7 64 
15:04:59.039 Info: **R=>: C5 CC 09 50 04 D8 30 A7 62 
15:04:59.090 Info: **R=>: C5 CC 09 50 04 80 A4 A4 49 
15:04:59.141 Info: **R=>: C5 CC 09 50 04 DA 1B BF 5D 
15:04:59.191 Info: **R=>: C5 CC 09 50 04 DC 1B BF 5B 
15:04:59.242 Info: **R=>: C5 CC 09 50 04 82 1A C0 B5 
15:04:59.294 Info: **R=>: C5 CC 09 50 04 DE 22 10 01 
15:04:59.344 Info: **R=>: C5 CC 09 50 04 E0 22 10 FF 
15:04:59.396 Info: **R=>: C5 CC 09 50 04 84 6D CB 55 
15:04:59.447 Info: **R=>: C5 CC 09 50 04 E2 42 3E AF 
15:04:59.497 Info: **R=>: C5 CC 09 50 04 E4 42 3E AD 
15:04:59.548 Info: **R=>: C5 CC 09 50 04 86 A3 D1 17 
15:04:59.598 Info: **R=>: C5 CC 09 50 04 E6 F8 5A D9 
15:04:59.649 Info: **R=>: C5 CC 09 50 04 E8 F8 5A D7 
15:04:59.700 Info: **R=>: C5 CC 08 50 09 00 00 0D 
15:04:59.751 Info: **R=>: C5 CC 08 50 0A 00 00 0C 
15:04:59.832 Info: **R=>: C5 CC 08 50 07 00 00 0F 
15:04:59.882 Info: **R=>: C5 CC 08 50 08 00 00 0E 
15:04:59.933 Info: **R=>: C5 CC 09 50 04 8E 91 5F 93 
15:04:59.984 Info: **R=>: C5 CC 09 50 04 EB 70 03 B3 
15:05:00.035 Info: **R=>: C5 CC 09 50 04 ED 70 03 B1 
15:05:00.085 Info: **R=>: C5 CC 09 50 04 90 16 95 D6 
15:05:00.136 Info: **R=>: C5 CC 09 50 04 EF 5F 25 9E 
15:05:00.187 Info: **R=>: C5 CC 09 50 04 F1 5F 25 9C 
15:05:00.237 Info: **R=>: C5 CC 09 50 04 92 98 B7 30 
15:05:00.288 Info: **R=>: C5 CC 09 50 04 F3 74 90 1A 
15:05:00.339 Info: **R=>: C5 CC 09 50 04 F5 74 90 18 
15:05:00.389 Info: **R=>: C5 CC 09 50 04 94 A7 CF 07 
15:05:00.440 Info: **R=>: C5 CC 09 50 04 F7 84 60 36 
15:05:00.491 Info: **R=>: C5 CC 09 50 04 F9 84 60 34 
15:05:00.542 Info: **R=>: C5 CC 09 50 04 96 12 EF 7A 
15:05:00.593 Info: **R=>: C5 CC 09 50 04 FB 8A F0 9C 
15:05:00.643 Info: **R=>: C5 CC 09 50 04 FD 8A F0 9A 
15:05:00.694 Info: **R=>: C5 CC 08 50 09 00 00 0D 
15:05:00.745 Info: **R=>: C5 CC 08 50 0A 00 00 0C 
15:05:00.827 Info: **R=>: C1 CC 08 50 07 00 00 13 
15:05:00.878 Info: **R=>: C1 CC 08 50 08 00 00 12 
15:05:00.928 Info: **R=>: C1 CC 09 50 04 8F DC 14 96 
15:05:00.979 Info: **R=>: C1 CC 09 50 04 91 38 46 06 
15:05:01.030 Info: **R=>: C1 CC 09 50 04 93 C5 00 BD 
15:05:01.081 Info: **R=>: C1 CC 09 50 04 95 CA E9 CD 
15:05:01.132 Info: **R=>: C1 CC 09 50 04 97 AC 25 AD 
15:05:01.183 Info: **R=>: C1 CC 09 50 04 99 6D 4B C4 
15:05:01.234 Info: **R=>: C1 CC 09 50 04 9B 1C 97 C7 
15:05:01.285 Info: **R=>: C1 CC 09 50 04 9D A1 E2 F5 
15:05:01.336 Info: **R=>: C1 CC 09 50 04 9F 57 00 1F 
15:05:01.387 Info: **R=>: C1 CC 09 50 04 A1 40 9E 96 
15:05:01.438 Info: **R=>: C1 CC 09 50 04 A3 D2 C5 DB 
15:05:01.489 Info: **R=>: C1 CC 09 50 04 A5 75 ED 0E 
15:05:01.540 Info: **R=>: C1 CC 09 50 04 A7 EB 8F F4 
15:05:01.590 Info: **R=>: C1 CC 09 50 04 A9 55 00 17 
15:05:01.640 Info: **R=>: C1 CC 09 50 04 AB D7 D7 BC 
15:05:01.691 Info: **R=>: C1 CC 09 50 04 AD DA EF 9F 
15:05:01.741 Info: **R=>: C1 CC 08 50 09 00 00 11 
15:05:01.792 Info: **R=>: C1 CC 08 50 0A 00 00 10 
15:05:01.876 Info: **R=>: C1 CC 08 50 07 00 00 13 
15:05:01.927 Info: **R=>: C1 CC 08 50 08 00 00 12 
15:05:01.977 Info: **R=>: C1 CC 09 50 04 AF 00 00 66 
15:05:02.028 Info: **R=>: C1 CC 09 50 04 B1 B1 00 B3 
15:05:02.078 Info: **R=>: C1 CC 09 50 04 B3 E8 8B EF 
15:05:02.129 Info: **R=>: C1 CC 09 50 04 B5 A3 E9 D4 
15:05:02.179 Info: **R=>: C1 CC 09 50 04 B7 A7 25 92 
15:05:02.230 Info: **R=>: C1 CC 09 50 04 B9 5F 00 FD 
15:05:02.281 Info: **R=>: C1 CC 09 50 04 BB FE 96 C6 
15:05:02.331 Info: **R=>: C1 CC 09 50 04 BD A4 E2 D2 
15:05:02.382 Info: **R=>: C1 CC 09 50 04 BF B3 76 2D 
15:05:02.433 Info: **R=>: C1 CC 09 50 04 C1 50 9E 66 
15:05:02.483 Info: **R=>: C1 CC 09 50 04 C3 DD C5 B0 
15:05:02.534 Info: **R=>: C1 CC 09 50 04 C5 57 00 F9 
15:05:02.585 Info: **R=>: C1 CC 09 50 04 C7 ED 8F D2 
15:05:02.636 Info: **R=>: C1 CC 09 50 04 C9 54 00 F8 
15:05:02.686 Info: **R=>: C1 CC 09 50 04 CB E9 D7 8A 
15:05:02.737 Info: **R=>: C1 CC 09 50 04 CD F0 EF 69 
15:05:02.787 Info: **R=>: C1 CC 08 50 09 00 00 11 
15:05:02.838 Info: **R=>: C1 CC 08 50 0A 00 00 10 
15:05:02.924 Info: **R=>: C1 CC 08 50 07 00 00 13 
15:05:02.975 Info: **R=>: C1 CC 08 50 08 00 00 12 
15:05:03.025 Info: **R=>: C1 CC 09 50 04 4C 90 18 21 
15:05:03.076 Info: **R=>: C1 CC 09 50 04 4E 36 3E 53 
15:05:03.127 Info: **R=>: C1 CC 09 50 04 50 FC 12 B7 
15:05:03.178 Info: **R=>: C1 CC 09 50 04 52 EC DE F9 
15:05:03.229 Info: **R=>: C1 CC 09 50 04 54 6C 24 31 
15:05:03.279 Info: **R=>: C1 CC 09 50 04 56 9F 02 1E 
15:05:03.330 Info: **R=>: C1 CC 09 50 04 58 89 95 9F 
15:05:03.381 Info: **R=>: C1 CC 09 50 04 5A 36 E1 A4 
15:05:03.432 Info: **R=>: C1 CC 09 50 04 5C ED 75 57 
15:05:03.483 Info: **R=>: C1 CC 09 50 04 5E 7C 9D 9E 
15:05:03.533 Info: **R=>: C1 CC 09 50 04 60 FF C4 F2 
15:05:03.584 Info: **R=>: C1 CC 09 50 04 62 67 01 4B 
15:05:03.635 Info: **R=>: C1 CC 09 50 04 64 58 8F CA 
15:05:03.685 Info: **R=>: C1 CC 09 50 04 66 49 B3 B3 
15:05:03.736 Info: **R=>: C1 CC 09 50 04 68 3D D7 99 
15:05:03.787 Info: **R=>: C1 CC 09 50 04 6A 46 EE 77 
15:05:03.838 Info: **R=>: C1 CC 08 50 09 00 00 11 
15:05:03.888 Info: **R=>: C1 CC 08 50 0A 00 00 10 
15:05:03.978 Info: **R=>: C1 CC 08 50 07 00 00 13 
15:05:04.029 Info: **R=>: C1 CC 08 50 08 00 00 12 
15:05:04.079 Info: **R=>: C1 CC 09 50 04 6C 74 03 32 
15:05:04.130 Info: **R=>: C1 CC 09 50 04 6E FC 44 67 
15:05:04.182 Info: **R=>: C1 CC 09 50 04 70 30 8B EA 
15:05:04.232 Info: **R=>: C1 CC 09 50 04 72 C7 E8 F4 
15:05:04.282 Info: **R=>: C1 CC 09 50 04 74 84 25 F8 
15:05:04.334 Info: **R=>: C1 CC 09 50 04 76 4B 4B 09 
15:05:04.384 Info: **R=>: C1 CC 09 50 04 78 9A 00 03 
15:05:04.435 Info: **R=>: C1 CC 09 50 04 7A 6D E2 4C 
15:05:04.485 Info: **R=>: C1 CC 09 50 04 7C 95 76 8E 
15:05:04.536 Info: **R=>: C1 CC 09 50 04 7E 2E 9E CB 
15:05:04.586 Info: **R=>: C1 CC 09 50 04 80 BC C5 14 
15:05:04.637 Info: **R=>: C1 CC 09 50 04 82 4E ED 58 
15:05:04.688 Info: **R=>: C1 CC 09 50 04 84 D5 8F 2D 
15:05:04.739 Info: **R=>: C1 CC 09 50 04 86 D0 B3 0C 
15:05:04.790 Info: **R=>: C1 CC 09 50 04 88 CB D7 EB 
15:05:04.840 Info: **R=>: C1 CC 09 50 04 8A 0C 00 7F 
15:05:04.891 Info: **R=>: C1 CC 08 50 09 00 00 11 
15:05:04.943 Info: **R=>: C1 CC 08 50 0A 00 00 10 
15:05:05.032 Info: **R=>: C8 CC 60 11 00 00 FA 
15:05:05.085 Info: **R=>: C8 CC 60 12 00 00 F9 
15:05:05.136 Info: **R=>: C8 CC 53 9D 72 02 07 
15:05:05.186 Info: **R=>: C8 CC 53 9F FF FF 7B 
15:05:05.237 Info: **R=>: C8 CC 53 A1 F2 4A 3B 
15:05:05.288 Info: **R=>: C8 CC 53 A3 F0 7C 09 
15:05:05.382 Info: **R=>: C5 CC 08 50 07 00 00 0F 
15:05:05.432 Info: **R=>: C5 CC 08 50 08 00 00 0E 
15:05:05.483 Info: **R=>: C5 CC 09 50 04 98 FF 7F FB 
15:05:05.534 Info: **R=>: C5 CC 09 50 04 9A CE 97 12 
15:05:05.585 Info: **R=>: C5 CC 09 50 04 9C 25 80 D0 
15:05:05.636 Info: **R=>: C5 CC 09 50 04 9E 14 F7 68 
15:05:05.686 Info: **R=>: C5 CC 08 50 09 00 00 0D 
15:05:05.737 Info: **R=>: C5 CC 08 50 0A 00 00 0C 
15:05:05.929 Info: **R=>: C5 CC 08 50 07 00 00 0F 
15:05:05.980 Info: **R=>: C5 CC 08 50 08 00 00 0E 
15:05:06.031 Info: **R=>: C5 CC 09 50 04 A0 0A 82 E5 
15:05:06.081 Info: **R=>: C5 CC 09 50 04 A2 51 6A B4 
15:05:06.132 Info: **R=>: C5 CC 09 50 04 A4 A5 3A 8E 
15:05:06.183 Info: **R=>: C5 CC 09 50 04 A6 F8 0A 69 
15:05:06.233 Info: **R=>: C5 CC 08 50 09 00 00 0D 
15:05:06.283 Info: **R=>: C5 CC 08 50 0A 00 00 0C 
15:08:41.882 Info: *Software Version:PCM设备自动校准  Ver1.0 [20240702]
15:08:41.890 Info: *Host Name:DESKTOP-NMLHP53
15:08:42.030 Info: *OS Name:Microsoft Windows 10 专业版
15:08:42.030 Info: *Is64BitOS:True
15:08:43.185 Info: *Cpu Name:Intel(R) Core(TM) i5-10500 CPU @ 3.10GHz
15:08:43.197 Info: *Memory:7.75GB
15:08:43.197 Info: *Drives:C:\,D:\,E:\,F:\,G:\
15:08:43.197 Info: ************************************
15:08:56.576 Info: **R=>: C8 CC 60 11 00 00 FA 
15:08:56.627 Info: **R=>: C8 CC 60 12 00 00 F9 
15:08:56.678 Info: **R=>: C8 CC 53 07 0F 00 02 
15:08:56.728 Info: **R=>: C8 CC 53 09 76 03 96 
15:08:56.781 Info: **R=>: C8 CC 53 0B 65 07 A1 
15:08:56.833 Info: **R=>: C8 CC 53 0D 00 00 0B 
15:08:56.884 Info: **R=>: C8 CC 53 0F 48 4C 75 
15:08:56.935 Info: **R=>: C8 CC 53 11 E7 64 BC 
15:08:56.986 Info: **R=>: C8 CC 53 13 82 7D 06 
15:08:57.037 Info: **R=>: C8 CC 53 15 00 00 03 
15:08:57.088 Info: **R=>: C8 CC 53 17 BC AE 97 
15:08:57.139 Info: **R=>: C8 CC 53 19 53 C7 E5 
15:08:57.189 Info: **R=>: C8 CC 53 1B ED DF 31 
15:08:57.240 Info: **R=>: C8 CC 53 1D 89 F8 7A 
15:08:57.291 Info: **R=>: C8 CC 53 51 88 02 3D 
15:08:57.341 Info: **R=>: C8 CC 53 53 83 03 3F 
15:08:57.392 Info: **R=>: C8 CC 53 55 73 07 49 
15:08:57.442 Info: **R=>: C8 CC 53 57 9F 02 20 
15:08:57.493 Info: **R=>: C8 CC 53 59 56 4C 1D 
15:08:57.544 Info: **R=>: C8 CC 53 5B F0 64 69 
15:08:57.595 Info: **R=>: C8 CC 53 5D 8B 7D B3 
15:08:57.646 Info: **R=>: C8 CC 53 5F 91 02 26 
15:08:57.697 Info: **R=>: C8 CC 53 61 C0 AE 49 
15:08:57.748 Info: **R=>: C8 CC 53 63 5A C7 94 
15:08:57.799 Info: **R=>: C8 CC 53 65 F4 DF E0 
15:08:57.850 Info: **R=>: C8 CC 53 67 8E F8 2B 
15:08:57.900 Info: **R=>: C8 CC 80 05 00 00 E6 
15:08:57.951 Info: **R=>: C8 CC 80 06 00 00 E5 
15:08:58.014 Info: **R=>: C8 CC 60 11 00 00 FA 
15:08:58.065 Info: **R=>: C8 CC 60 12 00 00 F9 
15:08:58.116 Info: **R=>: C8 CC 53 25 00 00 F3 
15:08:58.167 Info: **R=>: C8 CC 53 27 52 03 9C 
15:08:58.218 Info: **R=>: C8 CC 53 29 C1 08 26 
15:08:58.269 Info: **R=>: C8 CC 53 2B F4 26 D3 
15:08:58.320 Info: **R=>: C8 CC 53 2D 00 00 EB 
15:08:58.371 Info: **R=>: C8 CC 53 2F 00 00 E9 
15:08:58.422 Info: **R=>: C8 CC 53 31 B7 99 97 
15:08:58.473 Info: **R=>: C8 CC 53 33 ED B7 41 
15:08:58.524 Info: **R=>: C8 CC 53 6F 6E 02 39 
15:08:58.575 Info: **R=>: C8 CC 53 71 09 03 9B 
15:08:58.626 Info: **R=>: C8 CC 53 73 77 08 26 
15:08:58.677 Info: **R=>: C8 CC 53 75 A2 26 DB 
15:08:58.728 Info: **R=>: C8 CC 53 77 6E 02 31 
15:08:58.779 Info: **R=>: C8 CC 53 79 6E 02 2F 
15:08:58.830 Info: **R=>: C8 CC 53 7B 53 99 B1 
15:08:58.880 Info: **R=>: C8 CC 53 7D 82 B7 62 
15:08:58.930 Info: **R=>: C8 CC 80 05 00 00 E6 
15:08:58.980 Info: **R=>: C8 CC 80 06 00 00 E5 
15:08:59.043 Info: **R=>: C8 CC 60 11 00 00 FA 
15:08:59.094 Info: **R=>: C8 CC 60 12 00 00 F9 
15:08:59.145 Info: **R=>: C8 CC 53 3B CE 14 FB 
15:08:59.196 Info: **R=>: C8 CC 53 3D DF 20 DC 
15:08:59.247 Info: **R=>: C8 CC 53 3F 07 3F 93 
15:08:59.297 Info: **R=>: C8 CC 53 41 00 00 D7 
15:08:59.349 Info: **R=>: C8 CC 53 43 53 7B 07 
15:08:59.400 Info: **R=>: C8 CC 53 45 76 99 C4 
15:08:59.451 Info: **R=>: C8 CC 53 47 9C B7 7E 
15:08:59.501 Info: **R=>: C8 CC 53 85 81 14 FE 
15:08:59.552 Info: **R=>: C8 CC 53 87 8E 20 E3 
15:08:59.603 Info: **R=>: C8 CC 53 89 B0 3E A1 
15:08:59.653 Info: **R=>: C8 CC 53 8B 6E 02 1D 
15:08:59.704 Info: **R=>: C8 CC 53 8D F1 7A 20 
15:08:59.754 Info: **R=>: C8 CC 53 8F 10 99 E0 
15:08:59.805 Info: **R=>: C8 CC 53 91 2F B7 A1 
15:08:59.856 Info: **R=>: C8 CC 80 05 00 00 E6 
15:08:59.907 Info: **R=>: C8 CC 80 06 00 00 E5 
15:08:59.959 Info: **R=>: C5 CC 08 50 07 00 00 0F 
15:09:00.010 Info: **R=>: C5 CC 08 50 08 00 00 0E 
15:09:00.061 Info: **R=>: C5 CC 09 50 04 4B 00 00 C6 
15:09:00.111 Info: **R=>: C5 CC 09 50 04 4D E7 04 D9 
15:09:00.162 Info: **R=>: C5 CC 09 50 04 4F 96 18 14 
15:09:00.213 Info: **R=>: C5 CC 09 50 04 51 00 00 C0 
15:09:00.264 Info: **R=>: C5 CC 09 50 04 53 65 62 F7 
15:09:00.315 Info: **R=>: C5 CC 09 50 04 55 00 00 BC 
15:09:00.366 Info: **R=>: C5 CC 09 50 04 57 CD C4 29 
15:09:00.417 Info: **R=>: C5 CC 09 50 04 59 01 F6 C1 
15:09:00.468 Info: **R=>: C5 CC 08 50 09 00 00 0D 
15:09:00.519 Info: **R=>: C5 CC 08 50 0A 00 00 0C 
15:09:00.584 Info: **R=>: C4 CC 08 50 07 00 00 10 
15:09:00.634 Info: **R=>: C4 CC 08 50 08 00 00 0F 
15:09:00.685 Info: **R=>: C4 CC 09 50 04 05 BB 04 4E 
15:09:00.736 Info: **R=>: C4 CC 09 50 04 07 F9 0B 07 
15:09:00.787 Info: **R=>: C4 CC 09 50 04 09 00 00 09 
15:09:00.838 Info: **R=>: C4 CC 09 50 04 0B AA 48 15 
15:09:00.889 Info: **R=>: C4 CC 09 50 04 0D C2 79 CA 
15:09:00.940 Info: **R=>: C4 CC 09 50 04 0F CB AB 8D 
15:09:00.990 Info: **R=>: C4 CC 09 50 04 11 00 00 01 
15:09:01.041 Info: **R=>: C4 CC 09 50 04 13 8C F9 7A 
15:09:01.092 Info: **R=>: C4 CC 09 50 04 2C 4D 00 99 
15:09:01.143 Info: **R=>: C4 CC 09 50 04 2E C5 00 1F 
15:09:01.193 Info: **R=>: C4 CC 09 50 04 30 8D 01 54 
15:09:01.243 Info: **R=>: C4 CC 09 50 04 32 AD 04 2F 
15:09:01.294 Info: **R=>: C4 CC 09 50 04 34 CE 07 09 
15:09:01.344 Info: **R=>: C4 CC 09 50 04 36 EE 0A E4 
15:09:01.395 Info: **R=>: C4 CC 09 50 04 38 8E 01 4B 
15:09:01.446 Info: **R=>: C4 CC 09 50 04 3A 9E 0F 2B 
15:09:01.497 Info: **R=>: C4 CC 08 50 09 00 00 0E 
15:09:01.547 Info: **R=>: C4 CC 08 50 0A 00 00 0D 
15:09:01.615 Info: **R=>: C1 CC 08 50 07 00 00 13 
15:09:01.667 Info: **R=>: C1 CC 08 50 08 00 00 12 
15:09:01.717 Info: **R=>: C1 CC 09 50 04 05 FF 00 11 
15:09:01.768 Info: **R=>: C1 CC 09 50 04 07 6B 03 A0 
15:09:01.819 Info: **R=>: C1 CC 09 50 04 09 5A 07 AB 
15:09:01.869 Info: **R=>: C1 CC 09 50 04 0B 00 00 0A 
15:09:01.920 Info: **R=>: C1 CC 09 50 04 0D A5 33 30 
15:09:01.971 Info: **R=>: C1 CC 09 50 04 0F D7 64 CB 
15:09:02.022 Info: **R=>: C1 CC 09 50 04 11 08 96 66 
15:09:02.073 Info: **R=>: C1 CC 09 50 04 13 00 00 02 
15:09:02.123 Info: **R=>: C1 CC 09 50 04 15 71 F8 97 
15:09:02.174 Info: **R=>: C1 CC 09 50 04 2C 00 00 E9 
15:09:02.225 Info: **R=>: C1 CC 09 50 04 2E DF 00 08 
15:09:02.276 Info: **R=>: C1 CC 09 50 04 30 D0 04 11 
15:09:02.327 Info: **R=>: C1 CC 09 50 04 32 76 7D F0 
15:09:02.377 Info: **R=>: C1 CC 09 50 04 34 18 31 98 
15:09:02.428 Info: **R=>: C1 CC 09 50 04 36 4C 62 31 
15:09:02.479 Info: **R=>: C1 CC 09 50 04 38 81 93 C9 
15:09:02.530 Info: **R=>: C1 CC 09 50 04 3A 76 7D E8 
15:09:02.580 Info: **R=>: C1 CC 09 50 04 3C E8 F5 FC 
15:09:02.631 Info: **R=>: C1 CC 08 50 09 00 00 11 
15:09:02.689 Info: **R=>: C1 CC 08 50 0A 00 00 10 
15:09:02.743 Info: **R=>: C1 CC 08 50 07 00 00 13 
15:09:02.794 Info: **R=>: C1 CC 08 50 08 00 00 12 
15:09:02.845 Info: **R=>: C1 CC 09 50 04 1F 00 00 F6 
15:09:02.896 Info: **R=>: C1 CC 09 50 04 21 00 00 F4 
15:09:02.947 Info: **R=>: C1 CC 09 50 04 23 EA 61 A7 
15:09:02.998 Info: **R=>: C1 CC 09 50 04 25 00 00 F0 
15:09:03.049 Info: **R=>: C1 CC 09 50 04 27 23 F1 DA 
15:09:03.101 Info: **R=>: C1 CC 09 50 04 3E 00 00 D7 
15:09:03.151 Info: **R=>: C1 CC 09 50 04 40 53 00 82 
15:09:03.202 Info: **R=>: C1 CC 09 50 04 42 52 5F 22 
15:09:03.253 Info: **R=>: C1 CC 09 50 04 44 53 00 7E 
15:09:03.304 Info: **R=>: C1 CC 09 50 04 46 8C EE 55 
15:09:03.355 Info: **R=>: C1 CC 08 50 09 00 00 11 
15:09:03.405 Info: **R=>: C1 CC 08 50 0A 00 00 10 
15:09:03.480 Info: **R=>: C5 CC 08 50 07 00 00 0F 
15:09:03.531 Info: **R=>: C5 CC 08 50 08 00 00 0E 
15:09:03.581 Info: **R=>: C5 CC 09 50 04 05 7F 00 8D 
15:09:03.632 Info: **R=>: C5 CC 09 50 04 07 A2 07 61 
15:09:03.683 Info: **R=>: C5 CC 09 50 04 09 00 00 08 
15:09:03.734 Info: **R=>: C5 CC 09 50 04 0B EE 33 E5 
15:09:03.785 Info: **R=>: C5 CC 09 50 04 0D 00 00 04 
15:09:03.835 Info: **R=>: C5 CC 09 50 04 0F 54 96 18 
15:09:03.886 Info: **R=>: C5 CC 09 50 04 11 8C C7 AD 
15:09:03.936 Info: **R=>: C5 CC 09 50 04 13 C3 F8 43 
15:09:03.988 Info: **R=>: C5 CC 09 50 04 2C 00 00 E5 
15:09:04.038 Info: **R=>: C5 CC 09 50 04 2E E8 04 F7 
15:09:04.089 Info: **R=>: C5 CC 09 50 04 30 E0 27 DA 
15:09:04.139 Info: **R=>: C5 CC 09 50 04 32 2E 31 80 
15:09:04.191 Info: **R=>: C5 CC 09 50 04 34 54 28 61 
15:09:04.241 Info: **R=>: C5 CC 09 50 04 36 8E 93 BA 
15:09:04.293 Info: **R=>: C5 CC 09 50 04 38 BE C4 57 
15:09:04.343 Info: **R=>: C5 CC 09 50 04 3A EE F5 F4 
15:09:04.394 Info: **R=>: C5 CC 08 50 09 00 00 0D 
15:09:04.445 Info: **R=>: C5 CC 08 50 0A 00 00 0C 
15:09:04.517 Info: **R=>: C5 CC 08 50 07 00 00 0F 
15:09:04.568 Info: **R=>: C5 CC 08 50 08 00 00 0E 
15:09:04.619 Info: **R=>: C5 CC 09 50 04 1F 00 00 F2 
15:09:04.669 Info: **R=>: C5 CC 09 50 04 21 00 00 F0 
15:09:04.719 Info: **R=>: C5 CC 09 50 04 23 57 62 35 
15:09:04.770 Info: **R=>: C5 CC 09 50 04 25 00 00 EC 
15:09:04.820 Info: **R=>: C5 CC 09 50 04 27 97 F1 62 
15:09:04.871 Info: **R=>: C5 CC 09 50 04 3E 03 00 D0 
15:09:04.922 Info: **R=>: C5 CC 09 50 04 40 00 00 D1 
15:09:04.973 Info: **R=>: C5 CC 09 50 04 42 79 5F F7 
15:09:05.024 Info: **R=>: C5 CC 09 50 04 44 00 00 CD 
15:09:05.074 Info: **R=>: C5 CC 09 50 04 46 B6 EE 27 
15:09:05.125 Info: **R=>: C5 CC 08 50 09 00 00 0D 
15:09:05.176 Info: **R=>: C5 CC 08 50 0A 00 00 0C 
15:09:05.255 Info: **R=>: C5 CC 08 50 07 00 00 0F 
15:09:05.306 Info: **R=>: C5 CC 08 50 08 00 00 0E 
15:09:05.357 Info: **R=>: C5 CC 09 50 04 5E D3 04 DC 
15:09:05.408 Info: **R=>: C5 CC 09 50 04 A9 00 00 68 
15:09:05.460 Info: **R=>: C5 CC 09 50 04 AB 00 00 66 
15:09:05.510 Info: **R=>: C5 CC 09 50 04 60 60 5B F6 
15:09:05.561 Info: **R=>: C5 CC 09 50 04 AD B2 A0 12 
15:09:05.612 Info: **R=>: C5 CC 09 50 04 AF B2 A0 10 
15:09:05.663 Info: **R=>: C5 CC 09 50 04 62 F1 BF FF 
15:09:05.714 Info: **R=>: C5 CC 09 50 04 B1 35 0F 1C 
15:09:05.764 Info: **R=>: C5 CC 09 50 04 B3 35 0F 1A 
15:09:05.815 Info: **R=>: C5 CC 09 50 04 64 13 EF AB 
15:09:05.865 Info: **R=>: C5 CC 09 50 04 B5 7E DC 02 
15:09:05.915 Info: **R=>: C5 CC 09 50 04 B7 7E DC 00 
15:09:05.967 Info: **R=>: C5 CC 09 50 04 66 D0 EC EF 
15:09:06.017 Info: **R=>: C5 CC 09 50 04 B9 8D D6 F5 
15:09:06.069 Info: **R=>: C5 CC 09 50 04 BB 8D D6 F3 
15:09:06.119 Info: **R=>: C5 CC 09 50 04 68 FB F3 BB 
15:09:06.170 Info: **R=>: C5 CC 09 50 04 BD 8A CD FD 
15:09:06.222 Info: **R=>: C5 CC 09 50 04 BF 8A CD FB 
15:09:06.272 Info: **R=>: C5 CC 08 50 09 00 00 0D 
15:09:06.323 Info: **R=>: C5 CC 08 50 0A 00 00 0C 
15:09:06.376 Info: **R=>: C5 CC 08 50 07 00 00 0F 
15:09:06.427 Info: **R=>: C5 CC 08 50 08 00 00 0E 
15:09:06.478 Info: **R=>: C5 CC 09 50 04 6E C6 80 5D 
15:09:06.529 Info: **R=>: C5 CC 09 50 04 C2 0C 75 CE 
15:09:06.580 Info: **R=>: C5 CC 09 50 04 C4 0C 75 CC 
15:09:06.631 Info: **R=>: C5 CC 09 50 04 70 DA B7 10 
15:09:06.681 Info: **R=>: C5 CC 09 50 04 C6 11 5E DC 
15:09:06.732 Info: **R=>: C5 CC 09 50 04 C8 11 5E DA 
15:09:06.783 Info: **R=>: C5 CC 09 50 04 72 80 D6 49 
15:09:06.834 Info: **R=>: C5 CC 09 50 04 CA 14 C3 70 
15:09:06.885 Info: **R=>: C5 CC 09 50 04 CC 14 C3 6E 
15:09:06.936 Info: **R=>: C5 CC 09 50 04 74 FF FF 9F 
15:09:06.986 Info: **R=>: C5 CC 09 50 04 CE AB EC AC 
15:09:07.036 Info: **R=>: C5 CC 09 50 04 D0 AB EC AA 
15:09:07.087 Info: **R=>: C5 CC 09 50 04 76 08 EA A9 
15:09:07.138 Info: **R=>: C5 CC 09 50 04 D2 8A BD F8 
15:09:07.188 Info: **R=>: C5 CC 09 50 04 D4 8A BD F6 
15:09:07.239 Info: **R=>: C5 CC 08 50 09 00 00 0D 
15:09:07.289 Info: **R=>: C5 CC 08 50 0A 00 00 0C 
15:09:07.365 Info: **R=>: C5 CC 08 50 07 00 00 0F 
15:09:07.416 Info: **R=>: C5 CC 08 50 08 00 00 0E 
15:09:07.467 Info: **R=>: C5 CC 09 50 04 7E BD E6 F0 
15:09:07.517 Info: **R=>: C5 CC 09 50 04 D6 30 A7 64 
15:09:07.568 Info: **R=>: C5 CC 09 50 04 D8 30 A7 62 
15:09:07.619 Info: **R=>: C5 CC 09 50 04 80 A4 A4 49 
15:09:07.669 Info: **R=>: C5 CC 09 50 04 DA 1B BF 5D 
15:09:07.720 Info: **R=>: C5 CC 09 50 04 DC 1B BF 5B 
15:09:07.771 Info: **R=>: C5 CC 09 50 04 82 1A C0 B5 
15:09:07.821 Info: **R=>: C5 CC 09 50 04 DE 22 10 01 
15:09:07.872 Info: **R=>: C5 CC 09 50 04 E0 22 10 FF 
15:09:07.922 Info: **R=>: C5 CC 09 50 04 84 6D CB 55 
15:09:07.972 Info: **R=>: C5 CC 09 50 04 E2 42 3E AF 
15:09:08.023 Info: **R=>: C5 CC 09 50 04 E4 42 3E AD 
15:09:08.074 Info: **R=>: C5 CC 09 50 04 86 A3 D1 17 
15:09:08.124 Info: **R=>: C5 CC 09 50 04 E6 F8 5A D9 
15:09:08.174 Info: **R=>: C5 CC 09 50 04 E8 F8 5A D7 
15:09:08.225 Info: **R=>: C5 CC 08 50 09 00 00 0D 
15:09:08.276 Info: **R=>: C5 CC 08 50 0A 00 00 0C 
15:09:08.359 Info: **R=>: C5 CC 08 50 07 00 00 0F 
15:09:08.410 Info: **R=>: C5 CC 08 50 08 00 00 0E 
15:09:08.461 Info: **R=>: C5 CC 09 50 04 8E 91 5F 93 
15:09:08.511 Info: **R=>: C5 CC 09 50 04 EB 70 03 B3 
15:09:08.562 Info: **R=>: C5 CC 09 50 04 ED 70 03 B1 
15:09:08.613 Info: **R=>: C5 CC 09 50 04 90 16 95 D6 
15:09:08.664 Info: **R=>: C5 CC 09 50 04 EF 5F 25 9E 
15:09:08.714 Info: **R=>: C5 CC 09 50 04 F1 5F 25 9C 
15:09:08.765 Info: **R=>: C5 CC 09 50 04 92 98 B7 30 
15:09:08.816 Info: **R=>: C5 CC 09 50 04 F3 74 90 1A 
15:09:08.867 Info: **R=>: C5 CC 09 50 04 F5 74 90 18 
15:09:08.918 Info: **R=>: C5 CC 09 50 04 94 A7 CF 07 
15:09:08.969 Info: **R=>: C5 CC 09 50 04 F7 84 60 36 
15:09:09.019 Info: **R=>: C5 CC 09 50 04 F9 84 60 34 
15:09:09.070 Info: **R=>: C5 CC 09 50 04 96 12 EF 7A 
15:09:09.120 Info: **R=>: C5 CC 09 50 04 FB 8A F0 9C 
15:09:09.172 Info: **R=>: C5 CC 09 50 04 FD 8A F0 9A 
15:09:09.223 Info: **R=>: C5 CC 08 50 09 00 00 0D 
15:09:09.274 Info: **R=>: C5 CC 08 50 0A 00 00 0C 
15:09:09.356 Info: **R=>: C1 CC 08 50 07 00 00 13 
15:09:09.407 Info: **R=>: C1 CC 08 50 08 00 00 12 
15:09:09.458 Info: **R=>: C1 CC 09 50 04 8F DC 14 96 
15:09:09.508 Info: **R=>: C1 CC 09 50 04 91 38 46 06 
15:09:09.559 Info: **R=>: C1 CC 09 50 04 93 C5 00 BD 
15:09:09.610 Info: **R=>: C1 CC 09 50 04 95 CA E9 CD 
15:09:09.661 Info: **R=>: C1 CC 09 50 04 97 AC 25 AD 
15:09:09.712 Info: **R=>: C1 CC 09 50 04 99 6D 4B C4 
15:09:09.763 Info: **R=>: C1 CC 09 50 04 9B 1C 97 C7 
15:09:09.814 Info: **R=>: C1 CC 09 50 04 9D A1 E2 F5 
15:09:09.864 Info: **R=>: C1 CC 09 50 04 9F 57 00 1F 
15:09:09.915 Info: **R=>: C1 CC 09 50 04 A1 40 9E 96 
15:09:09.967 Info: **R=>: C1 CC 09 50 04 A3 D2 C5 DB 
15:09:10.017 Info: **R=>: C1 CC 09 50 04 A5 75 ED 0E 
15:09:10.068 Info: **R=>: C1 CC 09 50 04 A7 EB 8F F4 
15:09:10.119 Info: **R=>: C1 CC 09 50 04 A9 55 00 17 
15:09:10.169 Info: **R=>: C1 CC 09 50 04 AB D7 D7 BC 
15:09:10.220 Info: **R=>: C1 CC 09 50 04 AD DA EF 9F 
15:09:10.271 Info: **R=>: C1 CC 08 50 09 00 00 11 
15:09:10.321 Info: **R=>: C1 CC 08 50 0A 00 00 10 
15:09:10.408 Info: **R=>: C1 CC 08 50 07 00 00 13 
15:09:10.459 Info: **R=>: C1 CC 08 50 08 00 00 12 
15:09:10.510 Info: **R=>: C1 CC 09 50 04 AF 00 00 66 
15:09:10.560 Info: **R=>: C1 CC 09 50 04 B1 B1 00 B3 
15:09:10.611 Info: **R=>: C1 CC 09 50 04 B3 E8 8B EF 
15:09:10.662 Info: **R=>: C1 CC 09 50 04 B5 A3 E9 D4 
15:09:10.713 Info: **R=>: C1 CC 09 50 04 B7 A7 25 92 
15:09:10.764 Info: **R=>: C1 CC 09 50 04 B9 5F 00 FD 
15:09:10.814 Info: **R=>: C1 CC 09 50 04 BB FE 96 C6 
15:09:10.865 Info: **R=>: C1 CC 09 50 04 BD A4 E2 D2 
15:09:10.916 Info: **R=>: C1 CC 09 50 04 BF B3 76 2D 
15:09:10.966 Info: **R=>: C1 CC 09 50 04 C1 50 9E 66 
15:09:11.017 Info: **R=>: C1 CC 09 50 04 C3 DD C5 B0 
15:09:11.068 Info: **R=>: C1 CC 09 50 04 C5 57 00 F9 
15:09:11.119 Info: **R=>: C1 CC 09 50 04 C7 ED 8F D2 
15:09:11.170 Info: **R=>: C1 CC 09 50 04 C9 54 00 F8 
15:09:11.221 Info: **R=>: C1 CC 09 50 04 CB E9 D7 8A 
15:09:11.272 Info: **R=>: C1 CC 09 50 04 CD F0 EF 69 
15:09:11.323 Info: **R=>: C1 CC 08 50 09 00 00 11 
15:09:11.374 Info: **R=>: C1 CC 08 50 0A 00 00 10 
15:09:11.426 Info: **R=>: C1 CC 08 50 07 00 00 13 
15:09:11.477 Info: **R=>: C1 CC 08 50 08 00 00 12 
15:09:11.528 Info: **R=>: C1 CC 09 50 04 4C 90 18 21 
15:09:11.579 Info: **R=>: C1 CC 09 50 04 4E 36 3E 53 
15:09:11.629 Info: **R=>: C1 CC 09 50 04 50 FC 12 B7 
15:09:11.680 Info: **R=>: C1 CC 09 50 04 52 EC DE F9 
15:09:11.730 Info: **R=>: C1 CC 09 50 04 54 6C 24 31 
15:09:11.782 Info: **R=>: C1 CC 09 50 04 56 9F 02 1E 
15:09:11.833 Info: **R=>: C1 CC 09 50 04 58 89 95 9F 
15:09:11.885 Info: **R=>: C1 CC 09 50 04 5A 36 E1 A4 
15:09:11.935 Info: **R=>: C1 CC 09 50 04 5C ED 75 57 
15:09:11.986 Info: **R=>: C1 CC 09 50 04 5E 7C 9D 9E 
15:09:12.038 Info: **R=>: C1 CC 09 50 04 60 FF C4 F2 
15:09:12.088 Info: **R=>: C1 CC 09 50 04 62 67 01 4B 
15:09:12.139 Info: **R=>: C1 CC 09 50 04 64 58 8F CA 
15:09:12.189 Info: **R=>: C1 CC 09 50 04 66 49 B3 B3 
15:09:12.240 Info: **R=>: C1 CC 09 50 04 68 3D D7 99 
15:09:12.291 Info: **R=>: C1 CC 09 50 04 6A 46 EE 77 
15:09:12.342 Info: **R=>: C1 CC 08 50 09 00 00 11 
15:09:12.393 Info: **R=>: C1 CC 08 50 0A 00 00 10 
15:09:12.479 Info: **R=>: C1 CC 08 50 07 00 00 13 
15:09:12.530 Info: **R=>: C1 CC 08 50 08 00 00 12 
15:09:12.581 Info: **R=>: C1 CC 09 50 04 6C 74 03 32 
15:09:12.631 Info: **R=>: C1 CC 09 50 04 6E FC 44 67 
15:09:12.682 Info: **R=>: C1 CC 09 50 04 70 30 8B EA 
15:09:12.733 Info: **R=>: C1 CC 09 50 04 72 C7 E8 F4 
15:09:12.784 Info: **R=>: C1 CC 09 50 04 74 84 25 F8 
15:09:12.836 Info: **R=>: C1 CC 09 50 04 76 4B 4B 09 
15:09:12.886 Info: **R=>: C1 CC 09 50 04 78 9A 00 03 
15:09:12.937 Info: **R=>: C1 CC 09 50 04 7A 6D E2 4C 
15:09:12.988 Info: **R=>: C1 CC 09 50 04 7C 95 76 8E 
15:09:13.040 Info: **R=>: C1 CC 09 50 04 7E 2E 9E CB 
15:09:13.090 Info: **R=>: C1 CC 09 50 04 80 BC C5 14 
15:09:13.142 Info: **R=>: C1 CC 09 50 04 82 4E ED 58 
15:09:13.192 Info: **R=>: C1 CC 09 50 04 84 D5 8F 2D 
15:09:13.243 Info: **R=>: C1 CC 09 50 04 86 D0 B3 0C 
15:09:13.295 Info: **R=>: C1 CC 09 50 04 88 CB D7 EB 
15:09:13.346 Info: **R=>: C1 CC 09 50 04 8A 0C 00 7F 
15:09:13.397 Info: **R=>: C1 CC 08 50 09 00 00 11 
15:09:13.447 Info: **R=>: C1 CC 08 50 0A 00 00 10 
15:09:13.537 Info: **R=>: C8 CC 60 11 00 00 FA 
15:09:13.588 Info: **R=>: C8 CC 60 12 00 00 F9 
15:09:13.639 Info: **R=>: C8 CC 53 9D 72 02 07 
15:09:13.690 Info: **R=>: C8 CC 53 9F FF FF 7B 
15:09:13.741 Info: **R=>: C8 CC 53 A1 F2 4A 3B 
15:09:13.791 Info: **R=>: C8 CC 53 A3 F0 7C 09 
15:09:13.886 Info: **R=>: C5 CC 08 50 07 00 00 0F 
15:09:13.937 Info: **R=>: C5 CC 08 50 08 00 00 0E 
15:09:13.988 Info: **R=>: C5 CC 09 50 04 98 FF 7F FB 
15:09:14.039 Info: **R=>: C5 CC 09 50 04 9A CE 97 12 
15:09:14.090 Info: **R=>: C5 CC 09 50 04 9C 25 80 D0 
15:09:14.141 Info: **R=>: C5 CC 09 50 04 9E 14 F7 68 
15:09:14.192 Info: **R=>: C5 CC 08 50 09 00 00 0D 
15:09:14.242 Info: **R=>: C5 CC 08 50 0A 00 00 0C 
15:09:14.433 Info: **R=>: C5 CC 08 50 07 00 00 0F 
15:09:14.483 Info: **R=>: C5 CC 08 50 08 00 00 0E 
15:09:14.534 Info: **R=>: C5 CC 09 50 04 A0 0A 82 E5 
15:09:14.586 Info: **R=>: C5 CC 09 50 04 A2 51 6A B4 
15:09:14.636 Info: **R=>: C5 CC 09 50 04 A4 A5 3A 8E 
15:09:14.686 Info: **R=>: C5 CC 09 50 04 A6 F8 0A 69 
15:09:14.737 Info: **R=>: C5 CC 08 50 09 00 00 0D 
15:09:14.788 Info: **R=>: C5 CC 08 50 0A 00 00 0C 
15:41:52.435 Info: *Software Version:PCM设备自动校准  Ver1.0 [20240702]
15:41:52.443 Info: *Host Name:DESKTOP-NMLHP53
15:41:52.591 Info: *OS Name:Microsoft Windows 10 专业版
15:41:52.591 Info: *Is64BitOS:True
15:41:53.741 Info: *Cpu Name:Intel(R) Core(TM) i5-10500 CPU @ 3.10GHz
15:41:53.754 Info: *Memory:7.75GB
15:41:53.754 Info: *Drives:C:\,D:\,E:\,F:\,G:\
15:41:53.754 Info: ************************************
15:42:05.190 Info: **R=>: C8 CC 60 11 00 00 FA 
15:42:05.241 Info: **R=>: C8 CC 60 12 00 00 F9 
15:42:05.292 Info: **R=>: C8 CC 53 07 0F 00 02 
15:42:05.342 Info: **R=>: C8 CC 53 09 76 03 96 
15:42:05.392 Info: **R=>: C8 CC 53 0B 65 07 A1 
15:42:05.443 Info: **R=>: C8 CC 53 0D 00 00 0B 
15:42:05.495 Info: **R=>: C8 CC 53 0F 48 4C 75 
15:42:05.546 Info: **R=>: C8 CC 53 11 E7 64 BC 
15:42:05.596 Info: **R=>: C8 CC 53 13 82 7D 06 
15:42:05.648 Info: **R=>: C8 CC 53 15 00 00 03 
15:42:05.698 Info: **R=>: C8 CC 53 17 BC AE 97 
15:42:05.749 Info: **R=>: C8 CC 53 19 53 C7 E5 
15:42:05.801 Info: **R=>: C8 CC 53 1B ED DF 31 
15:42:05.852 Info: **R=>: C8 CC 53 1D 89 F8 7A 
15:42:05.902 Info: **R=>: C8 CC 53 51 88 02 3D 
15:42:05.953 Info: **R=>: C8 CC 53 53 83 03 3F 
15:42:06.004 Info: **R=>: C8 CC 53 55 73 07 49 
15:42:06.055 Info: **R=>: C8 CC 53 57 9F 02 20 
15:42:06.105 Info: **R=>: C8 CC 53 59 56 4C 1D 
15:42:06.155 Info: **R=>: C8 CC 53 5B F0 64 69 
15:42:06.207 Info: **R=>: C8 CC 53 5D 8B 7D B3 
15:42:06.257 Info: **R=>: C8 CC 53 5F 91 02 26 
15:42:06.308 Info: **R=>: C8 CC 53 61 C0 AE 49 
15:42:06.359 Info: **R=>: C8 CC 53 63 5A C7 94 
15:42:06.410 Info: **R=>: C8 CC 53 65 F4 DF E0 
15:42:06.460 Info: **R=>: C8 CC 53 67 8E F8 2B 
15:42:06.511 Info: **R=>: C8 CC 80 05 00 00 E6 
15:42:06.562 Info: **R=>: C8 CC 80 06 00 00 E5 
15:42:06.625 Info: **R=>: C8 CC 60 11 00 00 FA 
15:42:06.676 Info: **R=>: C8 CC 60 12 00 00 F9 
15:42:06.726 Info: **R=>: C8 CC 53 25 00 00 F3 
15:42:06.777 Info: **R=>: C8 CC 53 27 52 03 9C 
15:42:06.827 Info: **R=>: C8 CC 53 29 C1 08 26 
15:42:06.878 Info: **R=>: C8 CC 53 2B F4 26 D3 
15:42:06.929 Info: **R=>: C8 CC 53 2D 00 00 EB 
15:42:06.980 Info: **R=>: C8 CC 53 2F 00 00 E9 
15:42:07.031 Info: **R=>: C8 CC 53 31 B7 99 97 
15:42:07.082 Info: **R=>: C8 CC 53 33 ED B7 41 
15:42:07.133 Info: **R=>: C8 CC 53 6F 6E 02 39 
15:42:07.183 Info: **R=>: C8 CC 53 71 09 03 9B 
15:42:07.234 Info: **R=>: C8 CC 53 73 77 08 26 
15:42:07.285 Info: **R=>: C8 CC 53 75 A2 26 DB 
15:42:07.335 Info: **R=>: C8 CC 53 77 6E 02 31 
15:42:07.386 Info: **R=>: C8 CC 53 79 6E 02 2F 
15:42:07.436 Info: **R=>: C8 CC 53 7B 53 99 B1 
15:42:07.487 Info: **R=>: C8 CC 53 7D 82 B7 62 
15:42:07.538 Info: **R=>: C8 CC 80 05 00 00 E6 
15:42:07.588 Info: **R=>: C8 CC 80 06 00 00 E5 
15:42:07.650 Info: **R=>: C8 CC 60 11 00 00 FA 
15:42:07.700 Info: **R=>: C8 CC 60 12 00 00 F9 
15:42:07.751 Info: **R=>: C8 CC 53 3B CE 14 FB 
15:42:07.802 Info: **R=>: C8 CC 53 3D DF 20 DC 
15:42:07.853 Info: **R=>: C8 CC 53 3F 07 3F 93 
15:42:07.903 Info: **R=>: C8 CC 53 41 00 00 D7 
15:42:07.953 Info: **R=>: C8 CC 53 43 53 7B 07 
15:42:08.004 Info: **R=>: C8 CC 53 45 76 99 C4 
15:42:08.054 Info: **R=>: C8 CC 53 47 9C B7 7E 
15:42:08.105 Info: **R=>: C8 CC 53 85 81 14 FE 
15:42:08.156 Info: **R=>: C8 CC 53 87 8E 20 E3 
15:42:08.206 Info: **R=>: C8 CC 53 89 B0 3E A1 
15:42:08.257 Info: **R=>: C8 CC 53 8B 6E 02 1D 
15:42:08.308 Info: **R=>: C8 CC 53 8D F1 7A 20 
15:42:08.359 Info: **R=>: C8 CC 53 8F 10 99 E0 
15:42:08.410 Info: **R=>: C8 CC 53 91 2F B7 A1 
15:42:08.461 Info: **R=>: C8 CC 80 05 00 00 E6 
15:42:08.512 Info: **R=>: C8 CC 80 06 00 00 E5 
15:42:08.577 Info: **R=>: C5 CC 08 50 07 00 00 0F 
15:42:08.627 Info: **R=>: C5 CC 08 50 08 00 00 0E 
15:42:08.678 Info: **R=>: C5 CC 09 50 04 4B 00 00 C6 
15:42:08.729 Info: **R=>: C5 CC 09 50 04 4D E7 04 D9 
15:42:08.779 Info: **R=>: C5 CC 09 50 04 4F 96 18 14 
15:42:08.831 Info: **R=>: C5 CC 09 50 04 51 00 00 C0 
15:42:08.881 Info: **R=>: C5 CC 09 50 04 53 65 62 F7 
15:42:08.932 Info: **R=>: C5 CC 09 50 04 55 00 00 BC 
15:42:08.983 Info: **R=>: C5 CC 09 50 04 57 CD C4 29 
15:42:09.033 Info: **R=>: C5 CC 09 50 04 59 01 F6 C1 
15:42:09.084 Info: **R=>: C5 CC 08 50 09 00 00 0D 
15:42:09.135 Info: **R=>: C5 CC 08 50 0A 00 00 0C 
15:42:09.200 Info: **R=>: C4 CC 08 50 07 00 00 10 
15:42:09.252 Info: **R=>: C4 CC 08 50 08 00 00 0F 
15:42:09.302 Info: **R=>: C4 CC 09 50 04 05 BB 04 4E 
15:42:09.353 Info: **R=>: C4 CC 09 50 04 07 F9 0B 07 
15:42:09.404 Info: **R=>: C4 CC 09 50 04 09 00 00 09 
15:42:09.455 Info: **R=>: C4 CC 09 50 04 0B AA 48 15 
15:42:09.506 Info: **R=>: C4 CC 09 50 04 0D C2 79 CA 
15:42:09.557 Info: **R=>: C4 CC 09 50 04 0F CB AB 8D 
15:42:09.608 Info: **R=>: C4 CC 09 50 04 11 00 00 01 
15:42:09.659 Info: **R=>: C4 CC 09 50 04 13 8C F9 7A 
15:42:09.710 Info: **R=>: C4 CC 09 50 04 2C 4D 00 99 
15:42:09.761 Info: **R=>: C4 CC 09 50 04 2E C5 00 1F 
15:42:09.812 Info: **R=>: C4 CC 09 50 04 30 8D 01 54 
15:42:09.863 Info: **R=>: C4 CC 09 50 04 32 AD 04 2F 
15:42:09.914 Info: **R=>: C4 CC 09 50 04 34 CE 07 09 
15:42:09.965 Info: **R=>: C4 CC 09 50 04 36 EE 0A E4 
15:42:10.016 Info: **R=>: C4 CC 09 50 04 38 8E 01 4B 
15:42:10.067 Info: **R=>: C4 CC 09 50 04 3A 9E 0F 2B 
15:42:10.118 Info: **R=>: C4 CC 08 50 09 00 00 0E 
15:42:10.169 Info: **R=>: C4 CC 08 50 0A 00 00 0D 
15:42:10.236 Info: **R=>: C1 CC 08 50 07 00 00 13 
15:42:10.287 Info: **R=>: C1 CC 08 50 08 00 00 12 
15:42:10.338 Info: **R=>: C1 CC 09 50 04 05 FF 00 11 
15:42:10.389 Info: **R=>: C1 CC 09 50 04 07 6B 03 A0 
15:42:10.439 Info: **R=>: C1 CC 09 50 04 09 5A 07 AB 
15:42:10.490 Info: **R=>: C1 CC 09 50 04 0B 00 00 0A 
15:42:10.541 Info: **R=>: C1 CC 09 50 04 0D A5 33 30 
15:42:10.592 Info: **R=>: C1 CC 09 50 04 0F D7 64 CB 
15:42:10.643 Info: **R=>: C1 CC 09 50 04 11 08 96 66 
15:42:10.694 Info: **R=>: C1 CC 09 50 04 13 00 00 02 
15:42:10.745 Info: **R=>: C1 CC 09 50 04 15 71 F8 97 
15:42:10.796 Info: **R=>: C1 CC 09 50 04 2C 00 00 E9 
15:42:10.847 Info: **R=>: C1 CC 09 50 04 2E DF 00 08 
15:42:10.898 Info: **R=>: C1 CC 09 50 04 30 D0 04 11 
15:42:10.949 Info: **R=>: C1 CC 09 50 04 32 76 7D F0 
15:42:11.000 Info: **R=>: C1 CC 09 50 04 34 18 31 98 
15:42:11.051 Info: **R=>: C1 CC 09 50 04 36 4C 62 31 
15:42:11.102 Info: **R=>: C1 CC 09 50 04 38 81 93 C9 
15:42:11.153 Info: **R=>: C1 CC 09 50 04 3A 76 7D E8 
15:42:11.203 Info: **R=>: C1 CC 09 50 04 3C E8 F5 FC 
15:42:11.254 Info: **R=>: C1 CC 08 50 09 00 00 11 
15:42:11.305 Info: **R=>: C1 CC 08 50 0A 00 00 10 
15:42:11.376 Info: **R=>: C1 CC 08 50 07 00 00 13 
15:42:11.427 Info: **R=>: C1 CC 08 50 08 00 00 12 
15:42:11.477 Info: **R=>: C1 CC 09 50 04 1F 00 00 F6 
15:42:11.529 Info: **R=>: C1 CC 09 50 04 21 00 00 F4 
15:42:11.580 Info: **R=>: C1 CC 09 50 04 23 EA 61 A7 
15:42:11.631 Info: **R=>: C1 CC 09 50 04 25 00 00 F0 
15:42:11.682 Info: **R=>: C1 CC 09 50 04 27 23 F1 DA 
15:42:11.733 Info: **R=>: C1 CC 09 50 04 3E 00 00 D7 
15:42:11.784 Info: **R=>: C1 CC 09 50 04 40 53 00 82 
15:42:11.834 Info: **R=>: C1 CC 09 50 04 42 52 5F 22 
15:42:11.886 Info: **R=>: C1 CC 09 50 04 44 53 00 7E 
15:42:11.937 Info: **R=>: C1 CC 09 50 04 46 8C EE 55 
15:42:11.988 Info: **R=>: C1 CC 08 50 09 00 00 11 
15:42:12.039 Info: **R=>: C1 CC 08 50 0A 00 00 10 
15:42:12.110 Info: **R=>: C5 CC 08 50 07 00 00 0F 
15:42:12.160 Info: **R=>: C5 CC 08 50 08 00 00 0E 
15:42:12.211 Info: **R=>: C5 CC 09 50 04 05 7F 00 8D 
15:42:12.261 Info: **R=>: C5 CC 09 50 04 07 A2 07 61 
15:42:12.312 Info: **R=>: C5 CC 09 50 04 09 00 00 08 
15:42:12.363 Info: **R=>: C5 CC 09 50 04 0B EE 33 E5 
15:42:12.413 Info: **R=>: C5 CC 09 50 04 0D 00 00 04 
15:42:12.464 Info: **R=>: C5 CC 09 50 04 0F 54 96 18 
15:42:12.515 Info: **R=>: C5 CC 09 50 04 11 8C C7 AD 
15:42:12.566 Info: **R=>: C5 CC 09 50 04 13 C3 F8 43 
15:42:12.617 Info: **R=>: C5 CC 09 50 04 2C 00 00 E5 
15:42:12.668 Info: **R=>: C5 CC 09 50 04 2E E8 04 F7 
15:42:12.719 Info: **R=>: C5 CC 09 50 04 30 E0 27 DA 
15:42:12.770 Info: **R=>: C5 CC 09 50 04 32 2E 31 80 
15:42:12.821 Info: **R=>: C5 CC 09 50 04 34 54 28 61 
15:42:12.872 Info: **R=>: C5 CC 09 50 04 36 8E 93 BA 
15:42:12.923 Info: **R=>: C5 CC 09 50 04 38 BE C4 57 
15:42:12.973 Info: **R=>: C5 CC 09 50 04 3A EE F5 F4 
15:42:13.024 Info: **R=>: C5 CC 08 50 09 00 00 0D 
15:42:13.075 Info: **R=>: C5 CC 08 50 0A 00 00 0C 
15:42:13.147 Info: **R=>: C5 CC 08 50 07 00 00 0F 
15:42:13.199 Info: **R=>: C5 CC 08 50 08 00 00 0E 
15:42:13.250 Info: **R=>: C5 CC 09 50 04 1F 00 00 F2 
15:42:13.300 Info: **R=>: C5 CC 09 50 04 21 00 00 F0 
15:42:13.351 Info: **R=>: C5 CC 09 50 04 23 57 62 35 
15:42:13.401 Info: **R=>: C5 CC 09 50 04 25 00 00 EC 
15:42:13.451 Info: **R=>: C5 CC 09 50 04 27 97 F1 62 
15:42:13.502 Info: **R=>: C5 CC 09 50 04 3E 03 00 D0 
15:42:13.553 Info: **R=>: C5 CC 09 50 04 40 00 00 D1 
15:42:13.603 Info: **R=>: C5 CC 09 50 04 42 79 5F F7 
15:42:13.654 Info: **R=>: C5 CC 09 50 04 44 00 00 CD 
15:42:13.706 Info: **R=>: C5 CC 09 50 04 46 B6 EE 27 
15:42:13.756 Info: **R=>: C5 CC 08 50 09 00 00 0D 
15:42:13.807 Info: **R=>: C5 CC 08 50 0A 00 00 0C 
15:42:13.885 Info: **R=>: C5 CC 08 50 07 00 00 0F 
15:42:13.936 Info: **R=>: C5 CC 08 50 08 00 00 0E 
15:42:13.987 Info: **R=>: C5 CC 09 50 04 5E D3 04 DC 
15:42:14.038 Info: **R=>: C5 CC 09 50 04 A9 00 00 68 
15:42:14.089 Info: **R=>: C5 CC 09 50 04 AB 00 00 66 
15:42:14.139 Info: **R=>: C5 CC 09 50 04 60 60 5B F6 
15:42:14.191 Info: **R=>: C5 CC 09 50 04 AD B2 A0 12 
15:42:14.241 Info: **R=>: C5 CC 09 50 04 AF B2 A0 10 
15:42:14.292 Info: **R=>: C5 CC 09 50 04 62 F1 BF FF 
15:42:14.343 Info: **R=>: C5 CC 09 50 04 B1 35 0F 1C 
15:42:14.394 Info: **R=>: C5 CC 09 50 04 B3 35 0F 1A 
15:42:14.445 Info: **R=>: C5 CC 09 50 04 64 13 EF AB 
15:42:14.495 Info: **R=>: C5 CC 09 50 04 B5 7E DC 02 
15:42:14.546 Info: **R=>: C5 CC 09 50 04 B7 7E DC 00 
15:42:14.597 Info: **R=>: C5 CC 09 50 04 66 D0 EC EF 
15:42:14.647 Info: **R=>: C5 CC 09 50 04 B9 8D D6 F5 
15:42:14.698 Info: **R=>: C5 CC 09 50 04 BB 8D D6 F3 
15:42:14.749 Info: **R=>: C5 CC 09 50 04 68 FB F3 BB 
15:42:14.800 Info: **R=>: C5 CC 09 50 04 BD 8A CD FD 
15:42:14.850 Info: **R=>: C5 CC 09 50 04 BF 8A CD FB 
15:42:14.901 Info: **R=>: C5 CC 08 50 09 00 00 0D 
15:42:14.951 Info: **R=>: C5 CC 08 50 0A 00 00 0C 
15:42:15.026 Info: **R=>: C5 CC 08 50 07 00 00 0F 
15:42:15.077 Info: **R=>: C5 CC 08 50 08 00 00 0E 
15:42:15.128 Info: **R=>: C5 CC 09 50 04 6E C6 80 5D 
15:42:15.178 Info: **R=>: C5 CC 09 50 04 C2 0C 75 CE 
15:42:15.229 Info: **R=>: C5 CC 09 50 04 C4 0C 75 CC 
15:42:15.279 Info: **R=>: C5 CC 09 50 04 70 DA B7 10 
15:42:15.330 Info: **R=>: C5 CC 09 50 04 C6 11 5E DC 
15:42:15.382 Info: **R=>: C5 CC 09 50 04 C8 11 5E DA 
15:42:15.432 Info: **R=>: C5 CC 09 50 04 72 80 D6 49 
15:42:15.483 Info: **R=>: C5 CC 09 50 04 CA 14 C3 70 
15:42:15.534 Info: **R=>: C5 CC 09 50 04 CC 14 C3 6E 
15:42:15.585 Info: **R=>: C5 CC 09 50 04 74 FF FF 9F 
15:42:15.636 Info: **R=>: C5 CC 09 50 04 CE AB EC AC 
15:42:15.687 Info: **R=>: C5 CC 09 50 04 D0 AB EC AA 
15:42:15.738 Info: **R=>: C5 CC 09 50 04 76 08 EA A9 
15:42:15.789 Info: **R=>: C5 CC 09 50 04 D2 8A BD F8 
15:42:15.840 Info: **R=>: C5 CC 09 50 04 D4 8A BD F6 
15:42:15.892 Info: **R=>: C5 CC 08 50 09 00 00 0D 
15:42:15.943 Info: **R=>: C5 CC 08 50 0A 00 00 0C 
15:42:16.020 Info: **R=>: C5 CC 08 50 07 00 00 0F 
15:42:16.070 Info: **R=>: C5 CC 08 50 08 00 00 0E 
15:42:16.122 Info: **R=>: C5 CC 09 50 04 7E BD E6 F0 
15:42:16.172 Info: **R=>: C5 CC 09 50 04 D6 30 A7 64 
15:42:16.223 Info: **R=>: C5 CC 09 50 04 D8 30 A7 62 
15:42:16.273 Info: **R=>: C5 CC 09 50 04 80 A4 A4 49 
15:42:16.324 Info: **R=>: C5 CC 09 50 04 DA 1B BF 5D 
15:42:16.375 Info: **R=>: C5 CC 09 50 04 DC 1B BF 5B 
15:42:16.426 Info: **R=>: C5 CC 09 50 04 82 1A C0 B5 
15:42:16.476 Info: **R=>: C5 CC 09 50 04 DE 22 10 01 
15:42:16.527 Info: **R=>: C5 CC 09 50 04 E0 22 10 FF 
15:42:16.578 Info: **R=>: C5 CC 09 50 04 84 6D CB 55 
15:42:16.628 Info: **R=>: C5 CC 09 50 04 E2 42 3E AF 
15:42:16.679 Info: **R=>: C5 CC 09 50 04 E4 42 3E AD 
15:42:16.729 Info: **R=>: C5 CC 09 50 04 86 A3 D1 17 
15:42:16.780 Info: **R=>: C5 CC 09 50 04 E6 F8 5A D9 
15:42:16.830 Info: **R=>: C5 CC 09 50 04 E8 F8 5A D7 
15:42:16.881 Info: **R=>: C5 CC 08 50 09 00 00 0D 
15:42:16.931 Info: **R=>: C5 CC 08 50 0A 00 00 0C 
15:42:17.014 Info: **R=>: C5 CC 08 50 07 00 00 0F 
15:42:17.064 Info: **R=>: C5 CC 08 50 08 00 00 0E 
15:42:17.115 Info: **R=>: C5 CC 09 50 04 8E 91 5F 93 
15:42:17.167 Info: **R=>: C5 CC 09 50 04 EB 70 03 B3 
15:42:17.217 Info: **R=>: C5 CC 09 50 04 ED 70 03 B1 
15:42:17.268 Info: **R=>: C5 CC 09 50 04 90 16 95 D6 
15:42:17.319 Info: **R=>: C5 CC 09 50 04 EF 5F 25 9E 
15:42:17.370 Info: **R=>: C5 CC 09 50 04 F1 5F 25 9C 
15:42:17.421 Info: **R=>: C5 CC 09 50 04 92 98 B7 30 
15:42:17.472 Info: **R=>: C5 CC 09 50 04 F3 74 90 1A 
15:42:17.523 Info: **R=>: C5 CC 09 50 04 F5 74 90 18 
15:42:17.573 Info: **R=>: C5 CC 09 50 04 94 A7 CF 07 
15:42:17.625 Info: **R=>: C5 CC 09 50 04 F7 84 60 36 
15:42:17.675 Info: **R=>: C5 CC 09 50 04 F9 84 60 34 
15:42:17.727 Info: **R=>: C5 CC 09 50 04 96 12 EF 7A 
15:42:17.777 Info: **R=>: C5 CC 09 50 04 FB 8A F0 9C 
15:42:17.829 Info: **R=>: C5 CC 09 50 04 FD 8A F0 9A 
15:42:17.879 Info: **R=>: C5 CC 08 50 09 00 00 0D 
15:42:17.930 Info: **R=>: C5 CC 08 50 0A 00 00 0C 
15:42:18.012 Info: **R=>: C1 CC 08 50 07 00 00 13 
15:42:18.062 Info: **R=>: C1 CC 08 50 08 00 00 12 
15:42:18.113 Info: **R=>: C1 CC 09 50 04 8F DC 14 96 
15:42:18.164 Info: **R=>: C1 CC 09 50 04 91 38 46 06 
15:42:18.215 Info: **R=>: C1 CC 09 50 04 93 C5 00 BD 
15:42:18.265 Info: **R=>: C1 CC 09 50 04 95 CA E9 CD 
15:42:18.316 Info: **R=>: C1 CC 09 50 04 97 AC 25 AD 
15:42:18.367 Info: **R=>: C1 CC 09 50 04 99 6D 4B C4 
15:42:18.418 Info: **R=>: C1 CC 09 50 04 9B 1C 97 C7 
15:42:18.468 Info: **R=>: C1 CC 09 50 04 9D A1 E2 F5 
15:42:18.519 Info: **R=>: C1 CC 09 50 04 9F 57 00 1F 
15:42:18.570 Info: **R=>: C1 CC 09 50 04 A1 40 9E 96 
15:42:18.620 Info: **R=>: C1 CC 09 50 04 A3 D2 C5 DB 
15:42:18.670 Info: **R=>: C1 CC 09 50 04 A5 75 ED 0E 
15:42:18.721 Info: **R=>: C1 CC 09 50 04 A7 EB 8F F4 
15:42:18.771 Info: **R=>: C1 CC 09 50 04 A9 55 00 17 
15:42:18.822 Info: **R=>: C1 CC 09 50 04 AB D7 D7 BC 
15:42:18.873 Info: **R=>: C1 CC 09 50 04 AD DA EF 9F 
15:42:18.924 Info: **R=>: C1 CC 08 50 09 00 00 11 
15:42:18.975 Info: **R=>: C1 CC 08 50 0A 00 00 10 
15:42:19.058 Info: **R=>: C1 CC 08 50 07 00 00 13 
15:42:19.108 Info: **R=>: C1 CC 08 50 08 00 00 12 
15:42:19.158 Info: **R=>: C1 CC 09 50 04 AF 00 00 66 
15:42:19.209 Info: **R=>: C1 CC 09 50 04 B1 B1 00 B3 
15:42:19.260 Info: **R=>: C1 CC 09 50 04 B3 E8 8B EF 
15:42:19.310 Info: **R=>: C1 CC 09 50 04 B5 A3 E9 D4 
15:42:19.360 Info: **R=>: C1 CC 09 50 04 B7 A7 25 92 
15:42:19.411 Info: **R=>: C1 CC 09 50 04 B9 5F 00 FD 
15:42:19.462 Info: **R=>: C1 CC 09 50 04 BB FE 96 C6 
15:42:19.513 Info: **R=>: C1 CC 09 50 04 BD A4 E2 D2 
15:42:19.564 Info: **R=>: C1 CC 09 50 04 BF B3 76 2D 
15:42:19.614 Info: **R=>: C1 CC 09 50 04 C1 50 9E 66 
15:42:19.666 Info: **R=>: C1 CC 09 50 04 C3 DD C5 B0 
15:42:19.716 Info: **R=>: C1 CC 09 50 04 C5 57 00 F9 
15:42:19.767 Info: **R=>: C1 CC 09 50 04 C7 ED 8F D2 
15:42:19.818 Info: **R=>: C1 CC 09 50 04 C9 54 00 F8 
15:42:19.868 Info: **R=>: C1 CC 09 50 04 CB E9 D7 8A 
15:42:19.920 Info: **R=>: C1 CC 09 50 04 CD F0 EF 69 
15:42:19.970 Info: **R=>: C1 CC 08 50 09 00 00 11 
15:42:20.021 Info: **R=>: C1 CC 08 50 0A 00 00 10 
15:42:20.106 Info: **R=>: C1 CC 08 50 07 00 00 13 
15:42:20.157 Info: **R=>: C1 CC 08 50 08 00 00 12 
15:42:20.208 Info: **R=>: C1 CC 09 50 04 4C 90 18 21 
15:42:20.259 Info: **R=>: C1 CC 09 50 04 4E 36 3E 53 
15:42:20.310 Info: **R=>: C1 CC 09 50 04 50 FC 12 B7 
15:42:20.361 Info: **R=>: C1 CC 09 50 04 52 EC DE F9 
15:42:20.411 Info: **R=>: C1 CC 09 50 04 54 6C 24 31 
15:42:20.463 Info: **R=>: C1 CC 09 50 04 56 9F 02 1E 
15:42:20.513 Info: **R=>: C1 CC 09 50 04 58 89 95 9F 
15:42:20.564 Info: **R=>: C1 CC 09 50 04 5A 36 E1 A4 
15:42:20.615 Info: **R=>: C1 CC 09 50 04 5C ED 75 57 
15:42:20.665 Info: **R=>: C1 CC 09 50 04 5E 7C 9D 9E 
15:42:20.716 Info: **R=>: C1 CC 09 50 04 60 FF C4 F2 
15:42:20.767 Info: **R=>: C1 CC 09 50 04 62 67 01 4B 
15:42:20.818 Info: **R=>: C1 CC 09 50 04 64 58 8F CA 
15:42:20.869 Info: **R=>: C1 CC 09 50 04 66 49 B3 B3 
15:42:20.919 Info: **R=>: C1 CC 09 50 04 68 3D D7 99 
15:42:20.970 Info: **R=>: C1 CC 09 50 04 6A 46 EE 77 
15:42:21.020 Info: **R=>: C1 CC 08 50 09 00 00 11 
15:42:21.071 Info: **R=>: C1 CC 08 50 0A 00 00 10 
15:42:21.157 Info: **R=>: C1 CC 08 50 07 00 00 13 
15:42:21.208 Info: **R=>: C1 CC 08 50 08 00 00 12 
15:42:21.258 Info: **R=>: C1 CC 09 50 04 6C 74 03 32 
15:42:21.308 Info: **R=>: C1 CC 09 50 04 6E FC 44 67 
15:42:21.359 Info: **R=>: C1 CC 09 50 04 70 30 8B EA 
15:42:21.410 Info: **R=>: C1 CC 09 50 04 72 C7 E8 F4 
15:42:21.461 Info: **R=>: C1 CC 09 50 04 74 84 25 F8 
15:42:21.511 Info: **R=>: C1 CC 09 50 04 76 4B 4B 09 
15:42:21.562 Info: **R=>: C1 CC 09 50 04 78 9A 00 03 
15:42:21.613 Info: **R=>: C1 CC 09 50 04 7A 6D E2 4C 
15:42:21.664 Info: **R=>: C1 CC 09 50 04 7C 95 76 8E 
15:42:21.719 Info: **R=>: C1 CC 09 50 04 7E 2E 9E CB 
15:42:21.769 Info: **R=>: C1 CC 09 50 04 80 BC C5 14 
15:42:21.820 Info: **R=>: C1 CC 09 50 04 82 4E ED 58 
15:42:21.871 Info: **R=>: C1 CC 09 50 04 84 D5 8F 2D 
15:42:21.922 Info: **R=>: C1 CC 09 50 04 86 D0 B3 0C 
15:42:21.972 Info: **R=>: C1 CC 09 50 04 88 CB D7 EB 
15:42:22.023 Info: **R=>: C1 CC 09 50 04 8A 0C 00 7F 
15:42:22.074 Info: **R=>: C1 CC 08 50 09 00 00 11 
15:42:22.125 Info: **R=>: C1 CC 08 50 0A 00 00 10 
15:42:22.214 Info: **R=>: C8 CC 60 11 00 00 FA 
15:42:22.265 Info: **R=>: C8 CC 60 12 00 00 F9 
15:42:22.316 Info: **R=>: C8 CC 53 9D 72 02 07 
15:42:22.367 Info: **R=>: C8 CC 53 9F FF FF 7B 
15:42:22.418 Info: **R=>: C8 CC 53 A1 F2 4A 3B 
15:42:22.469 Info: **R=>: C8 CC 53 A3 F0 7C 09 
15:42:22.558 Info: **R=>: C5 CC 08 50 07 00 00 0F 
15:42:22.609 Info: **R=>: C5 CC 08 50 08 00 00 0E 
15:42:22.660 Info: **R=>: C5 CC 09 50 04 98 FF 7F FB 
15:42:22.711 Info: **R=>: C5 CC 09 50 04 9A CE 97 12 
15:42:22.762 Info: **R=>: C5 CC 09 50 04 9C 25 80 D0 
15:42:22.813 Info: **R=>: C5 CC 09 50 04 9E 14 F7 68 
15:42:22.864 Info: **R=>: C5 CC 08 50 09 00 00 0D 
15:42:22.915 Info: **R=>: C5 CC 08 50 0A 00 00 0C 
15:42:23.002 Info: **R=>: C5 CC 08 50 07 00 00 0F 
15:42:23.053 Info: **R=>: C5 CC 08 50 08 00 00 0E 
15:42:23.104 Info: **R=>: C5 CC 09 50 04 A0 0A 82 E5 
15:42:23.155 Info: **R=>: C5 CC 09 50 04 A2 51 6A B4 
15:42:23.206 Info: **R=>: C5 CC 09 50 04 A4 A5 3A 8E 
15:42:23.257 Info: **R=>: C5 CC 09 50 04 A6 F8 0A 69 
15:42:23.308 Info: **R=>: C5 CC 08 50 09 00 00 0D 
15:42:23.359 Info: **R=>: C5 CC 08 50 0A 00 00 0C 
15:47:27.874 Info: *Software Version:PCM设备自动校准  Ver1.0 [20240702]
15:47:27.882 Info: *Host Name:DESKTOP-NMLHP53
15:47:28.027 Info: *OS Name:Microsoft Windows 10 专业版
15:47:28.027 Info: *Is64BitOS:True
15:47:29.175 Info: *Cpu Name:Intel(R) Core(TM) i5-10500 CPU @ 3.10GHz
15:47:29.187 Info: *Memory:7.75GB
15:47:29.188 Info: *Drives:C:\,D:\,E:\,F:\,G:\
15:47:29.188 Info: ************************************
15:47:37.819 Info: 连接: COM55-115200-8-Parity.None-StopsBits.One
15:47:38.037 Info: --------充电电压开始校准----------
15:47:38.051 Info: **W=>: C8 CC 71 03 00 00 00 F7 
15:47:38.102 Info: **R=>: C8 CC 71 03 00 00 00 F7 
15:47:38.103 Info: **W=>: C8 CC 61 05 00 00 05 
15:47:38.154 Info: **R=>: C8 CC 61 05 00 00 05 
15:47:38.154 Info: **W=>: C8 CC 61 03 00 00 07 
15:47:38.204 Info: **R=>: C8 CC 61 03 00 00 07 
15:47:38.204 Info: **W=>: C8 CC 71 05 00 00 00 F5 
15:47:38.255 Info: **R=>: C8 CC 71 05 00 00 00 F5 
15:47:38.255 Info: **W=>: C8 CC 71 1B 01 00 00 DE 
15:47:38.306 Info: **R=>: C8 CC 71 1B 01 00 00 DE 
15:47:38.306 Info: **W=>: C8 CC 71 04 01 00 00 F5 
15:47:38.356 Info: **R=>: C8 CC 71 04 01 00 00 F5 
15:47:38.356 Info: **W=>: C8 CC 71 02 00 00 00 F8 
15:47:38.407 Info: **R=>: C8 CC 71 02 00 00 00 F8 
15:47:38.407 Info: **W=>: C8 CC 71 01 01 00 00 F8 
15:47:38.458 Info: **R=>: C8 CC 71 01 01 00 00 F8 
15:47:38.458 Info: **W=>: C8 CC 71 2C 01 00 00 CD 
15:47:38.509 Info: **R=>: C8 CC 71 2C 01 00 00 CD 
15:47:38.509 Info: **W=>: C8 CC 71 2F 00 00 00 CB 
15:47:38.560 Info: **R=>: C8 CC 71 2F 00 00 00 CB 
15:47:38.560 Info: **W=>: C8 CC 71 2E 01 00 00 CB 
15:47:38.610 Info: **R=>: C8 CC 71 2E 01 00 00 CB 
15:47:38.610 Info: **W=>: C8 CC 71 2B 00 00 00 CF 
15:47:38.661 Info: **R=>: C8 CC 71 2B 00 00 00 CF 
15:47:38.661 Info: **W=>: C8 CC 71 03 01 00 00 F6 
15:47:38.712 Info: **R=>: C8 CC 71 03 01 00 00 F6 
15:47:38.712 Info: **W=>: C8 CC 60 11 00 00 FA 
15:47:38.762 Info: **R=>: C8 CC 60 11 00 00 FA 
15:47:38.762 Info: **W=>: C8 CC 60 12 00 00 F9 
15:47:38.813 Info: **R=>: C8 CC 60 12 00 00 F9 
15:47:38.834 Info: **W=>: C8 CC 61 01 00 00 09 
15:47:38.885 Info: **R=>: C8 CC 61 01 00 00 09 
15:47:38.885 Info: **W=>: C8 CC 71 03 00 00 00 F7 
15:47:38.937 Info: **R=>: C8 CC 71 03 00 00 00 F7 
15:47:38.937 Info: **W=>: CF CC 08 70 FE 00 00 EE 
15:47:38.988 Info: **R=>: CF CC 08 70 FE 00 00 EE 
15:47:38.989 Info: 充电电压校准结果：充电电压校准失败_未设初始值
15:47:38.989 Info: --------充电电压结束校准----------
15:47:38.995 Info: 断开连接*****************
15:47:46.260 Info: 连接: COM55-115200-8-Parity.None-StopsBits.One
15:47:46.378 Info: --------充电电压开始校准----------
15:47:46.378 Info: **W=>: C8 CC 71 03 00 00 00 F7 
15:47:46.429 Info: **R=>: C8 CC 71 03 00 00 00 F7 
15:47:46.429 Info: **W=>: C8 CC 61 05 00 00 05 
15:47:46.480 Info: **R=>: C8 CC 61 05 00 00 05 
15:47:46.480 Info: **W=>: C8 CC 61 03 00 00 07 
15:47:46.531 Info: **R=>: C8 CC 61 03 00 00 07 
15:47:46.531 Info: **W=>: C8 CC 71 05 00 00 00 F5 
15:47:46.582 Info: **R=>: C8 CC 71 05 00 00 00 F5 
15:47:46.582 Info: **W=>: C8 CC 71 1B 01 00 00 DE 
15:47:46.632 Info: **R=>: C8 CC 71 1B 01 00 00 DE 
15:47:46.632 Info: **W=>: C8 CC 71 04 01 00 00 F5 
15:47:46.682 Info: **R=>: C8 CC 71 04 01 00 00 F5 
15:47:46.682 Info: **W=>: C8 CC 71 02 00 00 00 F8 
15:47:46.733 Info: **R=>: C8 CC 71 02 00 00 00 F8 
15:47:46.733 Info: **W=>: C8 CC 71 01 01 00 00 F8 
15:47:46.784 Info: **R=>: C8 CC 71 01 01 00 00 F8 
15:47:46.784 Info: **W=>: C8 CC 71 2C 01 00 00 CD 
15:47:46.834 Info: **R=>: C8 CC 71 2C 01 00 00 CD 
15:47:46.834 Info: **W=>: C8 CC 71 2F 00 00 00 CB 
15:47:46.884 Info: **R=>: C8 CC 71 2F 00 00 00 CB 
15:47:46.884 Info: **W=>: C8 CC 71 2E 01 00 00 CB 
15:47:46.935 Info: **R=>: C8 CC 71 2E 01 00 00 CB 
15:47:46.935 Info: **W=>: C8 CC 71 2B 00 00 00 CF 
15:47:46.986 Info: **R=>: C8 CC 71 2B 00 00 00 CF 
15:47:46.986 Info: **W=>: C8 CC 71 03 01 00 00 F6 
15:47:47.037 Info: **R=>: C8 CC 71 03 01 00 00 F6 
15:47:47.037 Info: **W=>: C8 CC 60 11 00 00 FA 
15:47:47.087 Info: **R=>: C8 CC 60 11 00 00 FA 
15:47:47.087 Info: **W=>: C8 CC 60 12 00 00 F9 
15:47:47.138 Info: **R=>: C8 CC 60 12 00 00 F9 
15:47:47.152 Info: **W=>: C8 CC 61 01 00 00 09 
15:47:47.204 Info: **R=>: C8 CC 61 01 00 00 09 
15:47:47.204 Info: **W=>: C8 CC 71 03 00 00 00 F7 
15:47:47.255 Info: **R=>: C8 CC 71 03 00 00 00 F7 
15:47:47.255 Info: **W=>: CF CC 08 70 FE 00 00 EE 
15:47:47.305 Info: **R=>: CF CC 08 70 FE 00 00 EE 
15:47:47.305 Info: 充电电压校准结果：充电电压校准失败_未设初始值
15:47:47.305 Info: --------充电电压结束校准----------
15:47:47.306 Info: --------静态电流_200uA开始校准----------
15:47:47.309 Info: **W=>: C1 CC 08 70 03 00 00 F7 
15:47:47.360 Info: **R=>: C1 CC 08 70 03 00 00 F7 
15:47:47.360 Info: **W=>: C1 CC 08 50 07 00 00 13 
15:47:47.411 Info: **R=>: C1 CC 08 50 07 00 00 13 
15:47:47.411 Info: **W=>: C1 CC 08 50 08 00 00 12 
15:47:47.462 Info: **R=>: C1 CC 08 50 08 00 00 12 
15:47:47.462 Info: **W=>: C1 CC 08 61 03 00 00 06 
15:47:47.512 Info: **R=>: C1 CC 08 61 03 00 00 06 
15:47:47.512 Info: **W=>: C1 CC 08 70 03 01 00 F6 
15:47:47.563 Info: **R=>: C1 CC 08 70 03 01 00 F6 
15:47:47.563 Info: **W=>: C8 CC 71 18 01 00 00 E1 
15:47:47.614 Info: **R=>: C8 CC 71 18 01 00 00 E1 
15:47:47.614 Info: **W=>: C8 CC 71 19 01 00 00 E0 
15:47:47.665 Info: **R=>: C8 CC 71 19 01 00 00 E0 
15:47:47.665 Info: **W=>: CF CC 08 70 12 01 00 D9 
15:47:47.716 Info: **R=>: CF CC 08 70 12 01 00 D9 
15:47:47.716 Info: **W=>: CF CC 08 70 15 01 00 D6 
15:47:47.766 Info: **R=>: CF CC 08 70 15 01 00 D6 
15:47:47.867 Info: **W=>: C8 CC 71 1A 02 00 00 DE 
15:47:47.918 Info: **R=>: C8 CC 71 1A 02 00 00 DE 
15:47:47.918 Info: **W=>: C1 CC 08 70 01 00 00 F9 
15:47:47.970 Info: **R=>: C1 CC 08 70 01 00 00 F9 
15:47:47.971 Info: **W=>: C1 CC 08 61 05 00 00 04 
15:47:48.022 Info: **R=>: C1 CC 08 61 05 00 00 04 
15:47:48.123 Info: **W=>: C1 CC 08 70 02 02 00 F6 
15:47:48.174 Info: **R=>: C1 CC 08 70 02 02 00 F6 
15:47:48.174 Info: **W=>: C1 CC 08 60 03 00 00 07 
15:47:48.225 Info: **R=>: C1 CC 08 60 03 00 00 07 
15:47:48.225 Info: **W=>: C1 CC 08 70 02 02 00 F6 
15:47:48.276 Info: **R=>: C1 CC 08 70 02 02 00 F6 
15:47:48.276 Info: **W=>: C1 CC 08 60 03 00 00 07 
15:47:48.327 Info: **R=>: C1 CC 08 60 03 00 00 07 
15:47:48.327 Info: **W=>: C1 CC 09 50 04 8F 00 00 86 
15:47:48.378 Info: **R=>: C1 CC 09 50 04 8F 00 00 86 
15:47:48.379 Info: **W=>: C8 CC 71 1A 02 00 00 DE 
15:47:48.430 Info: **R=>: C8 CC 71 1A 02 00 00 DE 
15:47:48.430 Info: **W=>: C1 CC 08 70 01 00 00 F9 
15:47:48.481 Info: **R=>: C1 CC 08 70 01 00 00 F9 
15:47:48.481 Info: **W=>: C1 CC 08 61 05 4B 00 B9 
15:47:48.532 Info: **R=>: C1 CC 08 61 05 4B 00 B9 
15:47:48.633 Info: **W=>: C1 CC 08 70 02 02 00 F6 
15:47:48.684 Info: **R=>: C1 CC 08 70 02 02 00 F6 
15:47:48.684 Info: **W=>: C1 CC 08 60 03 00 00 07 
15:47:48.735 Info: **R=>: C1 CC 08 60 03 00 00 07 
15:47:48.735 Info: **W=>: C1 CC 08 70 02 02 00 F6 
15:47:48.785 Info: **R=>: C1 CC 08 70 02 02 00 F6 
15:47:48.785 Info: **W=>: C1 CC 08 60 03 00 00 07 
15:47:48.836 Info: **R=>: C1 CC 08 60 03 00 00 07 
15:47:48.836 Info: **W=>: C1 CC 09 50 04 91 00 00 84 
15:47:48.887 Info: **R=>: C1 CC 09 50 04 91 00 00 84 
15:47:48.888 Info: **W=>: C1 CC 08 70 03 00 00 F7 
15:47:48.938 Info: **R=>: C1 CC 08 70 03 00 00 F7 
15:47:48.938 Info: **W=>: C1 CC 08 61 05 00 00 04 
15:47:48.989 Info: **R=>: C1 CC 08 61 05 00 00 04 
15:47:48.989 Info: **W=>: C8 CC 71 18 00 00 00 E2 
15:47:49.040 Info: **R=>: C8 CC 71 18 00 00 00 E2 
15:47:49.040 Info: **W=>: C8 CC 71 19 00 00 00 E1 
15:47:49.090 Info: **R=>: C8 CC 71 19 00 00 00 E1 
15:47:49.090 Info: **W=>: CF CC 08 70 FE 00 00 EE 
15:47:49.142 Info: **R=>: CF CC 08 70 FE 00 00 EE 
15:47:49.142 Info: 静态电流_200uA校准结果：静态电流_200uA校准失败_3uA校准NG
15:47:49.142 Info: --------静态电流_200uA结束校准----------
15:47:49.144 Info: 断开连接*****************
17:14:13.987 Info: *Software Version:PCM设备自动校准  Ver1.0 [20240702]
17:14:14.001 Info: *Host Name:DESKTOP-NMLHP53
17:14:14.173 Info: *OS Name:Microsoft Windows 10 专业版
17:14:14.174 Info: *Is64BitOS:True
17:14:15.412 Info: *Cpu Name:Intel(R) Core(TM) i5-10500 CPU @ 3.10GHz
17:14:15.423 Info: *Memory:7.75GB
17:14:15.424 Info: *Drives:C:\,D:\,E:\,F:\,G:\
17:14:15.424 Info: ************************************
17:21:54.628 Info: *Software Version:PCM设备自动校准  Ver1.0 [20240702]
17:21:54.637 Info: *Host Name:DESKTOP-NMLHP53
17:21:54.749 Info: *OS Name:Microsoft Windows 10 专业版
17:21:54.749 Info: *Is64BitOS:True
17:21:55.900 Info: *Cpu Name:Intel(R) Core(TM) i5-10500 CPU @ 3.10GHz
17:21:55.911 Info: *Memory:7.75GB
17:21:55.912 Info: *Drives:C:\,D:\,E:\,F:\,G:\
17:21:55.912 Info: ************************************
17:55:18.433 Info: *Software Version:PCM设备自动校准  Ver1.0 [20240702]
17:55:18.441 Info: *Host Name:DESKTOP-NMLHP53
17:55:18.605 Info: *OS Name:Microsoft Windows 10 专业版
17:55:18.606 Info: *Is64BitOS:True
17:55:19.743 Info: *Cpu Name:Intel(R) Core(TM) i5-10500 CPU @ 3.10GHz
17:55:19.754 Info: *Memory:7.75GB
17:55:19.755 Info: *Drives:C:\,D:\,E:\,F:\,G:\
17:55:19.755 Info: ************************************
17:58:39.317 Info: *Software Version:PCM设备自动校准  Ver1.0 [20240702]
17:58:39.325 Info: *Host Name:DESKTOP-NMLHP53
17:58:39.480 Info: *OS Name:Microsoft Windows 10 专业版
17:58:39.481 Info: *Is64BitOS:True
17:58:40.617 Info: *Cpu Name:Intel(R) Core(TM) i5-10500 CPU @ 3.10GHz
17:58:40.629 Info: *Memory:7.75GB
17:58:40.630 Info: *Drives:C:\,D:\,E:\,F:\,G:\
17:58:40.630 Info: ************************************
18:01:08.907 Info: *Software Version:PCM设备自动校准  Ver1.0 [20240702]
18:01:08.916 Info: *Host Name:DESKTOP-NMLHP53
18:01:09.064 Info: *OS Name:Microsoft Windows 10 专业版
18:01:09.064 Info: *Is64BitOS:True
18:01:10.203 Info: *Cpu Name:Intel(R) Core(TM) i5-10500 CPU @ 3.10GHz
18:01:10.218 Info: *Memory:7.75GB
18:01:10.218 Info: *Drives:C:\,D:\,E:\,F:\,G:\
18:01:10.218 Info: ************************************
18:02:40.390 Info: *Software Version:PCM设备自动校准  Ver1.0 [20240702]
18:02:40.398 Info: *Host Name:DESKTOP-NMLHP53
18:02:40.561 Info: *OS Name:Microsoft Windows 10 专业版
18:02:40.561 Info: *Is64BitOS:True
18:02:41.698 Info: *Cpu Name:Intel(R) Core(TM) i5-10500 CPU @ 3.10GHz
18:02:41.715 Info: *Memory:7.75GB
18:02:41.715 Info: *Drives:C:\,D:\,E:\,F:\,G:\
18:02:41.715 Info: ************************************
