10:44:15.525 Info: *Software Version:BAT525系列设备自动校准  Ver1.0 [20240923]
10:44:15.536 Info: *Host Name:DESKTOP-NMLHP53
10:44:15.710 Info: *OS Name:Microsoft Windows 10 专业版
10:44:15.710 Info: *Is64BitOS:True
10:44:16.955 Info: *Cpu Name:Intel(R) Core(TM) i5-10500 CPU @ 3.10GHz
10:44:16.972 Info: *Memory:7.75GB
10:44:16.973 Info: *Drives:C:\,D:\,E:\,F:\,H:\
10:44:16.973 Info: ************************************
10:53:47.371 Info: *Software Version:BAT525系列设备自动校准  Ver1.0 [20240923]
10:53:47.377 Info: *Host Name:DESKTOP-NMLHP53
10:53:47.514 Info: *OS Name:Microsoft Windows 10 专业版
10:53:47.515 Info: *Is64BitOS:True
10:53:48.643 Info: *Cpu Name:Intel(R) Core(TM) i5-10500 CPU @ 3.10GHz
10:53:48.658 Info: *Memory:7.75GB
10:53:48.658 Info: *Drives:C:\,D:\,E:\,F:\,H:\
10:53:48.658 Info: ************************************
11:03:46.370 Info: *Software Version:BAT525系列设备自动校准  Ver1.0 [20240923]
11:03:46.380 Info: *Host Name:DESKTOP-NMLHP53
11:03:46.551 Info: *OS Name:Microsoft Windows 10 专业版
11:03:46.551 Info: *Is64BitOS:True
11:03:47.765 Info: *Cpu Name:Intel(R) Core(TM) i5-10500 CPU @ 3.10GHz
11:03:47.779 Info: *Memory:7.75GB
11:03:47.780 Info: *Drives:C:\,D:\,E:\,F:\,H:\
11:03:47.780 Info: ************************************
11:09:18.137 Info: *Software Version:BAT525系列设备自动校准  Ver1.0 [20240923]
11:09:18.147 Info: *Host Name:DESKTOP-NMLHP53
11:09:18.251 Info: *OS Name:Microsoft Windows 10 专业版
11:09:18.252 Info: *Is64BitOS:True
11:09:19.466 Info: *Cpu Name:Intel(R) Core(TM) i5-10500 CPU @ 3.10GHz
11:09:19.477 Info: *Memory:7.75GB
11:09:19.477 Info: *Drives:C:\,D:\,E:\,F:\,H:\
11:09:19.477 Info: ************************************
11:12:34.404 Info: *Software Version:BAT525系列设备自动校准  Ver1.0 [20240923]
11:12:34.410 Info: *Host Name:DESKTOP-NMLHP53
11:12:34.516 Info: *OS Name:Microsoft Windows 10 专业版
11:12:34.517 Info: *Is64BitOS:True
11:12:35.539 Info: *Cpu Name:Intel(R) Core(TM) i5-10500 CPU @ 3.10GHz
11:12:35.549 Info: *Memory:7.75GB
11:12:35.549 Info: *Drives:C:\,D:\,E:\,F:\,H:\
11:12:35.549 Info: ************************************
11:13:55.616 Info: *Software Version:BAT525系列设备自动校准  Ver1.0 [20240923]
11:13:55.623 Info: *Host Name:DESKTOP-NMLHP53
11:13:55.721 Info: *OS Name:Microsoft Windows 10 专业版
11:13:55.721 Info: *Is64BitOS:True
11:13:56.745 Info: *Cpu Name:Intel(R) Core(TM) i5-10500 CPU @ 3.10GHz
11:13:56.755 Info: *Memory:7.75GB
11:13:56.755 Info: *Drives:C:\,D:\,E:\,F:\,H:\
11:13:56.755 Info: ************************************
13:33:39.555 Info: *Software Version:BAT525系列设备自动校准  Ver1.0 [20240923]
13:33:39.563 Info: *Host Name:DESKTOP-NMLHP53
13:33:39.719 Info: *OS Name:Microsoft Windows 10 专业版
13:33:39.720 Info: *Is64BitOS:True
13:33:40.967 Info: *Cpu Name:Intel(R) Core(TM) i5-10500 CPU @ 3.10GHz
13:33:40.982 Info: *Memory:7.75GB
13:33:40.982 Info: *Drives:C:\,D:\,E:\,F:\,H:\
13:33:40.982 Info: ************************************
13:39:46.785 Info: *Software Version:BAT525系列设备自动校准  Ver1.0 [20240923]
13:39:46.791 Info: *Host Name:DESKTOP-NMLHP53
13:39:46.941 Info: *OS Name:Microsoft Windows 10 专业版
13:39:46.941 Info: *Is64BitOS:True
13:39:48.101 Info: *Cpu Name:Intel(R) Core(TM) i5-10500 CPU @ 3.10GHz
13:39:48.114 Info: *Memory:7.75GB
13:39:48.114 Info: *Drives:C:\,D:\,E:\,F:\,H:\
13:39:48.114 Info: ************************************
13:51:41.195 Info: *Software Version:BAT525系列设备自动校准  Ver1.0 [20240923]
13:51:41.205 Info: *Host Name:DESKTOP-NMLHP53
13:51:41.409 Info: *OS Name:Microsoft Windows 10 专业版
13:51:41.409 Info: *Is64BitOS:True
13:51:42.570 Info: *Cpu Name:Intel(R) Core(TM) i5-10500 CPU @ 3.10GHz
13:51:42.584 Info: *Memory:7.75GB
13:51:42.585 Info: *Drives:C:\,D:\,E:\,F:\,H:\
13:51:42.585 Info: ************************************
13:52:42.300 Info: *Software Version:BAT525系列设备自动校准  Ver1.0 [20240923]
13:52:42.306 Info: *Host Name:DESKTOP-NMLHP53
13:52:42.415 Info: *OS Name:Microsoft Windows 10 专业版
13:52:42.415 Info: *Is64BitOS:True
13:52:43.435 Info: *Cpu Name:Intel(R) Core(TM) i5-10500 CPU @ 3.10GHz
13:52:43.445 Info: *Memory:7.75GB
13:52:43.447 Info: *Drives:C:\,D:\,E:\,F:\,H:\
13:52:43.447 Info: ************************************
15:54:49.349 Info: *Software Version:BAT525系列设备自动校准  Ver1.0 [20240923]
15:54:49.357 Info: *Host Name:DESKTOP-NMLHP53
15:54:49.510 Info: *OS Name:Microsoft Windows 10 专业版
15:54:49.510 Info: *Is64BitOS:True
15:54:50.726 Info: *Cpu Name:Intel(R) Core(TM) i5-10500 CPU @ 3.10GHz
15:54:50.741 Info: *Memory:7.75GB
15:54:50.741 Info: *Drives:C:\,D:\,E:\,F:\,H:\
15:54:50.741 Info: ************************************
15:56:16.422 Info: *Software Version:BAT525系列设备自动校准  Ver1.0 [20240923]
15:56:16.431 Info: *Host Name:DESKTOP-NMLHP53
15:56:16.542 Info: *OS Name:Microsoft Windows 10 专业版
15:56:16.542 Info: *Is64BitOS:True
15:56:17.579 Info: *Cpu Name:Intel(R) Core(TM) i5-10500 CPU @ 3.10GHz
15:56:17.590 Info: *Memory:7.75GB
15:56:17.595 Info: *Drives:C:\,D:\,E:\,F:\,H:\
15:56:17.595 Info: ************************************
15:59:20.759 Info: *Software Version:BAT525系列设备自动校准  Ver1.0 [20240923]
15:59:20.764 Info: *Host Name:DESKTOP-NMLHP53
15:59:20.922 Info: *OS Name:Microsoft Windows 10 专业版
15:59:20.922 Info: *Is64BitOS:True
15:59:22.134 Info: *Cpu Name:Intel(R) Core(TM) i5-10500 CPU @ 3.10GHz
15:59:22.150 Info: *Memory:7.75GB
15:59:22.150 Info: *Drives:C:\,D:\,E:\,F:\,H:\
15:59:22.150 Info: ************************************
