14:00:31.080 Info: *Software Version:BAT525系列设备自动校准  Ver1.0 [20241008]
14:00:31.087 Info: *Host Name:DESKTOP-NMLHP53
14:00:31.427 Info: *OS Name:Microsoft Windows 10 专业版
14:00:31.428 Info: *Is64BitOS:True
14:00:33.051 Info: *Cpu Name:Intel(R) Core(TM) i5-10500 CPU @ 3.10GHz
14:00:33.069 Info: *Memory:7.75GB
14:00:33.070 Info: *Drives:C:\,D:\,E:\,F:\
14:00:33.070 Info: ************************************
14:01:40.493 Info: 连接: COM55-115200-8-Parity.None-StopsBits.One
14:01:40.496 Info: **W=>: C9 CC 05 00 65 
14:01:43.599 Info: **R<=: C9 CC 06 00 00 64 
14:01:43.603 Info: **W=>: CF CC 08 70 FE 00 00 EE 
14:01:43.693 Info: **R=>: CF CC 08 70 FE 00 00 EE 
14:02:02.699 Info: --------设备编码开始读取----------
14:02:02.701 Info: **W=>: C8 CC 60 11 00 00 FA 
14:02:02.785 Info: **R=>: C8 CC 60 11 00 00 FA 
14:02:02.785 Info: **W=>: C8 CC 60 12 00 00 F9 
14:02:02.878 Info: **R=>: C8 CC 60 12 00 00 F9 
14:02:02.878 Info: **W=>: C8 CC 80 57 00 00 94 
14:02:02.974 Info: **R<=: C8 CC 80 57 00 00 94 
14:02:02.990 Info: 设备编码读取结果：设备编码读取失败_设备编码读取失败!
14:02:02.990 Info: --------设备编码读取结束----------
15:18:08.458 Info: *Software Version:BAT525系列设备自动校准  Ver1.0 [20241008]
15:18:08.469 Info: *Host Name:DESKTOP-NMLHP53
15:18:08.930 Info: *OS Name:Microsoft Windows 10 专业版
15:18:08.930 Info: *Is64BitOS:True
15:18:11.301 Info: *Cpu Name:Intel(R) Core(TM) i5-10500 CPU @ 3.10GHz
15:18:11.315 Info: *Memory:7.75GB
15:18:11.317 Info: *Drives:C:\,D:\,E:\,F:\
15:18:11.317 Info: ************************************
16:36:19.140 Info: *Software Version:BAT525系列设备自动校准  Ver1.0 [20241008]
16:36:19.149 Info: *Host Name:DESKTOP-NMLHP53
16:36:19.501 Info: *OS Name:Microsoft Windows 10 专业版
16:36:19.501 Info: *Is64BitOS:True
16:36:20.635 Info: *Cpu Name:Intel(R) Core(TM) i5-10500 CPU @ 3.10GHz
16:36:20.646 Info: *Memory:7.75GB
16:36:20.647 Info: *Drives:C:\,D:\,E:\,F:\
16:36:20.647 Info: ************************************
16:37:14.649 Info: *Software Version:BAT525系列设备自动校准  Ver1.0 [20241008]
16:37:14.654 Info: *Host Name:DESKTOP-NMLHP53
16:37:15.036 Info: *OS Name:Microsoft Windows 10 专业版
16:37:15.036 Info: *Is64BitOS:True
16:37:16.077 Info: *Cpu Name:Intel(R) Core(TM) i5-10500 CPU @ 3.10GHz
16:37:16.087 Info: *Memory:7.75GB
16:37:16.087 Info: *Drives:C:\,D:\,E:\,F:\
16:37:16.087 Info: ************************************
16:39:37.650 Info: *Software Version:BAT525系列设备自动校准  Ver1.0 [20241008]
16:39:37.654 Info: *Host Name:DESKTOP-NMLHP53
16:39:37.909 Info: *OS Name:Microsoft Windows 10 专业版
16:39:37.910 Info: *Is64BitOS:True
16:39:39.037 Info: *Cpu Name:Intel(R) Core(TM) i5-10500 CPU @ 3.10GHz
16:39:39.048 Info: *Memory:7.75GB
16:39:39.048 Info: *Drives:C:\,D:\,E:\,F:\
16:39:39.048 Info: ************************************
16:40:10.049 Info: 连接: COM55-115200-8-Parity.None-StopsBits.One
16:40:10.051 Info: **W=>: C9 CC 05 00 65 
16:40:13.152 Info: **R<=: C9 CC 06 00 00 64 
16:40:13.157 Info: **W=>: CF CC 08 70 FE 00 00 EE 
16:40:13.243 Info: **R=>: CF CC 08 70 FE 00 00 EE 
16:40:13.279 Info: --------设备编码开始读取----------
16:40:13.280 Info: **W=>: C8 CC 60 11 00 00 FA 
16:40:13.368 Info: **R=>: C8 CC 60 11 00 00 FA 
16:40:13.368 Info: **W=>: C8 CC 60 12 00 00 F9 
16:40:13.461 Info: **R=>: C8 CC 60 12 00 00 F9 
16:40:13.461 Info: **W=>: C8 CC 80 57 00 00 94 
16:40:13.555 Info: **R<=: C8 CC 80 57 00 00 94 
16:40:13.632 Info: 设备编码读取结果：设备编码读取失败_设备编码读取失败!
16:40:13.632 Info: --------设备编码读取结束----------
16:40:26.426 Info: 断开连接*****************
17:12:10.463 Info: *Software Version:BAT525系列设备自动校准  Ver1.0 [20241008]
17:12:10.732 Info: *Host Name:DESKTOP-NMLHP53
17:12:11.627 Info: *OS Name:Microsoft Windows 10 专业版
17:12:11.627 Info: *Is64BitOS:True
17:12:13.523 Info: *Cpu Name:Intel(R) Core(TM) i5-10500 CPU @ 3.10GHz
17:12:13.539 Info: *Memory:7.75GB
17:12:13.540 Info: *Drives:C:\,D:\,E:\,F:\
17:12:13.540 Info: ************************************
17:23:34.926 Info: *Software Version:BAT525系列设备自动校准  Ver1.0 [20241008]
17:23:34.945 Info: *Host Name:DESKTOP-NMLHP53
17:23:36.251 Info: *OS Name:Microsoft Windows 10 专业版
17:23:36.251 Info: *Is64BitOS:True
17:23:37.563 Info: *Cpu Name:Intel(R) Core(TM) i5-10500 CPU @ 3.10GHz
17:23:38.165 Info: *Memory:7.75GB
17:23:38.166 Info: *Drives:C:\,D:\,E:\,F:\
17:23:38.166 Info: ************************************
17:24:39.203 Info: 连接: COM55-115200-8-Parity.None-StopsBits.One
17:24:39.205 Info: **W=>: C9 CC 05 00 65 
17:24:42.310 Info: **R<=: C9 CC 06 00 00 64 
17:24:42.313 Info: **W=>: CF CC 08 70 FE 00 00 EE 
17:24:42.403 Info: **R=>: CF CC 08 70 FE 00 00 EE 
17:24:42.437 Info: --------设备编码开始读取----------
17:24:42.438 Info: **W=>: C8 CC 60 11 00 00 FA 
17:24:42.527 Info: **R=>: C8 CC 60 11 00 00 FA 
17:24:42.527 Info: **W=>: C8 CC 60 12 00 00 F9 
17:24:42.620 Info: **R=>: C8 CC 60 12 00 00 F9 
17:24:42.620 Info: **W=>: C8 CC 80 57 00 00 94 
17:24:42.714 Info: **R<=: C8 CC 80 57 42 41 54 35 32 35 48 32 30 32 34 31 30 30 38 30 36 36 36 30 
17:25:08.990 Info: 设备编码读取结果：设备编码读取_OK(BAT525H202410080666)
17:25:08.990 Info: --------设备编码读取结束----------
17:25:09.009 Info: 断开连接*****************
17:26:26.299 Info: *Software Version:BAT525系列设备自动校准  Ver1.0 [20241008]
17:26:26.304 Info: *Host Name:DESKTOP-NMLHP53
17:26:27.205 Info: *OS Name:Microsoft Windows 10 专业版
17:26:27.205 Info: *Is64BitOS:True
17:26:28.535 Info: *Cpu Name:Intel(R) Core(TM) i5-10500 CPU @ 3.10GHz
17:26:28.550 Info: *Memory:7.75GB
17:26:28.551 Info: *Drives:C:\,D:\,E:\,F:\
17:26:28.551 Info: ************************************
17:26:38.379 Info: 连接: COM55-115200-8-Parity.None-StopsBits.One
17:26:38.381 Info: **W=>: C9 CC 05 00 65 
17:26:41.489 Info: **R<=: C9 CC 06 00 00 64 
17:26:41.494 Info: **W=>: CF CC 08 70 FE 00 00 EE 
17:26:41.581 Info: **R=>: CF CC 08 70 FE 00 00 EE 
17:26:41.615 Info: --------设备编码开始读取----------
17:26:41.616 Info: **W=>: C8 CC 60 11 00 00 FA 
17:26:41.706 Info: **R=>: C8 CC 60 11 00 00 FA 
17:26:41.706 Info: **W=>: C8 CC 60 12 00 00 F9 
17:26:41.800 Info: **R=>: C8 CC 60 12 00 00 F9 
17:26:41.800 Info: **W=>: C8 CC 80 57 00 00 94 
17:26:41.896 Info: **R<=: C8 CC 80 57 42 41 54 35 32 35 48 32 30 32 34 31 30 30 38 30 36 36 36 30 
17:26:41.942 Info: 设备编码读取结果：设备编码读取_OK(BAT525H202410080666)
17:26:41.942 Info: --------设备编码读取结束----------
17:26:41.960 Info: 断开连接*****************
17:43:43.748 Info: *Software Version:BAT525系列设备自动校准  Ver1.0 [20241008]
17:43:43.753 Info: *Host Name:DESKTOP-NMLHP53
17:43:45.333 Info: *OS Name:Microsoft Windows 10 专业版
17:43:45.333 Info: *Is64BitOS:True
17:43:46.696 Info: *Cpu Name:Intel(R) Core(TM) i5-10500 CPU @ 3.10GHz
17:43:46.711 Info: *Memory:7.75GB
17:43:46.712 Info: *Drives:C:\,D:\,E:\,F:\
17:43:46.712 Info: ************************************
17:43:55.710 Info: 连接: COM55-115200-8-Parity.None-StopsBits.One
17:43:55.712 Info: **W=>: C9 CC 05 00 65 
17:43:58.817 Info: **R<=: C9 CC 06 00 00 64 
17:43:58.823 Info: **W=>: CF CC 08 70 FE 00 00 EE 
17:43:58.909 Info: **R=>: CF CC 08 70 FE 00 00 EE 
17:43:58.944 Info: --------设备编码开始读取----------
17:43:58.946 Info: **W=>: C8 CC 60 11 00 00 FA 
17:43:59.031 Info: **R=>: C8 CC 60 11 00 00 FA 
17:43:59.031 Info: **W=>: C8 CC 60 12 00 00 F9 
17:43:59.127 Info: **R=>: C8 CC 60 12 00 00 F9 
17:43:59.127 Info: **W=>: C8 CC 80 57 00 00 94 
17:43:59.220 Info: **R<=: C8 CC 80 57 42 41 54 35 32 35 48 32 30 32 34 31 30 30 38 30 36 36 36 30 
17:43:59.264 Info: 设备编码读取结果：设备编码读取_OK(BAT525H202410080666)
17:43:59.264 Info: --------设备编码读取结束----------
17:43:59.282 Info: 断开连接*****************
17:50:07.232 Info: *Software Version:BAT525系列设备自动校准  Ver1.0 [20241008]
17:50:07.236 Info: *Host Name:DESKTOP-NMLHP53
17:50:07.568 Info: *OS Name:Microsoft Windows 10 专业版
17:50:07.568 Info: *Is64BitOS:True
17:50:08.741 Info: *Cpu Name:Intel(R) Core(TM) i5-10500 CPU @ 3.10GHz
17:50:08.757 Info: *Memory:7.75GB
17:50:08.757 Info: *Drives:C:\,D:\,E:\,F:\
17:50:08.757 Info: ************************************
17:50:26.310 Info: *Software Version:BAT525系列设备自动校准  Ver1.0 [20241008]
17:50:26.314 Info: *Host Name:DESKTOP-NMLHP53
17:50:26.662 Info: *OS Name:Microsoft Windows 10 专业版
17:50:26.662 Info: *Is64BitOS:True
17:50:27.700 Info: *Cpu Name:Intel(R) Core(TM) i5-10500 CPU @ 3.10GHz
17:50:27.710 Info: *Memory:7.75GB
17:50:27.710 Info: *Drives:C:\,D:\,E:\,F:\
17:50:27.710 Info: ************************************
17:50:37.726 Info: 连接: COM55-115200-8-Parity.None-StopsBits.One
17:50:37.732 Info: **W=>: C9 CC 05 00 65 
17:50:40.835 Info: **R<=: C9 CC 06 00 00 64 
17:50:40.843 Info: **W=>: CF CC 08 70 FE 00 00 EE 
17:50:40.930 Info: **R=>: CF CC 08 70 FE 00 00 EE 
17:50:40.993 Info: --------设备编码开始读取----------
17:50:40.995 Info: **W=>: C8 CC 60 11 00 00 FA 
17:50:41.085 Info: **R=>: C8 CC 60 11 00 00 FA 
17:50:41.085 Info: **W=>: C8 CC 60 12 00 00 F9 
17:50:41.178 Info: **R=>: C8 CC 60 12 00 00 F9 
17:50:41.178 Info: **W=>: C8 CC 80 57 00 00 94 
17:50:41.272 Info: **R<=: C8 CC 80 57 42 41 54 35 32 35 48 32 30 32 34 31 30 30 38 30 36 36 36 30 
17:50:41.316 Info: 设备编码读取结果：设备编码读取_OK(BAT525H202410080666)
17:50:41.316 Info: --------设备编码读取结束----------
17:50:41.335 Info: 断开连接*****************
17:51:44.991 Info: *Software Version:BAT525系列设备自动校准  Ver1.0 [20241008]
17:51:44.996 Info: *Host Name:DESKTOP-NMLHP53
17:51:45.321 Info: *OS Name:Microsoft Windows 10 专业版
17:51:45.321 Info: *Is64BitOS:True
17:51:46.514 Info: *Cpu Name:Intel(R) Core(TM) i5-10500 CPU @ 3.10GHz
17:51:46.528 Info: *Memory:7.75GB
17:51:46.529 Info: *Drives:C:\,D:\,E:\,F:\
17:51:46.529 Info: ************************************
17:51:55.274 Info: 连接: COM55-115200-8-Parity.None-StopsBits.One
17:51:55.276 Info: **W=>: C9 CC 05 00 65 
17:51:58.370 Info: **R<=: C9 CC 06 00 00 64 
17:51:58.376 Info: **W=>: CF CC 08 70 FE 00 00 EE 
17:51:58.465 Info: **R=>: CF CC 08 70 FE 00 00 EE 
17:51:58.500 Info: --------设备编码开始读取----------
17:51:58.501 Info: **W=>: C8 CC 60 11 00 00 FA 
17:51:58.588 Info: **R=>: C8 CC 60 11 00 00 FA 
17:51:58.588 Info: **W=>: C8 CC 60 12 00 00 F9 
17:51:58.680 Info: **R=>: C8 CC 60 12 00 00 F9 
17:51:58.680 Info: **W=>: C8 CC 80 57 00 00 94 
17:51:58.774 Info: **R<=: C8 CC 80 57 42 41 54 35 32 35 48 32 30 32 34 31 30 30 38 30 36 36 36 30 
17:51:58.821 Info: 设备编码读取结果：设备编码读取_OK(BAT525H202410080666)
17:51:58.821 Info: --------设备编码读取结束----------
17:51:58.839 Info: 断开连接*****************
17:53:43.983 Info: *Software Version:BAT525系列设备自动校准  Ver1.0 [20241008]
17:53:43.989 Info: *Host Name:DESKTOP-NMLHP53
17:53:44.412 Info: *OS Name:Microsoft Windows 10 专业版
17:53:44.412 Info: *Is64BitOS:True
17:53:45.612 Info: *Cpu Name:Intel(R) Core(TM) i5-10500 CPU @ 3.10GHz
17:53:45.622 Info: *Memory:7.75GB
17:53:45.623 Info: *Drives:C:\,D:\,E:\,F:\
17:53:45.623 Info: ************************************
17:53:59.312 Info: 连接: COM55-115200-8-Parity.None-StopsBits.One
17:53:59.314 Info: **W=>: C9 CC 05 00 65 
17:54:02.413 Info: **R<=: C9 CC 06 00 00 64 
17:54:02.431 Info: **W=>: CF CC 08 70 FE 00 00 EE 
17:54:02.520 Info: **R=>: CF CC 08 70 FE 00 00 EE 
17:54:02.554 Info: --------设备编码开始读取----------
17:54:02.555 Info: **W=>: C8 CC 60 11 00 00 FA 
17:54:02.646 Info: **R=>: C8 CC 60 11 00 00 FA 
17:54:02.646 Info: **W=>: C8 CC 60 12 00 00 F9 
17:54:02.739 Info: **R=>: C8 CC 60 12 00 00 F9 
17:54:02.739 Info: **W=>: C8 CC 80 57 00 00 94 
17:54:02.832 Info: **R<=: C8 CC 80 57 42 41 54 35 32 35 48 32 30 32 34 31 30 30 38 30 36 36 36 30 
17:54:02.879 Info: 设备编码读取结果：设备编码读取失败_校准设备与连接设备不符!
17:54:02.879 Info: --------设备编码读取结束----------
17:54:02.895 Info: 断开连接*****************
17:55:02.937 Info: *Software Version:BAT525系列设备自动校准  Ver1.0 [20241008]
17:55:02.943 Info: *Host Name:DESKTOP-NMLHP53
17:55:03.090 Info: *OS Name:Microsoft Windows 10 专业版
17:55:03.090 Info: *Is64BitOS:True
17:55:04.109 Info: *Cpu Name:Intel(R) Core(TM) i5-10500 CPU @ 3.10GHz
17:55:04.121 Info: *Memory:7.75GB
17:55:04.121 Info: *Drives:C:\,D:\,E:\,F:\
17:55:04.121 Info: ************************************
17:55:11.907 Info: 连接: COM55-115200-8-Parity.None-StopsBits.One
17:55:11.910 Info: **W=>: C9 CC 05 00 65 
17:55:15.007 Info: **R<=: C9 CC 06 00 00 64 
17:55:15.010 Info: **W=>: CF CC 08 70 FE 00 00 EE 
17:55:15.100 Info: **R=>: CF CC 08 70 FE 00 00 EE 
17:55:15.130 Info: --------设备编码开始读取----------
17:55:15.132 Info: **W=>: C8 CC 60 11 00 00 FA 
17:55:15.224 Info: **R=>: C8 CC 60 11 00 00 FA 
17:55:15.224 Info: **W=>: C8 CC 60 12 00 00 F9 
17:55:15.316 Info: **R=>: C8 CC 60 12 00 00 F9 
17:55:15.316 Info: **W=>: C8 CC 80 57 00 00 94 
17:55:15.408 Info: **R<=: C8 CC 80 57 42 41 54 35 32 35 48 32 30 32 34 31 30 30 38 30 36 36 36 30 
17:55:15.447 Info: 设备编码读取结果：设备编码读取失败_校准设备与连接设备不符!
17:55:15.447 Info: --------设备编码读取结束----------
17:55:15.454 Info: 断开连接*****************
17:58:15.834 Info: *Software Version:BAT525系列设备自动校准  Ver1.0 [20241008]
17:58:15.847 Info: *Host Name:DESKTOP-NMLHP53
17:58:22.300 Info: *Software Version:BAT525系列设备自动校准  Ver1.0 [20241008]
17:58:22.304 Info: *Host Name:DESKTOP-NMLHP53
17:58:22.468 Info: *OS Name:Microsoft Windows 10 专业版
17:58:22.468 Info: *Is64BitOS:True
17:58:23.670 Info: *Cpu Name:Intel(R) Core(TM) i5-10500 CPU @ 3.10GHz
17:58:23.683 Info: *Memory:7.75GB
17:58:23.684 Info: *Drives:C:\,D:\,E:\,F:\
17:58:23.684 Info: ************************************
17:58:36.182 Info: 连接: COM55-115200-8-Parity.None-StopsBits.One
17:58:36.184 Info: **W=>: C9 CC 05 00 65 
17:58:39.293 Info: **R<=: C9 CC 06 00 00 64 
17:58:39.302 Info: **W=>: CF CC 08 70 FE 00 00 EE 
17:58:39.383 Info: **R=>: CF CC 08 70 FE 00 00 EE 
17:58:39.417 Info: --------设备编码开始读取----------
17:58:39.418 Info: **W=>: C8 CC 60 11 00 00 FA 
17:58:39.507 Info: **R=>: C8 CC 60 11 00 00 FA 
17:58:39.507 Info: **W=>: C8 CC 60 12 00 00 F9 
17:58:39.599 Info: **R=>: C8 CC 60 12 00 00 F9 
17:58:39.599 Info: **W=>: C8 CC 80 57 00 00 94 
17:58:39.693 Info: **R<=: C8 CC 80 57 42 41 54 35 32 35 48 32 30 32 34 31 30 30 38 30 36 36 36 30 
17:58:39.734 Info: 设备编码读取结果：设备编码读取_OK(BAT525H202410080666)
17:58:39.734 Info: --------设备编码读取结束----------
17:58:39.756 Info: 断开连接*****************
17:58:52.197 Info: 连接: COM55-115200-8-Parity.None-StopsBits.One
17:58:52.197 Info: **W=>: C9 CC 05 00 65 
17:58:55.291 Info: **R<=: C9 CC 06 00 00 64 
17:58:55.291 Info: **W=>: CF CC 08 70 FE 00 00 EE 
17:58:55.385 Info: **R=>: CF CC 08 70 FE 00 00 EE 
17:58:55.413 Info: --------设备编码开始读取----------
17:58:55.414 Info: **W=>: C8 CC 60 11 00 00 FA 
17:58:55.508 Info: **R=>: C8 CC 60 11 00 00 FA 
17:58:55.508 Info: **W=>: C8 CC 60 12 00 00 F9 
17:58:55.600 Info: **R=>: C8 CC 60 12 00 00 F9 
17:58:55.600 Info: **W=>: C8 CC 80 57 00 00 94 
17:58:55.693 Info: **R<=: C8 CC 80 57 42 41 54 35 32 35 48 32 30 32 34 31 30 30 38 30 36 36 36 30 
17:58:55.731 Info: 设备编码读取结果：设备编码读取_OK(BAT525H202410080666)
17:58:55.731 Info: --------设备编码读取结束----------
17:58:55.732 Info: 断开连接*****************
17:59:04.076 Info: 连接: COM55-115200-8-Parity.None-StopsBits.One
17:59:04.076 Info: **W=>: C9 CC 05 00 65 
17:59:07.172 Info: **R<=: C9 CC 06 00 00 64 
17:59:07.172 Info: **W=>: CF CC 08 70 FE 00 00 EE 
17:59:07.265 Info: **R=>: CF CC 08 70 FE 00 00 EE 
17:59:07.309 Info: --------设备编码开始读取----------
17:59:07.309 Info: **W=>: C8 CC 60 11 00 00 FA 
17:59:07.405 Info: **R=>: C8 CC 60 11 00 00 FA 
17:59:07.406 Info: **W=>: C8 CC 60 12 00 00 F9 
17:59:07.500 Info: **R=>: C8 CC 60 12 00 00 F9 
17:59:07.500 Info: **W=>: C8 CC 80 57 00 00 94 
17:59:07.597 Info: **R<=: C8 CC 80 57 42 41 54 35 32 35 48 32 30 32 34 31 30 30 38 30 36 36 36 30 
17:59:07.634 Info: 设备编码读取结果：设备编码读取失败_校准设备与连接设备不符!
17:59:07.634 Info: --------设备编码读取结束----------
17:59:07.641 Info: 断开连接*****************
18:00:15.760 Info: *Software Version:BAT525系列设备自动校准  Ver1.0 [20241008]
18:00:15.764 Info: *Host Name:DESKTOP-NMLHP53
18:00:15.907 Info: *OS Name:Microsoft Windows 10 专业版
18:00:15.908 Info: *Is64BitOS:True
18:00:16.924 Info: *Cpu Name:Intel(R) Core(TM) i5-10500 CPU @ 3.10GHz
18:00:16.933 Info: *Memory:7.75GB
18:00:16.934 Info: *Drives:C:\,D:\,E:\,F:\
18:00:16.934 Info: ************************************
18:00:26.369 Info: 连接: COM55-115200-8-Parity.None-StopsBits.One
18:00:26.370 Info: **W=>: C9 CC 05 00 65 
18:00:29.475 Info: **R<=: C9 CC 06 00 00 64 
18:00:29.477 Info: **W=>: CF CC 08 70 FE 00 00 EE 
18:00:29.568 Info: **R=>: CF CC 08 70 FE 00 00 EE 
18:00:29.601 Info: --------设备编码开始读取----------
18:00:29.602 Info: **W=>: C8 CC 60 11 00 00 FA 
18:00:29.691 Info: **R=>: C8 CC 60 11 00 00 FA 
18:00:29.691 Info: **W=>: C8 CC 60 12 00 00 F9 
18:00:29.783 Info: **R=>: C8 CC 60 12 00 00 F9 
18:00:29.783 Info: **W=>: C8 CC 80 57 00 00 94 
18:00:29.876 Info: **R<=: C8 CC 80 57 42 41 54 35 32 35 48 32 30 32 34 31 30 30 38 30 36 36 36 30 
18:00:29.915 Info: 设备编码读取结果：设备编码读取_OK(BAT525H202410080666)
18:00:29.915 Info: --------设备编码读取结束----------
18:00:29.923 Info: 断开连接*****************
18:00:35.556 Info: 连接: COM55-115200-8-Parity.None-StopsBits.One
18:00:35.557 Info: **W=>: C9 CC 05 00 65 
18:00:38.656 Info: **R<=: C9 CC 06 00 00 64 
18:00:38.656 Info: **W=>: CF CC 08 70 FE 00 00 EE 
18:00:38.748 Info: **R=>: CF CC 08 70 FE 00 00 EE 
18:00:38.801 Info: --------设备编码开始读取----------
18:00:38.802 Info: **W=>: C8 CC 60 11 00 00 FA 
18:00:38.885 Info: **R=>: C8 CC 60 11 00 00 FA 
18:00:38.885 Info: **W=>: C8 CC 60 12 00 00 F9 
18:00:38.977 Info: **R=>: C8 CC 60 12 00 00 F9 
18:00:38.977 Info: **W=>: C8 CC 80 57 00 00 94 
18:00:39.069 Info: **R<=: C8 CC 80 57 42 41 54 35 32 35 48 32 30 32 34 31 30 30 38 30 36 36 36 30 
18:00:39.104 Info: 设备编码读取结果：设备编码读取失败_校准设备与连接设备不符!
18:00:39.104 Info: --------设备编码读取结束----------
18:00:39.114 Info: 断开连接*****************
