21:29:02.407 Info: *Software Version:PCM设备自动校准  Ver1.0 [20240702]
21:29:02.417 Info: *Host Name:DESKTOP-NV05A4D
21:29:02.467 Info: *OS Name:Microsoft Windows 11 专业版
21:29:02.467 Info: *Is64BitOS:True
21:29:03.532 Info: *Cpu Name:12th Gen Intel(R) Core(TM) i5-12400
21:29:03.542 Info: *Memory:15.80GB
21:29:03.542 Info: *Drives:C:\,D:\,E:\
21:29:03.542 Info: ************************************
21:32:20.953 Info: *Software Version:PCM设备自动校准  Ver1.0 [20240702]
21:32:20.953 Info: *Host Name:DESKTOP-NV05A4D
21:32:21.013 Info: *OS Name:Microsoft Windows 11 专业版
21:32:21.013 Info: *Is64BitOS:True
21:32:22.045 Info: *Cpu Name:12th Gen Intel(R) Core(TM) i5-12400
21:32:22.045 Info: *Memory:15.80GB
21:32:22.055 Info: *Drives:C:\,D:\,E:\
21:32:22.055 Info: ************************************
23:33:24.652 Info: *Software Version:BAT525系列设备自动校准  Ver1.0 [20240923]
23:33:24.652 Info: *Host Name:DESKTOP-NV05A4D
23:33:24.722 Info: *OS Name:Microsoft Windows 11 专业版
23:33:24.722 Info: *Is64BitOS:True
23:33:25.837 Info: *Cpu Name:12th Gen Intel(R) Core(TM) i5-12400
23:33:25.847 Info: *Memory:15.80GB
23:33:25.847 Info: *Drives:C:\,D:\,E:\
23:33:25.847 Info: ************************************
23:37:22.314 Info: *Software Version:BAT525系列设备自动校准  Ver1.0 [20240923]
23:37:22.314 Info: *Host Name:DESKTOP-NV05A4D
23:37:22.394 Info: *OS Name:Microsoft Windows 11 专业版
23:37:22.394 Info: *Is64BitOS:True
23:37:23.509 Info: *Cpu Name:12th Gen Intel(R) Core(TM) i5-12400
23:37:23.519 Info: *Memory:15.80GB
23:37:23.519 Info: *Drives:C:\,D:\,E:\
23:37:23.519 Info: ************************************
