16:21:52.913 Info: *Software Version:PCM设备自动校准  Ver1.0 [20240702]
16:21:52.920 Info: *Host Name:DESKTOP-M7BML43
16:21:53.096 Info: *OS Name:Microsoft Windows 11 专业版
16:21:53.096 Info: *Is64BitOS:True
16:21:54.246 Info: *Cpu Name:11th Gen Intel(R) Core(TM) i5-11300H @ 3.10GHz
16:21:54.265 Info: *Memory:15.79GB
16:21:54.265 Info: *Drives:C:\,D:\
16:21:54.265 Info: ************************************
16:28:21.055 Info: *Software Version:PCM设备自动校准  Ver1.0 [20240702]
16:28:21.327 Info: *Host Name:DESKTOP-M7BML43
16:28:21.714 Info: *OS Name:Microsoft Windows 11 专业版
16:28:21.714 Info: *Is64BitOS:True
16:28:22.882 Info: *Cpu Name:11th Gen Intel(R) Core(TM) i5-11300H @ 3.10GHz
16:28:22.899 Info: *Memory:15.79GB
16:28:22.899 Info: *Drives:C:\,D:\
16:28:22.899 Info: ************************************
16:39:42.391 Info: *Software Version:PCM设备自动校准  Ver1.0 [20240702]
16:39:42.405 Info: *Host Name:DESKTOP-M7BML43
16:39:42.564 Info: *OS Name:Microsoft Windows 11 专业版
16:39:42.564 Info: *Is64BitOS:True
16:39:43.699 Info: *Cpu Name:11th Gen Intel(R) Core(TM) i5-11300H @ 3.10GHz
16:39:43.709 Info: *Memory:15.79GB
16:39:43.709 Info: *Drives:C:\,D:\
16:39:43.709 Info: ************************************
16:40:21.378 Info: *Software Version:PCM设备自动校准  Ver1.0 [20240702]
16:40:21.402 Info: *Host Name:DESKTOP-M7BML43
16:40:21.562 Info: *OS Name:Microsoft Windows 11 专业版
16:40:21.564 Info: *Is64BitOS:True
16:40:22.599 Info: *Cpu Name:11th Gen Intel(R) Core(TM) i5-11300H @ 3.10GHz
16:40:22.609 Info: *Memory:15.79GB
16:40:22.609 Info: *Drives:C:\,D:\
16:40:22.609 Info: ************************************
17:03:04.465 Info: *Software Version:PCM设备自动校准  Ver1.0 [20240702]
17:03:04.467 Info: *Host Name:DESKTOP-M7BML43
17:03:04.934 Info: *OS Name:Microsoft Windows 11 专业版
17:03:04.934 Info: *Is64BitOS:True
17:03:06.079 Info: *Cpu Name:11th Gen Intel(R) Core(TM) i5-11300H @ 3.10GHz
17:03:06.100 Info: *Memory:15.79GB
17:03:06.100 Info: *Drives:C:\,D:\
17:03:06.100 Info: ************************************
17:08:36.852 Info: *Software Version:PCM设备自动校准  Ver1.0 [20240702]
17:08:36.864 Info: *Host Name:DESKTOP-M7BML43
17:08:37.016 Info: *OS Name:Microsoft Windows 11 专业版
17:08:37.016 Info: *Is64BitOS:True
17:08:38.641 Info: *Cpu Name:11th Gen Intel(R) Core(TM) i5-11300H @ 3.10GHz
17:08:38.661 Info: *Memory:15.79GB
17:08:38.661 Info: *Drives:C:\,D:\
17:08:38.661 Info: ************************************
17:35:56.221 Info: *Software Version:PCM设备自动校准  Ver1.0 [20240702]
17:35:56.251 Info: *Host Name:DESKTOP-M7BML43
17:35:56.576 Info: *OS Name:Microsoft Windows 11 专业版
17:35:56.577 Info: *Is64BitOS:True
17:35:57.768 Info: *Cpu Name:11th Gen Intel(R) Core(TM) i5-11300H @ 3.10GHz
17:35:57.778 Info: *Memory:15.79GB
17:35:57.778 Info: *Drives:C:\,D:\
17:35:57.778 Info: ************************************
18:44:00.559 Info: *Software Version:PCM设备自动校准  Ver1.0 [20240702]
18:44:00.569 Info: *Host Name:DESKTOP-M7BML43
18:44:00.781 Info: *OS Name:Microsoft Windows 11 专业版
18:44:00.781 Info: *Is64BitOS:True
18:44:02.029 Info: *Cpu Name:11th Gen Intel(R) Core(TM) i5-11300H @ 3.10GHz
18:44:02.050 Info: *Memory:15.79GB
18:44:02.050 Info: *Drives:C:\,D:\
18:44:02.050 Info: ************************************
18:47:34.675 Info: *Software Version:PCM设备自动校准  Ver1.0 [20240702]
18:47:34.685 Info: *Host Name:DESKTOP-M7BML43
18:47:34.892 Info: *OS Name:Microsoft Windows 11 专业版
18:47:34.892 Info: *Is64BitOS:True
18:47:36.110 Info: *Cpu Name:11th Gen Intel(R) Core(TM) i5-11300H @ 3.10GHz
18:47:36.130 Info: *Memory:15.79GB
18:47:36.130 Info: *Drives:C:\,D:\
18:47:36.130 Info: ************************************
18:54:02.641 Info: *Software Version:PCM设备自动校准  Ver1.0 [20240702]
18:54:02.641 Info: *Host Name:DESKTOP-M7BML43
18:54:02.792 Info: *OS Name:Microsoft Windows 11 专业版
18:54:02.792 Info: *Is64BitOS:True
18:54:03.965 Info: *Cpu Name:11th Gen Intel(R) Core(TM) i5-11300H @ 3.10GHz
18:54:03.984 Info: *Memory:15.79GB
18:54:03.984 Info: *Drives:C:\,D:\
18:54:03.984 Info: ************************************
18:59:42.324 Info: *Software Version:PCM设备自动校准  Ver1.0 [20240702]
18:59:42.330 Info: *Host Name:DESKTOP-M7BML43
18:59:42.494 Info: *OS Name:Microsoft Windows 11 专业版
18:59:42.494 Info: *Is64BitOS:True
18:59:43.685 Info: *Cpu Name:11th Gen Intel(R) Core(TM) i5-11300H @ 3.10GHz
18:59:43.699 Info: *Memory:15.79GB
18:59:43.699 Info: *Drives:C:\,D:\
18:59:43.699 Info: ************************************
19:01:20.907 Info: *Software Version:PCM设备自动校准  Ver1.0 [20240702]
19:01:20.916 Info: *Host Name:DESKTOP-M7BML43
19:01:21.108 Info: *OS Name:Microsoft Windows 11 专业版
19:01:21.108 Info: *Is64BitOS:True
19:01:22.304 Info: *Cpu Name:11th Gen Intel(R) Core(TM) i5-11300H @ 3.10GHz
19:01:22.324 Info: *Memory:15.79GB
19:01:22.324 Info: *Drives:C:\,D:\
19:01:22.324 Info: ************************************
19:03:38.911 Info: *Software Version:PCM设备自动校准  Ver1.0 [20240702]
19:03:38.911 Info: *Host Name:DESKTOP-M7BML43
19:03:39.063 Info: *OS Name:Microsoft Windows 11 专业版
19:03:39.063 Info: *Is64BitOS:True
19:03:40.232 Info: *Cpu Name:11th Gen Intel(R) Core(TM) i5-11300H @ 3.10GHz
19:03:40.249 Info: *Memory:15.79GB
19:03:40.249 Info: *Drives:C:\,D:\
19:03:40.249 Info: ************************************
19:04:20.992 Info: *Software Version:PCM设备自动校准  Ver1.0 [20240702]
19:04:21.006 Info: *Host Name:DESKTOP-M7BML43
19:04:21.133 Info: *OS Name:Microsoft Windows 11 专业版
19:04:21.133 Info: *Is64BitOS:True
19:04:22.178 Info: *Cpu Name:11th Gen Intel(R) Core(TM) i5-11300H @ 3.10GHz
19:04:22.188 Info: *Memory:15.79GB
19:04:22.188 Info: *Drives:C:\,D:\
19:04:22.188 Info: ************************************
19:19:56.976 Info: *Software Version:PCM设备自动校准  Ver1.0 [20240702]
19:19:56.986 Info: *Host Name:DESKTOP-M7BML43
19:19:57.177 Info: *OS Name:Microsoft Windows 11 专业版
19:19:57.177 Info: *Is64BitOS:True
19:19:58.371 Info: *Cpu Name:11th Gen Intel(R) Core(TM) i5-11300H @ 3.10GHz
19:19:58.391 Info: *Memory:15.79GB
19:19:58.391 Info: *Drives:C:\,D:\
19:19:58.391 Info: ************************************
19:20:39.641 Info: *Software Version:PCM设备自动校准  Ver1.0 [20240702]
19:20:39.655 Info: *Host Name:DESKTOP-M7BML43
19:20:39.805 Info: *OS Name:Microsoft Windows 11 专业版
19:20:39.805 Info: *Is64BitOS:True
19:20:40.850 Info: *Cpu Name:11th Gen Intel(R) Core(TM) i5-11300H @ 3.10GHz
19:20:40.860 Info: *Memory:15.79GB
19:20:40.860 Info: *Drives:C:\,D:\
19:20:40.860 Info: ************************************
19:24:51.142 Info: *Software Version:PCM设备自动校准  Ver1.0 [20240702]
19:24:51.152 Info: *Host Name:DESKTOP-M7BML43
19:24:51.300 Info: *OS Name:Microsoft Windows 11 专业版
19:24:51.300 Info: *Is64BitOS:True
19:24:52.474 Info: *Cpu Name:11th Gen Intel(R) Core(TM) i5-11300H @ 3.10GHz
19:24:52.484 Info: *Memory:15.79GB
19:24:52.484 Info: *Drives:C:\,D:\
19:24:52.484 Info: ************************************
19:32:12.415 Info: *Software Version:PCM设备自动校准  Ver1.0 [20240702]
19:32:12.424 Info: *Host Name:DESKTOP-M7BML43
19:32:12.648 Info: *OS Name:Microsoft Windows 11 专业版
19:32:12.649 Info: *Is64BitOS:True
19:32:13.810 Info: *Cpu Name:11th Gen Intel(R) Core(TM) i5-11300H @ 3.10GHz
19:32:13.829 Info: *Memory:15.79GB
19:32:13.829 Info: *Drives:C:\,D:\
19:32:13.829 Info: ************************************
19:33:38.003 Info: *Software Version:PCM设备自动校准  Ver1.0 [20240702]
19:33:38.003 Info: *Host Name:DESKTOP-M7BML43
19:33:38.133 Info: *OS Name:Microsoft Windows 11 专业版
19:33:38.133 Info: *Is64BitOS:True
19:33:39.173 Info: *Cpu Name:11th Gen Intel(R) Core(TM) i5-11300H @ 3.10GHz
19:33:39.183 Info: *Memory:15.79GB
19:33:39.183 Info: *Drives:C:\,D:\
19:33:39.183 Info: ************************************
19:36:09.331 Info: *Software Version:PCM设备自动校准  Ver1.0 [20240702]
19:36:09.331 Info: *Host Name:DESKTOP-M7BML43
19:36:09.486 Info: *OS Name:Microsoft Windows 11 专业版
19:36:09.486 Info: *Is64BitOS:True
19:36:10.665 Info: *Cpu Name:11th Gen Intel(R) Core(TM) i5-11300H @ 3.10GHz
19:36:10.675 Info: *Memory:15.79GB
19:36:10.675 Info: *Drives:C:\,D:\
19:36:10.675 Info: ************************************
19:38:31.965 Info: *Software Version:PCM设备自动校准  Ver1.0 [20240702]
19:38:31.971 Info: *Host Name:DESKTOP-M7BML43
19:38:32.133 Info: *OS Name:Microsoft Windows 11 专业版
19:38:32.133 Info: *Is64BitOS:True
19:38:33.291 Info: *Cpu Name:11th Gen Intel(R) Core(TM) i5-11300H @ 3.10GHz
19:38:33.308 Info: *Memory:15.79GB
19:38:33.308 Info: *Drives:C:\,D:\
19:38:33.308 Info: ************************************
19:40:03.375 Info: *Software Version:PCM设备自动校准  Ver1.0 [20240702]
19:40:03.385 Info: *Host Name:DESKTOP-M7BML43
19:40:03.606 Info: *OS Name:Microsoft Windows 11 专业版
19:40:03.606 Info: *Is64BitOS:True
19:40:04.819 Info: *Cpu Name:11th Gen Intel(R) Core(TM) i5-11300H @ 3.10GHz
19:40:04.829 Info: *Memory:15.79GB
19:40:04.829 Info: *Drives:C:\,D:\
19:40:04.829 Info: ************************************
19:43:47.407 Info: *Software Version:PCM设备自动校准  Ver1.0 [20240702]
19:43:47.407 Info: *Host Name:DESKTOP-M7BML43
19:43:47.549 Info: *OS Name:Microsoft Windows 11 专业版
19:43:47.549 Info: *Is64BitOS:True
19:43:48.671 Info: *Cpu Name:11th Gen Intel(R) Core(TM) i5-11300H @ 3.10GHz
19:43:48.692 Info: *Memory:15.79GB
19:43:48.692 Info: *Drives:C:\,D:\
19:43:48.692 Info: ************************************
19:46:58.947 Info: *Software Version:PCM设备自动校准  Ver1.0 [20240702]
19:46:58.947 Info: *Host Name:DESKTOP-M7BML43
19:46:59.123 Info: *OS Name:Microsoft Windows 11 专业版
19:46:59.123 Info: *Is64BitOS:True
19:47:00.323 Info: *Cpu Name:11th Gen Intel(R) Core(TM) i5-11300H @ 3.10GHz
19:47:00.343 Info: *Memory:15.79GB
19:47:00.343 Info: *Drives:C:\,D:\
19:47:00.343 Info: ************************************
