09:28:50.225 Info: *Software Version:BAT525系列设备自动校准  Ver1.0 [20241008]
09:28:50.230 Info: *Host Name:DESKTOP-NMLHP53
09:28:50.401 Info: *OS Name:Microsoft Windows 10 专业版
09:28:50.401 Info: *Is64BitOS:True
09:28:51.598 Info: *Cpu Name:Intel(R) Core(TM) i5-10500 CPU @ 3.10GHz
09:28:51.615 Info: *Memory:7.75GB
09:28:51.616 Info: *Drives:C:\,D:\,E:\,F:\
09:28:51.616 Info: ************************************
13:52:04.279 Info: *Software Version:BAT525系列设备自动校准  Ver1.0 [20241008]
13:52:04.285 Info: *Host Name:DESKTOP-NMLHP53
13:52:04.588 Info: *OS Name:Microsoft Windows 10 专业版
13:52:04.589 Info: *Is64BitOS:True
13:52:05.917 Info: *Cpu Name:Intel(R) Core(TM) i5-10500 CPU @ 3.10GHz
13:52:05.958 Info: *Memory:7.75GB
13:52:05.959 Info: *Drives:C:\,D:\,E:\,F:\
13:52:05.959 Info: ************************************
13:52:48.531 Info: *Software Version:BAT525系列设备自动校准  Ver1.0 [20241008]
13:52:48.536 Info: *Host Name:DESKTOP-NMLHP53
13:52:48.855 Info: *OS Name:Microsoft Windows 10 专业版
13:52:48.855 Info: *Is64BitOS:True
13:52:49.900 Info: *Cpu Name:Intel(R) Core(TM) i5-10500 CPU @ 3.10GHz
13:52:49.913 Info: *Memory:7.75GB
13:52:49.913 Info: *Drives:C:\,D:\,E:\,F:\
13:52:49.913 Info: ************************************
