20:56:47.036 Info: *Software Version:PCM设备自动校准  Ver1.0 [20240702]
20:56:47.044 Info: *Host Name:DESKTOP-E4TJHN9
20:56:47.157 Info: *OS Name:Microsoft Windows 10 专业版
20:56:47.157 Info: *Is64BitOS:True
20:56:48.174 Info: *Cpu Name:12th Gen Intel(R) Core(TM) i5-12400
20:56:48.183 Info: *Memory:15.75GB
20:56:48.183 Info: *Drives:C:\,D:\,E:\,F:\,G:\,H:\,I:\,J:\
20:56:48.183 Info: ************************************
20:56:58.917 Info: 连接: COM20-115200-8-Parity.None-StopsBits.One
20:56:59.126 Info: **W=>: C2 CC 80 0B 00 00 E6 
20:56:59.341 Info: **R=>: C2 CC 80 0E 42 41 54 35 32 30 43 20 4C 6F 61 64 20 42 6F 61 72 64 20 56 65 72 20 45 30 33 
20:56:59.342 Info: **W=>: CF CC 08 70 FE 00 00 EE 
20:56:59.554 Info: **R=>: CF CC 08 70 FE 00 00 EE 
20:56:59.557 Info: --------Cell电流开始校准----------
20:56:59.564 Info: **W=>: C1 CC 70 03 00 00 FF 
20:56:59.773 Info: **R=>: C1 CC 70 03 00 00 FF 
20:56:59.773 Info: **W=>: C1 CC 60 0F 00 00 03 
20:56:59.974 Info: **R=>: C1 CC 60 0F 00 00 03 
20:56:59.974 Info: **W=>: C1 CC 60 0E 00 00 04 
20:57:00.190 Info: **R=>: C1 CC 60 0E 00 00 04 
20:57:00.190 Info: **W=>: C1 CC 70 03 01 00 FE 
20:57:00.405 Info: **R=>: C1 CC 70 03 01 00 FE 
20:57:00.405 Info: **W=>: C1 CC 60 10 01 00 01 
20:57:00.607 Info: **R=>: C1 CC 60 10 01 00 01 
20:57:00.607 Info: **W=>: C1 CC 60 11 01 00 00 
20:57:00.811 Info: **R=>: C1 CC 60 11 01 00 00 
20:57:00.812 Info: **W=>: CF CC 08 70 18 01 00 D3 
20:57:01.014 Info: **R=>: CF CC 08 70 18 01 00 D3 
20:57:01.327 Info: **W=>: C2 CC 70 05 01 00 FB 
20:57:01.532 Info: **R=>: C2 CC 70 05 01 00 FB 
20:57:01.533 Info: **W=>: C1 CC 60 08 77 00 93 
20:57:01.735 Info: **R=>: C1 CC 60 08 77 00 93 
20:57:10.074 Info: **W=>: C1 CC 60 08 76 00 94 
20:57:10.277 Info: **R=>: C1 CC 60 08 76 00 94 
20:57:19.209 Info: **W=>: C2 CC 70 05 01 00 FB 
20:57:19.423 Info: **R=>: C2 CC 70 05 01 00 FB 
20:57:19.423 Info: **W=>: C1 CC 60 08 2E 00 DC 
20:57:19.626 Info: **R=>: C1 CC 60 08 2E 00 DC 
20:57:22.838 Info: **W=>: C1 CC 60 08 2D 00 DD 
20:57:23.049 Info: **R=>: C1 CC 60 08 2D 00 DD 
20:57:23.690 Info: **W=>: C1 CC 60 08 2C 00 DE 
20:57:23.903 Info: **R=>: C1 CC 60 08 2C 00 DE 
20:57:24.547 Info: **W=>: C1 CC 60 08 2B 00 DF 
20:57:24.749 Info: **R=>: C1 CC 60 08 2B 00 DF 
20:57:25.366 Info: **W=>: C1 CC 60 08 2A 00 E0 
20:57:25.577 Info: **R=>: C1 CC 60 08 2A 00 E0 
20:57:26.194 Info: **W=>: C1 CC 60 08 29 00 E1 
20:57:26.403 Info: **R=>: C1 CC 60 08 29 00 E1 
20:57:27.019 Info: **W=>: C1 CC 60 08 28 00 E2 
20:57:27.227 Info: **R=>: C1 CC 60 08 28 00 E2 
20:57:27.843 Info: **W=>: C1 CC 60 08 27 00 E3 
20:57:28.054 Info: **R=>: C1 CC 60 08 27 00 E3 
20:57:28.669 Info: **W=>: C1 CC 60 08 26 00 E4 
20:57:28.871 Info: **R=>: C1 CC 60 08 26 00 E4 
20:57:29.485 Info: **W=>: C1 CC 60 08 25 00 E5 
20:57:29.697 Info: **R=>: C1 CC 60 08 25 00 E5 
20:57:30.310 Info: **W=>: C1 CC 60 08 24 00 E6 
20:57:30.522 Info: **R=>: C1 CC 60 08 24 00 E6 
20:57:31.137 Info: **W=>: C1 CC 60 08 23 00 E7 
20:57:31.351 Info: **R=>: C1 CC 60 08 23 00 E7 
20:57:31.969 Info: **W=>: C1 CC 60 08 22 00 E8 
20:57:32.177 Info: **R=>: C1 CC 60 08 22 00 E8 
20:57:32.791 Info: **W=>: C1 CC 60 08 21 00 E9 
20:57:33.006 Info: **R=>: C1 CC 60 08 21 00 E9 
20:57:33.622 Info: **W=>: C1 CC 60 08 20 00 EA 
20:57:33.837 Info: **R=>: C1 CC 60 08 20 00 EA 
20:57:42.699 Info: **W=>: C1 CC 60 08 1F 00 EB 
20:57:42.911 Info: **R=>: C1 CC 60 08 1F 00 EB 
21:01:08.035 Info: *Software Version:PCM设备自动校准  Ver1.0 [20240702]
21:01:08.044 Info: *Host Name:DESKTOP-E4TJHN9
21:01:08.172 Info: *OS Name:Microsoft Windows 10 专业版
21:01:08.173 Info: *Is64BitOS:True
21:01:09.193 Info: *Cpu Name:12th Gen Intel(R) Core(TM) i5-12400
21:01:09.202 Info: *Memory:15.75GB
21:01:09.203 Info: *Drives:C:\,D:\,E:\,F:\,G:\,H:\,I:\,J:\
21:01:09.203 Info: ************************************
21:01:20.749 Info: 连接: COM20-115200-8-Parity.None-StopsBits.One
21:01:20.923 Info: **W=>: C2 CC 80 0B 00 00 E6 
21:01:21.166 Info: **R=>: C2 CC 80 0E 42 41 54 35 32 30 43 20 4C 6F 61 64 20 42 6F 61 72 64 20 56 65 72 20 45 30 33 
21:01:21.167 Info: **W=>: CF CC 08 70 FE 00 00 EE 
21:01:21.369 Info: **R=>: CF CC 08 70 FE 00 00 EE 
21:01:21.373 Info: --------Cell电流开始校准----------
21:01:21.383 Info: **W=>: C1 CC 70 03 00 00 FF 
21:01:21.587 Info: **R=>: C1 CC 70 03 00 00 FF 
21:01:21.587 Info: **W=>: C1 CC 60 0F 00 00 03 
21:01:21.802 Info: **R=>: C1 CC 60 0F 00 00 03 
21:01:21.802 Info: **W=>: C1 CC 60 0E 00 00 04 
21:01:22.005 Info: **R=>: C1 CC 60 0E 00 00 04 
21:01:22.005 Info: **W=>: C1 CC 70 03 01 00 FE 
21:01:22.208 Info: **R=>: C1 CC 70 03 01 00 FE 
21:01:22.208 Info: **W=>: C1 CC 60 10 01 00 01 
21:01:22.424 Info: **R=>: C1 CC 60 10 01 00 01 
21:01:22.424 Info: **W=>: C1 CC 60 11 01 00 00 
21:01:22.626 Info: **R=>: C1 CC 60 11 01 00 00 
21:01:22.627 Info: **W=>: CF CC 08 70 18 01 00 D3 
21:01:22.829 Info: **R=>: CF CC 08 70 18 01 00 D3 
21:01:23.156 Info: **W=>: C2 CC 70 05 01 00 FB 
21:01:23.358 Info: **R=>: C2 CC 70 05 01 00 FB 
21:01:23.358 Info: **W=>: C1 CC 60 08 77 00 93 
21:01:23.559 Info: **R=>: C1 CC 60 08 77 00 93 
21:01:24.176 Info: **W=>: C1 CC 60 08 78 00 92 
21:01:24.384 Info: **R=>: C1 CC 60 08 78 00 92 
21:01:25.001 Info: **W=>: C1 CC 60 08 79 00 91 
21:01:25.212 Info: **R=>: C1 CC 60 08 79 00 91 
21:01:25.843 Info: **W=>: C1 CC 60 08 7A 00 90 
21:01:26.054 Info: **R=>: C1 CC 60 08 7A 00 90 
21:01:26.670 Info: **W=>: C1 CC 60 08 7B 00 8F 
21:01:26.880 Info: **R=>: C1 CC 60 08 7B 00 8F 
21:01:27.495 Info: **W=>: C1 CC 60 08 7C 00 8E 
21:01:27.707 Info: **R=>: C1 CC 60 08 7C 00 8E 
21:01:28.320 Info: **W=>: C1 CC 60 08 7D 00 8D 
21:01:28.534 Info: **R=>: C1 CC 60 08 7D 00 8D 
21:01:29.147 Info: **W=>: C1 CC 60 08 7E 00 8C 
21:01:29.360 Info: **R=>: C1 CC 60 08 7E 00 8C 
21:01:29.981 Info: **W=>: C1 CC 60 08 7F 00 8B 
21:01:30.191 Info: **R=>: C1 CC 60 08 7F 00 8B 
21:01:30.806 Info: **W=>: C1 CC 60 08 80 00 8A 
21:01:31.012 Info: **R=>: C1 CC 60 08 80 00 8A 
21:01:31.627 Info: **W=>: C1 CC 60 08 81 00 89 
21:01:31.839 Info: **R=>: C1 CC 60 08 81 00 89 
21:01:32.456 Info: **W=>: C1 CC 60 08 82 00 88 
21:01:32.668 Info: **R=>: C1 CC 60 08 82 00 88 
21:01:33.284 Info: **W=>: C1 CC 60 08 83 00 87 
21:01:33.495 Info: **R=>: C1 CC 60 08 83 00 87 
21:01:34.109 Info: **W=>: C1 CC 60 08 84 00 86 
21:01:34.319 Info: **R=>: C1 CC 60 08 84 00 86 
21:01:34.934 Info: **W=>: C1 CC 60 08 83 00 87 
21:01:35.146 Info: **R=>: C1 CC 60 08 83 00 87 
21:01:35.761 Info: **W=>: C1 CC 60 08 82 00 88 
21:01:35.970 Info: **R=>: C1 CC 60 08 82 00 88 
21:01:36.585 Info: **W=>: C1 CC 60 08 83 00 87 
21:01:36.797 Info: **R=>: C1 CC 60 08 83 00 87 
21:01:37.424 Info: **W=>: C1 CC 60 08 84 00 86 
21:01:37.634 Info: **R=>: C1 CC 60 08 84 00 86 
21:01:38.251 Info: **W=>: C1 CC 53 45 84 00 56 
21:01:38.460 Info: **R=>: C1 CC 53 45 84 00 56 
21:01:38.523 Info: **W=>: C1 CC 60 0A 00 00 08 
21:01:38.743 Info: **R=>: C1 CC 60 0A 00 00 00 08 
21:01:38.744 Info: **W=>: C1 CC 55 5B 00 00 00 C2 
21:01:38.946 Info: **R=>: C1 CC 55 5B 00 00 00 C2 
21:01:38.970 Info: **W=>: C1 CC 60 09 FA 00 0F 
21:01:39.181 Info: **R=>: C1 CC 60 09 FA 00 0F 
21:01:39.800 Info: **W=>: C1 CC 60 09 FE 00 0B 
21:01:40.010 Info: **R=>: C1 CC 60 09 FE 00 0B 
21:01:40.625 Info: **W=>: C1 CC 53 47 FE 00 DA 
21:01:40.836 Info: **R=>: C1 CC 53 47 FE 00 DA 
21:01:40.898 Info: **W=>: C1 CC 60 0A 00 00 08 
21:01:41.115 Info: **R=>: C1 CC 60 0A DA 06 00 28 
21:01:41.115 Info: **W=>: C1 CC 55 5E DA 06 00 DF 
21:01:41.319 Info: **R=>: C1 CC 55 5E DA 06 00 DF 
21:01:41.321 Info: **W=>: C1 CC 60 09 F3 03 13 
21:01:41.524 Info: **R=>: C1 CC 60 09 F3 03 13 
21:01:42.161 Info: **W=>: C1 CC 60 09 F6 03 10 
21:01:42.363 Info: **R=>: C1 CC 60 09 F6 03 10 
21:01:42.994 Info: **W=>: C1 CC 53 49 F6 03 DD 
21:01:43.201 Info: **R=>: C1 CC 53 49 F6 03 DD 
21:01:43.263 Info: **W=>: C1 CC 60 0A 00 00 08 
21:01:43.479 Info: **R=>: C1 CC 60 0A 87 1C 00 65 
21:01:43.479 Info: **W=>: C1 CC 55 61 87 1C 00 19 
21:01:43.683 Info: **R=>: C1 CC 55 61 87 1C 00 19 
21:01:43.687 Info: **W=>: C1 CC 60 09 E5 09 1B 
21:01:43.901 Info: **R=>: C1 CC 60 09 E5 09 1B 
21:01:44.534 Info: **W=>: C1 CC 60 09 E8 09 18 
21:01:44.741 Info: **R=>: C1 CC 60 09 E8 09 18 
21:01:45.364 Info: **W=>: C1 CC 53 4B E8 09 E3 
21:01:45.569 Info: **R=>: C1 CC 53 4B E8 09 E3 
21:01:45.632 Info: **W=>: C1 CC 60 0A 00 00 08 
21:01:45.851 Info: **R=>: C1 CC 60 0A F2 47 00 CF 
21:01:45.851 Info: **W=>: C1 CC 55 64 F2 47 00 80 
21:01:46.053 Info: **R=>: C1 CC 55 64 F2 47 00 80 
21:01:46.058 Info: **W=>: C1 CC 60 09 CB 13 2B 
21:01:46.271 Info: **R=>: C1 CC 60 09 CB 13 2B 
21:01:46.900 Info: **W=>: C1 CC 60 09 CE 13 28 
21:01:47.116 Info: **R=>: C1 CC 60 09 CE 13 28 
21:01:47.732 Info: **W=>: C1 CC 53 4D CE 13 F1 
21:01:47.943 Info: **R=>: C1 CC 53 4D CE 13 F1 
21:01:48.007 Info: **W=>: C1 CC 60 0A 00 00 08 
21:01:48.225 Info: **R=>: C1 CC 60 0A 41 90 00 37 
21:01:48.225 Info: **W=>: C1 CC 55 67 41 90 00 E5 
21:01:48.427 Info: **R=>: C1 CC 55 67 41 90 00 E5 
21:01:48.427 Info: **W=>: C1 CC 60 09 19 27 C9 
21:01:48.628 Info: **R=>: C1 CC 60 09 19 27 C9 
21:01:49.268 Info: **W=>: C1 CC 60 09 99 27 49 
21:01:49.484 Info: **R=>: C1 CC 60 09 99 27 49 
21:01:50.098 Info: **W=>: C1 CC 60 09 94 27 4E 
21:01:50.310 Info: **R=>: C1 CC 60 09 94 27 4E 
21:01:50.926 Info: **W=>: C1 CC 53 4F 94 27 15 
21:01:51.136 Info: **R=>: C1 CC 53 4F 94 27 15 
21:01:51.200 Info: **W=>: C1 CC 60 0A 00 00 08 
21:01:51.420 Info: **R=>: C1 CC 60 0A F1 20 01 F6 
21:01:51.420 Info: **W=>: C1 CC 55 6A F1 20 01 A1 
21:01:51.627 Info: **R=>: C1 CC 55 6A F1 20 01 A1 
21:01:51.630 Info: **W=>: C1 CC 60 09 3C 4F 7E 
21:01:51.845 Info: **R=>: C1 CC 60 09 3C 4F 7E 
21:01:52.527 Info: **W=>: C1 CC 53 51 3C 4F 43 
21:01:52.734 Info: **R=>: C1 CC 53 51 3C 4F 43 
21:01:52.795 Info: **W=>: C1 CC 60 0A 00 00 08 
21:01:53.015 Info: **R=>: C1 CC 60 0A 36 42 02 8E 
21:01:53.015 Info: **W=>: C1 CC 55 6D 36 42 02 36 
21:01:53.216 Info: **R=>: C1 CC 55 6D 36 42 02 36 
21:01:53.225 Info: **W=>: C1 CC 60 09 B5 76 DE 
21:01:53.433 Info: **R=>: C1 CC 60 09 B5 76 DE 
21:01:54.049 Info: **W=>: C1 CC 53 53 B5 76 A1 
21:01:54.259 Info: **R=>: C1 CC 53 53 B5 76 A1 
21:01:54.321 Info: **W=>: C1 CC 60 0A 00 00 08 
21:01:54.540 Info: **R=>: C1 CC 60 0A 8D 63 03 15 
21:01:54.540 Info: **W=>: C1 CC 55 70 8D 63 03 BA 
21:01:54.743 Info: **R=>: C1 CC 55 70 8D 63 03 BA 
21:01:54.744 Info: **W=>: C1 CC 60 09 50 9E 1B 
21:01:54.948 Info: **R=>: C1 CC 60 09 50 9E 1B 
21:01:55.564 Info: **W=>: C1 CC 53 55 50 9E DC 
21:01:55.776 Info: **R=>: C1 CC 53 55 50 9E DC 
21:01:55.839 Info: **W=>: C1 CC 60 0A 00 00 08 
21:01:56.055 Info: **R=>: C1 CC 60 0A E7 84 04 99 
21:01:56.055 Info: **W=>: C1 CC 55 73 E7 84 04 3B 
21:01:56.256 Info: **R=>: C1 CC 55 73 E7 84 04 3B 
21:01:56.259 Info: **W=>: CF CC 08 70 04 01 00 E7 
21:01:56.460 Info: **R=>: CF CC 08 70 04 01 00 E7 
21:01:56.460 Info: **W=>: C1 CC 60 09 F1 C5 53 
21:01:56.665 Info: **R=>: C1 CC 60 09 F1 C5 53 
21:01:57.282 Info: **W=>: C1 CC 60 09 ED C5 57 
21:01:57.496 Info: **R=>: C1 CC 60 09 ED C5 57 
21:01:58.112 Info: **W=>: C1 CC 53 57 ED C5 16 
21:01:58.322 Info: **R=>: C1 CC 53 57 ED C5 16 
21:01:58.385 Info: **W=>: C1 CC 60 0A 00 00 08 
21:01:58.604 Info: **R=>: C1 CC 60 0A 1C A6 05 41 
21:01:58.604 Info: **W=>: C1 CC 55 76 1C A6 05 E0 
21:01:58.805 Info: **R=>: C1 CC 55 76 1C A6 05 E0 
21:01:58.807 Info: **W=>: CF CC 08 70 04 01 00 E7 
21:01:59.008 Info: **R=>: CF CC 08 70 04 01 00 E7 
21:01:59.008 Info: **W=>: C1 CC 60 09 8D ED 8F 
21:01:59.210 Info: **R=>: C1 CC 60 09 8D ED 8F 
21:01:59.825 Info: **W=>: C1 CC 60 09 86 ED 96 
21:02:00.036 Info: **R=>: C1 CC 60 09 86 ED 96 
21:02:00.652 Info: **W=>: C1 CC 53 59 86 ED 53 
21:02:00.863 Info: **R=>: C1 CC 53 59 86 ED 53 
21:02:00.925 Info: **W=>: C1 CC 60 0A 00 00 08 
21:02:01.144 Info: **R=>: C1 CC 60 0A 60 C7 06 DB 
21:02:01.144 Info: **W=>: C1 CC 55 79 60 C7 06 77 
21:02:01.346 Info: **R=>: C1 CC 55 79 60 C7 06 77 
21:02:01.360 Info: **W=>: C1 CC 80 32 00 00 C0 
21:02:01.564 Info: **R=>: C1 CC 80 32 00 00 C0 
21:02:01.564 Info: **W=>: C1 CC 80 33 00 00 BF 
21:02:01.767 Info: **R=>: C1 CC 80 33 00 FF C0 
21:02:01.768 Info: **W=>: C1 CC 70 02 E0 2E F2 
21:02:01.973 Info: **R=>: C1 CC 70 02 E0 2E F2 
21:02:02.495 Info: **W=>: C1 CC 80 02 00 00 F0 
21:02:02.723 Info: **R=>: C1 CC 80 02 C0 D4 01 5B 
21:02:02.727 Info: **W=>: C1 CC 70 02 10 27 C9 
21:02:02.928 Info: **R=>: C1 CC 70 02 10 27 C9 
21:02:03.448 Info: **W=>: C1 CC 80 02 00 00 F0 
21:02:03.675 Info: **R=>: C1 CC 80 02 9F 86 01 CA 
21:02:03.680 Info: **W=>: CF CC 08 70 04 00 00 E8 
21:02:03.896 Info: **R=>: CF CC 08 70 04 00 00 E8 
21:02:03.896 Info: **W=>: C1 CC 70 02 40 1F A1 
21:02:04.101 Info: **R=>: C1 CC 70 02 40 1F A1 
21:02:04.621 Info: **W=>: C1 CC 80 02 00 00 F0 
21:02:04.848 Info: **R=>: C1 CC 80 02 7F 38 01 38 
21:02:04.854 Info: **W=>: CF CC 08 70 04 00 00 E8 
21:02:05.067 Info: **R=>: CF CC 08 70 04 00 00 E8 
21:02:05.067 Info: **W=>: C1 CC 70 02 70 17 79 
21:02:05.269 Info: **R=>: C1 CC 70 02 70 17 79 
21:02:05.799 Info: **W=>: C1 CC 80 02 00 00 F0 
21:02:06.016 Info: **R=>: C1 CC 80 02 5F EA 00 A7 
21:02:06.022 Info: **W=>: CF CC 08 70 04 00 00 E8 
21:02:06.234 Info: **R=>: CF CC 08 70 04 00 00 E8 
21:02:06.234 Info: **W=>: C1 CC 70 02 A0 0F 51 
21:02:06.435 Info: **R=>: C1 CC 70 02 A0 0F 51 
21:02:06.956 Info: **W=>: C1 CC 80 02 00 00 F0 
21:02:07.183 Info: **R=>: C1 CC 80 02 3F 9C 00 15 
21:02:07.188 Info: **W=>: CF CC 08 70 04 00 00 E8 
21:02:07.402 Info: **R=>: CF CC 08 70 04 00 00 E8 
21:02:07.402 Info: **W=>: C1 CC 70 02 D0 07 29 
21:02:07.605 Info: **R=>: C1 CC 70 02 D0 07 29 
21:02:08.138 Info: **W=>: C1 CC 80 02 00 00 F0 
21:02:08.357 Info: **R=>: C1 CC 80 02 1F 4E 00 83 
21:02:08.362 Info: **W=>: CF CC 08 70 04 00 00 E8 
21:02:08.573 Info: **R=>: CF CC 08 70 04 00 00 E8 
21:02:08.573 Info: **W=>: C1 CC 70 02 E8 03 15 
21:02:08.775 Info: **R=>: C1 CC 70 02 E8 03 15 
21:02:09.294 Info: **W=>: C1 CC 80 02 00 00 F0 
21:02:09.521 Info: **R=>: C1 CC 80 02 0F 27 00 BA 
21:02:09.529 Info: **W=>: CF CC 08 70 04 00 00 E8 
21:02:09.738 Info: **R=>: CF CC 08 70 04 00 00 E8 
21:02:09.738 Info: **W=>: C1 CC 70 02 F4 01 0B 
21:02:09.942 Info: **R=>: C1 CC 70 02 F4 01 0B 
21:02:10.477 Info: **W=>: C1 CC 80 02 00 00 F0 
21:02:10.689 Info: **R=>: C1 CC 80 02 87 13 00 56 
21:02:10.692 Info: **W=>: CF CC 08 70 04 00 00 E8 
21:02:10.907 Info: **R=>: CF CC 08 70 04 00 00 E8 
21:02:10.907 Info: **W=>: C1 CC 70 02 C8 00 38 
21:02:11.108 Info: **R=>: C1 CC 70 02 C8 00 38 
21:02:11.629 Info: **W=>: C1 CC 80 02 00 00 F0 
21:02:11.857 Info: **R=>: C1 CC 80 02 D0 07 00 19 
21:02:11.863 Info: **W=>: CF CC 08 70 04 00 00 E8 
21:02:12.076 Info: **R=>: CF CC 08 70 04 00 00 E8 
21:02:12.076 Info: **W=>: C1 CC 70 02 32 00 CE 
21:02:12.279 Info: **R=>: C1 CC 70 02 32 00 CE 
21:02:12.805 Info: **W=>: C1 CC 80 02 00 00 F0 
21:02:13.023 Info: **R=>: C1 CC 80 02 F3 01 00 FC 
21:02:13.026 Info: **W=>: CF CC 08 70 04 00 00 E8 
21:02:13.240 Info: **R=>: CF CC 08 70 04 00 00 E8 
21:02:13.240 Info: **W=>: C1 CC 70 02 00 00 00 
21:02:13.442 Info: **R=>: C1 CC 70 02 00 00 00 
21:02:13.964 Info: **W=>: C1 CC 80 02 00 00 F0 
21:02:14.194 Info: **R=>: C1 CC 80 02 00 00 00 F0 
21:02:14.203 Info: **W=>: C1 CC 70 03 00 00 FF 
21:02:14.411 Info: **R=>: C1 CC 70 03 00 00 FF 
21:02:14.411 Info: **W=>: C1 CC 60 09 00 00 09 
21:02:14.614 Info: **R=>: C1 CC 60 09 00 00 09 
21:02:14.615 Info: **W=>: C1 CC 60 06 00 00 0C 
21:02:14.829 Info: **R=>: C1 CC 60 06 00 00 0C 
21:02:14.829 Info: **W=>: CF CC 08 70 FE 00 00 EE 
21:02:15.033 Info: **R=>: CF CC 08 70 FE 00 00 EE 
21:02:15.035 Info: Cell电流校准结果：Cell电流校准_OK
21:02:15.036 Info: --------Cell电流结束校准----------
21:02:15.086 Info: 断开连接*****************
